#
# A fatal error has been detected by the Java Runtime Environment:
#
#  EXCEPTION_ACCESS_VIOLATION (0xc0000005) at pc=0x00007fff3099ce8d, pid=3960, tid=8860
#
# JRE version: Java(TM) SE Runtime Environment (14.0.1+7) (build 14.0.1+7)
# Java VM: Java HotSpot(TM) 64-Bit Server VM (14.0.1+7, mixed mode, sharing, tiered, compressed oops, g1 gc, windows-amd64)
# Problematic frame:
# C  [libtesseract411.dll+0xace8d]
#
# No core dump will be written. Minidumps are not enabled by default on client versions of Windows
#
# If you would like to submit a bug report, please visit:
#   https://bugreport.java.com/bugreport/crash.jsp
# The crash happened outside the Java Virtual Machine in native code.
# See problematic frame for where to report the bug.
#

---------------  S U M M A R Y ------------

Command Line: --add-opens=java.base/java.lang=ALL-UNNAMED --add-opens=java.base/java.io=ALL-UNNAMED --add-opens=java.rmi/sun.rmi.transport=ALL-UNNAMED -Djava.util.logging.config.file=C:\Users\danie\AppData\Local\JetBrains\IntelliJIdea2020.1\tomcat\Tomcat_9_0_39_SL-P3-MSDOS-WEB\conf\logging.properties -Djava.util.logging.manager=org.apache.juli.ClassLoaderLogManager -Dcom.sun.management.jmxremote= -Dcom.sun.management.jmxremote.port=1099 -Dcom.sun.management.jmxremote.ssl=false -Dcom.sun.management.jmxremote.password.file=C:\Users\danie\AppData\Local\JetBrains\IntelliJIdea2020.1\tomcat\Tomcat_9_0_39_SL-P3-MSDOS-WEB\jmxremote.password -Dcom.sun.management.jmxremote.access.file=C:\Users\danie\AppData\Local\JetBrains\IntelliJIdea2020.1\tomcat\Tomcat_9_0_39_SL-P3-MSDOS-WEB\jmxremote.access -Djava.rmi.server.hostname=127.0.0.1 -Djdk.tls.ephemeralDHKeySize=2048 -Djava.protocol.handler.pkgs=org.apache.catalina.webresources -Dignore.endorsed.dirs= -Dcatalina.base=C:\Users\danie\AppData\Local\JetBrains\IntelliJIdea2020.1\tomcat\Tomcat_9_0_39_SL-P3-MSDOS-WEB -Dcatalina.home=C:\tomcat -Djava.io.tmpdir=C:\tomcat\temp org.apache.catalina.startup.Bootstrap start

Host: Intel(R) Core(TM) i3-6006U CPU @ 2.00GHz, 4 cores, 7G,  Windows 10 , 64 bit Build 19041 (10.0.19041.546)
Time: Wed Nov  4 03:17:09 2020 Hora estándar romance elapsed time: 16 seconds (0d 0h 0m 16s)

---------------  T H R E A D  ---------------

Current thread (0x0000021162040000):  JavaThread "http-nio-8080-exec-1" daemon [_thread_in_native, id=8860, stack(0x000000c2c0100000,0x000000c2c0200000)]

Stack: [0x000000c2c0100000,0x000000c2c0200000],  sp=0x000000c2c01fd5a0,  free space=1013k
Native frames: (J=compiled Java code, j=interpreted, Vv=VM code, C=native code)
C  [libtesseract411.dll+0xace8d]

Java frames: (J=compiled Java code, j=interpreted, Vv=VM code)
j  net.sourceforge.tess4j.TessAPI1.TessBaseAPIGetUTF8Text(Lnet/sourceforge/tess4j/ITessAPI$TessBaseAPI;)Lcom/sun/jna/Pointer;+0
j  net.sourceforge.tess4j.Tesseract1.getOCRText(Ljava/lang/String;I)Ljava/lang/String;+223
j  net.sourceforge.tess4j.Tesseract1.doOCR(Ljava/util/List;Ljava/lang/String;Ljava/awt/Rectangle;)Ljava/lang/String;+69
j  net.sourceforge.tess4j.Tesseract1.doOCR(Ljava/util/List;Ljava/awt/Rectangle;)Ljava/lang/String;+4
j  net.sourceforge.tess4j.Tesseract1.doOCR(Ljava/awt/image/BufferedImage;Ljava/awt/Rectangle;)Ljava/lang/String;+6
j  net.sourceforge.tess4j.Tesseract1.doOCR(Ljava/awt/image/BufferedImage;)Ljava/lang/String;+3
j  controller.DOSWrapper.doScreensCapture()Ljava/lang/String;+28
j  controller.DOSWrapper.getGames()Ljava/util/List;+22
j  dao.GetAllGames.doPost(Ljavax/servlet/http/HttpServletRequest;Ljavax/servlet/http/HttpServletResponse;)V+36
j  javax.servlet.http.HttpServlet.service(Ljavax/servlet/http/HttpServletRequest;Ljavax/servlet/http/HttpServletResponse;)V+149
j  javax.servlet.http.HttpServlet.service(Ljavax/servlet/ServletRequest;Ljavax/servlet/ServletResponse;)V+36
j  org.apache.catalina.core.ApplicationFilterChain.internalDoFilter(Ljavax/servlet/ServletRequest;Ljavax/servlet/ServletResponse;)V+304
j  org.apache.catalina.core.ApplicationFilterChain.doFilter(Ljavax/servlet/ServletRequest;Ljavax/servlet/ServletResponse;)V+101
j  org.apache.tomcat.websocket.server.WsFilter.doFilter(Ljavax/servlet/ServletRequest;Ljavax/servlet/ServletResponse;Ljavax/servlet/FilterChain;)V+21
j  org.apache.catalina.core.ApplicationFilterChain.internalDoFilter(Ljavax/servlet/ServletRequest;Ljavax/servlet/ServletResponse;)V+135
j  org.apache.catalina.core.ApplicationFilterChain.doFilter(Ljavax/servlet/ServletRequest;Ljavax/servlet/ServletResponse;)V+101
j  org.apache.catalina.core.StandardWrapperValve.invoke(Lorg/apache/catalina/connector/Request;Lorg/apache/catalina/connector/Response;)V+694
j  org.apache.catalina.core.StandardContextValve.invoke(Lorg/apache/catalina/connector/Request;Lorg/apache/catalina/connector/Response;)V+169
j  org.apache.catalina.authenticator.AuthenticatorBase.invoke(Lorg/apache/catalina/connector/Request;Lorg/apache/catalina/connector/Response;)V+260
j  org.apache.catalina.core.StandardHostValve.invoke(Lorg/apache/catalina/connector/Request;Lorg/apache/catalina/connector/Response;)V+128
j  org.apache.catalina.valves.ErrorReportValve.invoke(Lorg/apache/catalina/connector/Request;Lorg/apache/catalina/connector/Response;)V+6
j  org.apache.catalina.valves.AbstractAccessLogValve.invoke(Lorg/apache/catalina/connector/Request;Lorg/apache/catalina/connector/Response;)V+66
j  org.apache.catalina.core.StandardEngineValve.invoke(Lorg/apache/catalina/connector/Request;Lorg/apache/catalina/connector/Response;)V+59
j  org.apache.catalina.connector.CoyoteAdapter.service(Lorg/apache/coyote/Request;Lorg/apache/coyote/Response;)V+199
j  org.apache.coyote.http11.Http11Processor.service(Lorg/apache/tomcat/util/net/SocketWrapperBase;)Lorg/apache/tomcat/util/net/AbstractEndpoint$Handler$SocketState;+735
j  org.apache.coyote.AbstractProcessorLight.process(Lorg/apache/tomcat/util/net/SocketWrapperBase;Lorg/apache/tomcat/util/net/SocketEvent;)Lorg/apache/tomcat/util/net/AbstractEndpoint$Handler$SocketState;+170
j  org.apache.coyote.AbstractProtocol$ConnectionHandler.process(Lorg/apache/tomcat/util/net/SocketWrapperBase;Lorg/apache/tomcat/util/net/SocketEvent;)Lorg/apache/tomcat/util/net/AbstractEndpoint$Handler$SocketState;+505
j  org.apache.tomcat.util.net.NioEndpoint$SocketProcessor.doRun()V+214
j  org.apache.tomcat.util.net.SocketProcessorBase.run()V+21
j  java.util.concurrent.ThreadPoolExecutor.runWorker(Ljava/util/concurrent/ThreadPoolExecutor$Worker;)V+92 java.base@14.0.1
j  java.util.concurrent.ThreadPoolExecutor$Worker.run()V+5 java.base@14.0.1
j  org.apache.tomcat.util.threads.TaskThread$WrappingRunnable.run()V+4
j  java.lang.Thread.run()V+11 java.base@14.0.1
v  ~StubRoutines::call_stub

siginfo: EXCEPTION_ACCESS_VIOLATION (0xc0000005), reading address 0x000000000000000c


Register to memory mapping:

RIP=0x00007fff3099ce8d libtesseract411.dll
RAX=0x0 is NULL
RBX=0x0000000000000004 is an unknown value
RCX=0x000000c2c01fd640 is pointing into the stack for thread: 0x0000021162040000
RDX=0x00000211618ad818 points into unknown readable memory: 00 00 00 00 00 00 00 00
RSP=0x000000c2c01fd5a0 is pointing into the stack for thread: 0x0000021162040000
RBP=0x000000c2c01fd6a0 is pointing into the stack for thread: 0x0000021162040000
RSI=0x000002116188bd90 points into unknown readable memory: d8 b8 b5 30 ff 7f 00 00
RDI=0x0 is NULL
R8 =0x0000021163dc6ae0 points into unknown readable memory: f0 b4 65 61 11 02 00 00
R9 =0x0 is NULL
R10=0x0 is NULL
R11=0x0 is NULL
R12=0x0 is NULL
R13=0xffffffffffffffff is an unknown value
R14=0x0 is NULL
R15=0x0000021163389600 points into unknown readable memory: 00 00 00 00 00 00 00 00


Registers:
RAX=0x0000000000000000, RBX=0x0000000000000004, RCX=0x000000c2c01fd640, RDX=0x00000211618ad818
RSP=0x000000c2c01fd5a0, RBP=0x000000c2c01fd6a0, RSI=0x000002116188bd90, RDI=0x0000000000000000
R8 =0x0000021163dc6ae0, R9 =0x0000000000000000, R10=0x0000000000000000, R11=0x0000000000000000
R12=0x0000000000000000, R13=0xffffffffffffffff, R14=0x0000000000000000, R15=0x0000021163389600
RIP=0x00007fff3099ce8d, EFLAGS=0x0000000000010246

Top of Stack: (sp=0x000000c2c01fd5a0)
0x000000c2c01fd5a0:   0000000000000004 000000c2c01fd5f0
0x000000c2c01fd5b0:   0000021163db2001 00b801c200ae0101
0x000000c2c01fd5c0:   0000021140330000 0000021100000002
0x000000c2c01fd5d0:   000000ae00b80001 00000211000001c2
0x000000c2c01fd5e0:   00b800920000006b 000002116161cee0
0x000000c2c01fd5f0:   00b8009200ae006b 000002116161cee0
0x000000c2c01fd600:   000002116161d7a0 000002116161d120
0x000000c2c01fd610:   00b8009200ae006b 000002116161cee0
0x000000c2c01fd620:   000002116161cee0 0000021161ed4f20
0x000000c2c01fd630:   0000021161ed6e30 0000021162a52fa0
0x000000c2c01fd640:   0000021163389600 0000000000000000
0x000000c2c01fd650:   0000000000000000 0000000000000000
0x000000c2c01fd660:   000002116165b2e0 0000021163dc6ac0
0x000000c2c01fd670:   000002116161d9e0 000002116165a260
0x000000c2c01fd680:   0000021163dc6ac0 000002116161d9e0
0x000000c2c01fd690:   0000021163389608 000002116161d9e0 

Instructions: (pc=0x00007fff3099ce8d)
0x00007fff3099cd8d:   4c 89 75 e8 4c 89 75 e0 4c 89 75 d8 45 33 c0 b2
0x00007fff3099cd9d:   01 48 8d 4d a0 e8 19 17 07 00 45 33 c0 33 d2 48
0x00007fff3099cdad:   8d 4d a0 e8 0b 17 07 00 44 38 b6 98 23 02 00 74
0x00007fff3099cdbd:   0e c6 86 c0 23 02 00 01 c6 86 00 33 02 00 01 bb
0x00007fff3099cdcd:   04 00 00 00 4c 8d 6b fb 83 bd 58 01 00 00 01 0f
0x00007fff3099cddd:   87 c1 06 00 00 48 8b 45 a0 48 83 c0 08 48 89 45
0x00007fff3099cded:   f0 48 8b 00 48 89 45 f8 48 85 c0 74 05 48 8b 00
0x00007fff3099cdfd:   eb 03 49 8b c6 48 89 45 00 48 85 c0 74 05 48 8b
0x00007fff3099ce0d:   08 eb 03 49 8b ce 48 89 4d 08 4c 89 75 10 66 44
0x00007fff3099ce1d:   89 75 18 48 85 c0 74 06 48 89 45 10 eb 04 c6 45
0x00007fff3099ce2d:   19 01 44 88 75 1a 4c 89 75 b8 4c 89 75 b0 4c 89
0x00007fff3099ce3d:   75 a8 4c 89 75 d0 4c 89 75 c8 4c 89 75 c0 4c 89
0x00007fff3099ce4d:   75 e8 4c 89 75 e0 4c 89 75 d8 45 33 c0 b2 01 48
0x00007fff3099ce5d:   8d 4d a0 e8 5b 16 07 00 45 33 c0 33 d2 48 8d 4d
0x00007fff3099ce6d:   a0 e8 4d 16 07 00 44 39 b6 b0 14 00 00 7e 0a 48
0x00007fff3099ce7d:   8b ce e8 3c 74 f9 ff eb 2d 48 8b 86 28 0a 00 00
0x00007fff3099ce8d:   44 38 70 0c 74 20 48 8b 8e 30 0a 00 00 48 85 c9
0x00007fff3099ce9d:   74 05 e8 6c 10 f9 ff 48 8b ce e8 f4 11 f9 ff 48
0x00007fff3099cead:   89 86 30 0a 00 00 41 8b fe 44 39 b6 80 49 02 00
0x00007fff3099cebd:   0f 8e a9 00 00 00 48 8b 86 88 49 02 00 49 8b 1c
0x00007fff3099cecd:   06 8b 93 b0 14 00 00 85 d2 7e 4d 48 83 bb 30 0a
0x00007fff3099cedd:   00 00 00 75 0a 48 8b cb e8 46 74 f9 ff eb 66 83
0x00007fff3099ceed:   bb d8 04 00 00 00 7e 0c 48 8d 0d a4 b6 15 00 e8
0x00007fff3099cefd:   1f 55 10 00 48 8b 8b 28 0a 00 00 e8 03 10 f9 ff
0x00007fff3099cf0d:   48 8b 83 30 0a 00 00 48 89 83 28 0a 00 00 33 c0
0x00007fff3099cf1d:   89 83 b0 14 00 00 eb 26 48 8b 83 28 0a 00 00 80
0x00007fff3099cf2d:   78 0c 00 74 20 48 8b 8b 30 0a 00 00 48 85 c9 74
0x00007fff3099cf3d:   05 e8 cd 0f f9 ff 48 8b cb e8 55 11 f9 ff 48 89
0x00007fff3099cf4d:   83 30 0a 00 00 ff c7 49 83 c6 08 3b be 80 49 02
0x00007fff3099cf5d:   00 0f 8c 5f ff ff ff 45 33 f6 bb 04 00 00 00 44
0x00007fff3099cf6d:   89 74 24 30 48 89 5d 98 b9 08 01 00 00 e8 b1 38
0x00007fff3099cf7d:   f8 ff 48 89 45 90 48 85 c0 74 2d 48 89 18 48 8d 


Stack slot to memory mapping:
stack at sp + 0 slots: 0x0000000000000004 is an unknown value
stack at sp + 1 slots: 0x000000c2c01fd5f0 is pointing into the stack for thread: 0x0000021162040000
stack at sp + 2 slots: 0x0000021163db2001 points into unknown readable memory: ec da 63 11 02 00 00
stack at sp + 3 slots: 0x00b801c200ae0101 is an unknown value
stack at sp + 4 slots: 0x0000021140330000 points into unknown readable memory: 00 00 00 00 00 00 00 00
stack at sp + 5 slots: 0x0000021100000002 is an unknown value
stack at sp + 6 slots: 0x000000ae00b80001 is an unknown value
stack at sp + 7 slots: 0x00000211000001c2 is an unknown value


---------------  P R O C E S S  ---------------

Threads class SMR info:
_java_thread_list=0x000002116359e590, length=37, elements={
0x00000211424f0800, 0x0000021160c82800, 0x0000021160c83800, 0x0000021160c9f800,
0x0000021160ca0800, 0x0000021160ca7800, 0x0000021160caa800, 0x0000021160cb7000,
0x0000021160cbc800, 0x00000211616f8000, 0x0000021161869800, 0x00000211617bb800,
0x0000021161913800, 0x0000021161a50000, 0x0000021161a3c000, 0x00000211619f6800,
0x0000021161c7b800, 0x0000021161e21000, 0x0000021161a62000, 0x000002116203f000,
0x000002116203d800, 0x0000021162042800, 0x0000021162040000, 0x000002116203c800,
0x0000021162041800, 0x0000021162043000, 0x0000021162041000, 0x000002116203e800,
0x0000021162788000, 0x0000021162789000, 0x000002116278a000, 0x0000021162787800,
0x000002116278f800, 0x0000021162790800, 0x000002116278d000, 0x000002116278e000,
0x000002116278e800
}

Java Threads: ( => current thread )
  0x00000211424f0800 JavaThread "main" [_thread_in_native, id=11060, stack(0x000000c2be000000,0x000000c2be100000)]
  0x0000021160c82800 JavaThread "Reference Handler" daemon [_thread_blocked, id=11968, stack(0x000000c2be700000,0x000000c2be800000)]
  0x0000021160c83800 JavaThread "Finalizer" daemon [_thread_blocked, id=9444, stack(0x000000c2be800000,0x000000c2be900000)]
  0x0000021160c9f800 JavaThread "Signal Dispatcher" daemon [_thread_blocked, id=14308, stack(0x000000c2be900000,0x000000c2bea00000)]
  0x0000021160ca0800 JavaThread "Attach Listener" daemon [_thread_blocked, id=13944, stack(0x000000c2bea00000,0x000000c2beb00000)]
  0x0000021160ca7800 JavaThread "Service Thread" daemon [_thread_blocked, id=14036, stack(0x000000c2beb00000,0x000000c2bec00000)]
  0x0000021160caa800 JavaThread "C2 CompilerThread0" daemon [_thread_blocked, id=8200, stack(0x000000c2bec00000,0x000000c2bed00000)]
  0x0000021160cb7000 JavaThread "C1 CompilerThread0" daemon [_thread_blocked, id=11280, stack(0x000000c2bed00000,0x000000c2bee00000)]
  0x0000021160cbc800 JavaThread "Sweeper thread" daemon [_thread_blocked, id=11816, stack(0x000000c2bee00000,0x000000c2bef00000)]
  0x00000211616f8000 JavaThread "Common-Cleaner" daemon [_thread_blocked, id=11588, stack(0x000000c2bef00000,0x000000c2bf000000)]
  0x0000021161869800 JavaThread "Notification Thread" daemon [_thread_blocked, id=5660, stack(0x000000c2bf000000,0x000000c2bf100000)]
  0x00000211617bb800 JavaThread "AsyncFileHandlerWriter-625576447" daemon [_thread_blocked, id=13956, stack(0x000000c2bf100000,0x000000c2bf200000)]
  0x0000021161913800 JavaThread "FileHandlerLogFilesCleaner-1" daemon [_thread_blocked, id=10828, stack(0x000000c2bf200000,0x000000c2bf300000)]
  0x0000021161a50000 JavaThread "RMI TCP Accept-0" daemon [_thread_in_native, id=11412, stack(0x000000c2bf400000,0x000000c2bf500000)]
  0x0000021161a3c000 JavaThread "RMI TCP Accept-1099" daemon [_thread_in_native, id=11820, stack(0x000000c2bf500000,0x000000c2bf600000)]
  0x00000211619f6800 JavaThread "RMI TCP Accept-0" daemon [_thread_in_native, id=12612, stack(0x000000c2bf600000,0x000000c2bf700000)]
  0x0000021161c7b800 JavaThread "RMI TCP Connection(2)-127.0.0.1" daemon [_thread_in_native, id=9892, stack(0x000000c2bfb00000,0x000000c2bfc00000)]
  0x0000021161e21000 JavaThread "RMI TCP Connection(4)-127.0.0.1" daemon [_thread_in_native, id=7872, stack(0x000000c2bfc00000,0x000000c2bfd00000)]
  0x0000021161a62000 JavaThread "RMI Scheduler(0)" daemon [_thread_blocked, id=12764, stack(0x000000c2bfd00000,0x000000c2bfe00000)]
  0x000002116203f000 JavaThread "http-nio-8080-BlockPoller" daemon [_thread_in_native, id=13568, stack(0x000000c2bfe00000,0x000000c2bff00000)]
  0x000002116203d800 JavaThread "Catalina-utility-1" [_thread_blocked, id=13900, stack(0x000000c2bff00000,0x000000c2c0000000)]
  0x0000021162042800 JavaThread "Catalina-utility-2" [_thread_blocked, id=4076, stack(0x000000c2c0000000,0x000000c2c0100000)]
=>0x0000021162040000 JavaThread "http-nio-8080-exec-1" daemon [_thread_in_native, id=8860, stack(0x000000c2c0100000,0x000000c2c0200000)]
  0x000002116203c800 JavaThread "http-nio-8080-exec-2" daemon [_thread_blocked, id=8068, stack(0x000000c2c0200000,0x000000c2c0300000)]
  0x0000021162041800 JavaThread "http-nio-8080-exec-3" daemon [_thread_blocked, id=9988, stack(0x000000c2c0300000,0x000000c2c0400000)]
  0x0000021162043000 JavaThread "http-nio-8080-exec-4" daemon [_thread_blocked, id=5760, stack(0x000000c2c0400000,0x000000c2c0500000)]
  0x0000021162041000 JavaThread "http-nio-8080-exec-5" daemon [_thread_blocked, id=4788, stack(0x000000c2c0500000,0x000000c2c0600000)]
  0x000002116203e800 JavaThread "http-nio-8080-exec-6" daemon [_thread_blocked, id=8104, stack(0x000000c2c0600000,0x000000c2c0700000)]
  0x0000021162788000 JavaThread "http-nio-8080-exec-7" daemon [_thread_blocked, id=9128, stack(0x000000c2c0700000,0x000000c2c0800000)]
  0x0000021162789000 JavaThread "http-nio-8080-exec-8" daemon [_thread_blocked, id=14000, stack(0x000000c2c0800000,0x000000c2c0900000)]
  0x000002116278a000 JavaThread "http-nio-8080-exec-9" daemon [_thread_blocked, id=12852, stack(0x000000c2c0900000,0x000000c2c0a00000)]
  0x0000021162787800 JavaThread "http-nio-8080-exec-10" daemon [_thread_blocked, id=6548, stack(0x000000c2c0a00000,0x000000c2c0b00000)]
  0x000002116278f800 JavaThread "http-nio-8080-ClientPoller" daemon [_thread_in_native, id=8932, stack(0x000000c2c0b00000,0x000000c2c0c00000)]
  0x0000021162790800 JavaThread "http-nio-8080-Acceptor" daemon [_thread_in_native, id=8264, stack(0x000000c2c0c00000,0x000000c2c0d00000)]
  0x000002116278d000 JavaThread "Java2D Disposer" daemon [_thread_blocked, id=11660, stack(0x000000c2bf300000,0x000000c2bf400000)]
  0x000002116278e000 JavaThread "AWT-Shutdown" [_thread_blocked, id=11540, stack(0x000000c2c0d00000,0x000000c2c0e00000)]
  0x000002116278e800 JavaThread "AWT-Windows" daemon [_thread_in_native, id=7864, stack(0x000000c2c0f00000,0x000000c2c1000000)]

Other Threads:
  0x0000021160c7d800 VMThread "VM Thread" [stack: 0x000000c2be600000,0x000000c2be700000] [id=5144]
  0x0000021161a3d000 WatcherThread [stack: 0x000000c2bf700000,0x000000c2bf800000] [id=13452]
  0x0000021142534000 GCTaskThread "GC Thread#0" [stack: 0x000000c2be100000,0x000000c2be200000] [id=9220]
  0x0000021161f1f000 GCTaskThread "GC Thread#1" [stack: 0x000000c2bf800000,0x000000c2bf900000] [id=7260]
  0x0000021161f00800 GCTaskThread "GC Thread#2" [stack: 0x000000c2bf900000,0x000000c2bfa00000] [id=8240]
  0x00000211626d5000 GCTaskThread "GC Thread#3" [stack: 0x000000c2c0e00000,0x000000c2c0f00000] [id=13208]
  0x0000021142545000 ConcurrentGCThread "G1 Main Marker" [stack: 0x000000c2be200000,0x000000c2be300000] [id=5036]
  0x0000021142547000 ConcurrentGCThread "G1 Conc#0" [stack: 0x000000c2be300000,0x000000c2be400000] [id=12564]
  0x00000211425c7800 ConcurrentGCThread "G1 Refine#0" [stack: 0x000000c2be400000,0x000000c2be500000] [id=6156]
  0x0000021161f2e000 ConcurrentGCThread "G1 Refine#1" [stack: 0x000000c2bfa00000,0x000000c2bfb00000] [id=7124]
  0x0000021160b00800 ConcurrentGCThread "G1 Young RemSet Sampling" [stack: 0x000000c2be500000,0x000000c2be600000] [id=2300]

Threads with active compile tasks:

VM state:not at safepoint (normal execution)

VM Mutex/Monitor currently owned by a thread: None

Heap address: 0x0000000081e00000, size: 2018 MB, Compressed Oops mode: 32-bit
Narrow klass base: 0x0000000800000000, Narrow klass shift: 3
Compressed class space size: 1073741824 Address: 0x0000000800b30000

Heap:
 garbage-first heap   total 131072K, used 94597K [0x0000000081e00000, 0x0000000100000000)
  region size 1024K, 75 young (76800K), 4 survivors (4096K)
 Metaspace       used 19891K, capacity 20619K, committed 20864K, reserved 1067008K
  class space    used 2106K, capacity 2401K, committed 2432K, reserved 1048576K
Heap Regions: E=young(eden), S=young(survivor), O=old, HS=humongous(starts), HC=humongous(continues), CS=collection set, F=free, OA=open archive, CA=closed archive, TAMS=top-at-mark-start (previous, next)
|   0|0x0000000081e00000, 0x0000000081f00000, 0x0000000081f00000|100%| O|  |TAMS 0x0000000081e00000, 0x0000000081e00000| Untracked 
|   1|0x0000000081f00000, 0x0000000082000000, 0x0000000082000000|100%| O|  |TAMS 0x0000000081f00000, 0x0000000081f00000| Untracked 
|   2|0x0000000082000000, 0x0000000082100000, 0x0000000082100000|100%| O|  |TAMS 0x0000000082000000, 0x0000000082000000| Untracked 
|   3|0x0000000082100000, 0x0000000082200000, 0x0000000082200000|100%| O|  |TAMS 0x0000000082100000, 0x0000000082100000| Untracked 
|   4|0x0000000082200000, 0x0000000082300000, 0x0000000082300000|100%| O|  |TAMS 0x0000000082200000, 0x0000000082200000| Untracked 
|   5|0x0000000082300000, 0x00000000823aec00, 0x0000000082400000| 68%| O|  |TAMS 0x0000000082300000, 0x0000000082300000| Untracked 
|   6|0x0000000082400000, 0x0000000082500000, 0x0000000082500000|100%|HS|  |TAMS 0x0000000082400000, 0x0000000082400000| Complete 
|   7|0x0000000082500000, 0x0000000082600000, 0x0000000082600000|100%|HC|  |TAMS 0x0000000082500000, 0x0000000082500000| Complete 
|   8|0x0000000082600000, 0x0000000082700000, 0x0000000082700000|100%|HC|  |TAMS 0x0000000082600000, 0x0000000082600000| Complete 
|   9|0x0000000082700000, 0x0000000082800000, 0x0000000082800000|100%|HC|  |TAMS 0x0000000082700000, 0x0000000082700000| Complete 
|  10|0x0000000082800000, 0x0000000082900000, 0x0000000082900000|100%|HS|  |TAMS 0x0000000082800000, 0x0000000082800000| Complete 
|  11|0x0000000082900000, 0x0000000082a00000, 0x0000000082a00000|100%|HC|  |TAMS 0x0000000082900000, 0x0000000082900000| Complete 
|  12|0x0000000082a00000, 0x0000000082b00000, 0x0000000082b00000|100%|HC|  |TAMS 0x0000000082a00000, 0x0000000082a00000| Complete 
|  13|0x0000000082b00000, 0x0000000082c00000, 0x0000000082c00000|100%|HC|  |TAMS 0x0000000082b00000, 0x0000000082b00000| Complete 
|  14|0x0000000082c00000, 0x0000000082d00000, 0x0000000082d00000|100%|HS|  |TAMS 0x0000000082c00000, 0x0000000082c00000| Complete 
|  15|0x0000000082d00000, 0x0000000082e00000, 0x0000000082e00000|100%|HC|  |TAMS 0x0000000082d00000, 0x0000000082d00000| Complete 
|  16|0x0000000082e00000, 0x0000000082f00000, 0x0000000082f00000|100%|HC|  |TAMS 0x0000000082e00000, 0x0000000082e00000| Complete 
|  17|0x0000000082f00000, 0x0000000083000000, 0x0000000083000000|100%|HC|  |TAMS 0x0000000082f00000, 0x0000000082f00000| Complete 
|  18|0x0000000083000000, 0x0000000083100000, 0x0000000083100000|100%|HS|  |TAMS 0x0000000083000000, 0x0000000083000000| Complete 
|  19|0x0000000083100000, 0x0000000083100000, 0x0000000083200000|  0%| F|  |TAMS 0x0000000083100000, 0x0000000083100000| Untracked 
|  20|0x0000000083200000, 0x0000000083200000, 0x0000000083300000|  0%| F|  |TAMS 0x0000000083200000, 0x0000000083200000| Untracked 
|  21|0x0000000083300000, 0x0000000083300000, 0x0000000083400000|  0%| F|  |TAMS 0x0000000083300000, 0x0000000083300000| Untracked 
|  22|0x0000000083400000, 0x0000000083400000, 0x0000000083500000|  0%| F|  |TAMS 0x0000000083400000, 0x0000000083400000| Untracked 
|  23|0x0000000083500000, 0x0000000083500000, 0x0000000083600000|  0%| F|  |TAMS 0x0000000083500000, 0x0000000083500000| Untracked 
|  24|0x0000000083600000, 0x0000000083600000, 0x0000000083700000|  0%| F|  |TAMS 0x0000000083600000, 0x0000000083600000| Untracked 
|  25|0x0000000083700000, 0x0000000083700000, 0x0000000083800000|  0%| F|  |TAMS 0x0000000083700000, 0x0000000083700000| Untracked 
|  26|0x0000000083800000, 0x0000000083800000, 0x0000000083900000|  0%| F|  |TAMS 0x0000000083800000, 0x0000000083800000| Untracked 
|  27|0x0000000083900000, 0x0000000083900000, 0x0000000083a00000|  0%| F|  |TAMS 0x0000000083900000, 0x0000000083900000| Untracked 
|  28|0x0000000083a00000, 0x0000000083a00000, 0x0000000083b00000|  0%| F|  |TAMS 0x0000000083a00000, 0x0000000083a00000| Untracked 
|  29|0x0000000083b00000, 0x0000000083b00000, 0x0000000083c00000|  0%| F|  |TAMS 0x0000000083b00000, 0x0000000083b00000| Untracked 
|  30|0x0000000083c00000, 0x0000000083c00000, 0x0000000083d00000|  0%| F|  |TAMS 0x0000000083c00000, 0x0000000083c00000| Untracked 
|  31|0x0000000083d00000, 0x0000000083d00000, 0x0000000083e00000|  0%| F|  |TAMS 0x0000000083d00000, 0x0000000083d00000| Untracked 
|  32|0x0000000083e00000, 0x0000000083e00000, 0x0000000083f00000|  0%| F|  |TAMS 0x0000000083e00000, 0x0000000083e00000| Untracked 
|  33|0x0000000083f00000, 0x0000000083f00000, 0x0000000084000000|  0%| F|  |TAMS 0x0000000083f00000, 0x0000000083f00000| Untracked 
|  34|0x0000000084000000, 0x0000000084000000, 0x0000000084100000|  0%| F|  |TAMS 0x0000000084000000, 0x0000000084000000| Untracked 
|  35|0x0000000084100000, 0x0000000084100000, 0x0000000084200000|  0%| F|  |TAMS 0x0000000084100000, 0x0000000084100000| Untracked 
|  36|0x0000000084200000, 0x0000000084200000, 0x0000000084300000|  0%| F|  |TAMS 0x0000000084200000, 0x0000000084200000| Untracked 
|  37|0x0000000084300000, 0x0000000084300000, 0x0000000084400000|  0%| F|  |TAMS 0x0000000084300000, 0x0000000084300000| Untracked 
|  38|0x0000000084400000, 0x0000000084400000, 0x0000000084500000|  0%| F|  |TAMS 0x0000000084400000, 0x0000000084400000| Untracked 
|  39|0x0000000084500000, 0x0000000084500000, 0x0000000084600000|  0%| F|  |TAMS 0x0000000084500000, 0x0000000084500000| Untracked 
|  40|0x0000000084600000, 0x0000000084600000, 0x0000000084700000|  0%| F|  |TAMS 0x0000000084600000, 0x0000000084600000| Untracked 
|  41|0x0000000084700000, 0x0000000084700000, 0x0000000084800000|  0%| F|  |TAMS 0x0000000084700000, 0x0000000084700000| Untracked 
|  42|0x0000000084800000, 0x0000000084800000, 0x0000000084900000|  0%| F|  |TAMS 0x0000000084800000, 0x0000000084800000| Untracked 
|  43|0x0000000084900000, 0x0000000084900000, 0x0000000084a00000|  0%| F|  |TAMS 0x0000000084900000, 0x0000000084900000| Untracked 
|  44|0x0000000084a00000, 0x0000000084a00000, 0x0000000084b00000|  0%| F|  |TAMS 0x0000000084a00000, 0x0000000084a00000| Untracked 
|  45|0x0000000084b00000, 0x0000000084b00000, 0x0000000084c00000|  0%| F|  |TAMS 0x0000000084b00000, 0x0000000084b00000| Untracked 
|  46|0x0000000084c00000, 0x0000000084c00000, 0x0000000084d00000|  0%| F|  |TAMS 0x0000000084c00000, 0x0000000084c00000| Untracked 
|  47|0x0000000084d00000, 0x0000000084d00000, 0x0000000084e00000|  0%| F|  |TAMS 0x0000000084d00000, 0x0000000084d00000| Untracked 
|  48|0x0000000084e00000, 0x0000000084eb2808, 0x0000000084f00000| 69%| S|CS|TAMS 0x0000000084e00000, 0x0000000084e00000| Complete 
|  49|0x0000000084f00000, 0x0000000085000000, 0x0000000085000000|100%| S|CS|TAMS 0x0000000084f00000, 0x0000000084f00000| Complete 
|  50|0x0000000085000000, 0x0000000085100000, 0x0000000085100000|100%| S|CS|TAMS 0x0000000085000000, 0x0000000085000000| Complete 
|  51|0x0000000085100000, 0x0000000085200000, 0x0000000085200000|100%| S|CS|TAMS 0x0000000085100000, 0x0000000085100000| Complete 
|  52|0x0000000085200000, 0x0000000085200000, 0x0000000085300000|  0%| F|  |TAMS 0x0000000085200000, 0x0000000085200000| Untracked 
|  53|0x0000000085300000, 0x0000000085300000, 0x0000000085400000|  0%| F|  |TAMS 0x0000000085300000, 0x0000000085300000| Untracked 
|  54|0x0000000085400000, 0x0000000085400000, 0x0000000085500000|  0%| F|  |TAMS 0x0000000085400000, 0x0000000085400000| Untracked 
|  55|0x0000000085500000, 0x0000000085500000, 0x0000000085600000|  0%| F|  |TAMS 0x0000000085500000, 0x0000000085500000| Untracked 
|  56|0x0000000085600000, 0x0000000085600000, 0x0000000085700000|  0%| F|  |TAMS 0x0000000085600000, 0x0000000085600000| Untracked 
|  57|0x0000000085700000, 0x000000008576f248, 0x0000000085800000| 43%| E|  |TAMS 0x0000000085700000, 0x0000000085700000| Complete 
|  58|0x0000000085800000, 0x0000000085900000, 0x0000000085900000|100%| E|CS|TAMS 0x0000000085800000, 0x0000000085800000| Complete 
|  59|0x0000000085900000, 0x0000000085a00000, 0x0000000085a00000|100%| E|CS|TAMS 0x0000000085900000, 0x0000000085900000| Complete 
|  60|0x0000000085a00000, 0x0000000085b00000, 0x0000000085b00000|100%| E|CS|TAMS 0x0000000085a00000, 0x0000000085a00000| Complete 
|  61|0x0000000085b00000, 0x0000000085c00000, 0x0000000085c00000|100%| E|CS|TAMS 0x0000000085b00000, 0x0000000085b00000| Complete 
|  62|0x0000000085c00000, 0x0000000085d00000, 0x0000000085d00000|100%| E|CS|TAMS 0x0000000085c00000, 0x0000000085c00000| Complete 
|  63|0x0000000085d00000, 0x0000000085e00000, 0x0000000085e00000|100%| E|CS|TAMS 0x0000000085d00000, 0x0000000085d00000| Complete 
|  64|0x0000000085e00000, 0x0000000085f00000, 0x0000000085f00000|100%| E|CS|TAMS 0x0000000085e00000, 0x0000000085e00000| Complete 
|  65|0x0000000085f00000, 0x0000000086000000, 0x0000000086000000|100%| E|CS|TAMS 0x0000000085f00000, 0x0000000085f00000| Complete 
|  66|0x0000000086000000, 0x0000000086100000, 0x0000000086100000|100%| E|CS|TAMS 0x0000000086000000, 0x0000000086000000| Complete 
|  67|0x0000000086100000, 0x0000000086200000, 0x0000000086200000|100%| E|CS|TAMS 0x0000000086100000, 0x0000000086100000| Complete 
|  68|0x0000000086200000, 0x0000000086300000, 0x0000000086300000|100%| E|CS|TAMS 0x0000000086200000, 0x0000000086200000| Complete 
|  69|0x0000000086300000, 0x0000000086400000, 0x0000000086400000|100%| E|CS|TAMS 0x0000000086300000, 0x0000000086300000| Complete 
|  70|0x0000000086400000, 0x0000000086500000, 0x0000000086500000|100%| E|CS|TAMS 0x0000000086400000, 0x0000000086400000| Complete 
|  71|0x0000000086500000, 0x0000000086600000, 0x0000000086600000|100%| E|CS|TAMS 0x0000000086500000, 0x0000000086500000| Complete 
|  72|0x0000000086600000, 0x0000000086700000, 0x0000000086700000|100%| E|CS|TAMS 0x0000000086600000, 0x0000000086600000| Complete 
|  73|0x0000000086700000, 0x0000000086800000, 0x0000000086800000|100%| E|CS|TAMS 0x0000000086700000, 0x0000000086700000| Complete 
|  74|0x0000000086800000, 0x0000000086900000, 0x0000000086900000|100%| E|CS|TAMS 0x0000000086800000, 0x0000000086800000| Complete 
|  75|0x0000000086900000, 0x0000000086a00000, 0x0000000086a00000|100%| E|CS|TAMS 0x0000000086900000, 0x0000000086900000| Complete 
|  76|0x0000000086a00000, 0x0000000086b00000, 0x0000000086b00000|100%| E|CS|TAMS 0x0000000086a00000, 0x0000000086a00000| Complete 
|  77|0x0000000086b00000, 0x0000000086c00000, 0x0000000086c00000|100%| E|CS|TAMS 0x0000000086b00000, 0x0000000086b00000| Complete 
|  78|0x0000000086c00000, 0x0000000086d00000, 0x0000000086d00000|100%| E|CS|TAMS 0x0000000086c00000, 0x0000000086c00000| Complete 
|  79|0x0000000086d00000, 0x0000000086e00000, 0x0000000086e00000|100%| E|CS|TAMS 0x0000000086d00000, 0x0000000086d00000| Complete 
|  80|0x0000000086e00000, 0x0000000086f00000, 0x0000000086f00000|100%| E|CS|TAMS 0x0000000086e00000, 0x0000000086e00000| Complete 
|  81|0x0000000086f00000, 0x0000000087000000, 0x0000000087000000|100%| E|CS|TAMS 0x0000000086f00000, 0x0000000086f00000| Complete 
|  82|0x0000000087000000, 0x0000000087100000, 0x0000000087100000|100%| E|CS|TAMS 0x0000000087000000, 0x0000000087000000| Complete 
|  83|0x0000000087100000, 0x0000000087200000, 0x0000000087200000|100%| E|CS|TAMS 0x0000000087100000, 0x0000000087100000| Complete 
|  84|0x0000000087200000, 0x0000000087300000, 0x0000000087300000|100%| E|CS|TAMS 0x0000000087200000, 0x0000000087200000| Complete 
|  85|0x0000000087300000, 0x0000000087400000, 0x0000000087400000|100%| E|CS|TAMS 0x0000000087300000, 0x0000000087300000| Complete 
|  86|0x0000000087400000, 0x0000000087500000, 0x0000000087500000|100%| E|CS|TAMS 0x0000000087400000, 0x0000000087400000| Complete 
|  87|0x0000000087500000, 0x0000000087600000, 0x0000000087600000|100%| E|CS|TAMS 0x0000000087500000, 0x0000000087500000| Complete 
|  88|0x0000000087600000, 0x0000000087700000, 0x0000000087700000|100%| E|CS|TAMS 0x0000000087600000, 0x0000000087600000| Complete 
|  89|0x0000000087700000, 0x0000000087800000, 0x0000000087800000|100%| E|CS|TAMS 0x0000000087700000, 0x0000000087700000| Complete 
|  90|0x0000000087800000, 0x0000000087900000, 0x0000000087900000|100%| E|CS|TAMS 0x0000000087800000, 0x0000000087800000| Complete 
|  91|0x0000000087900000, 0x0000000087a00000, 0x0000000087a00000|100%| E|CS|TAMS 0x0000000087900000, 0x0000000087900000| Complete 
|  92|0x0000000087a00000, 0x0000000087b00000, 0x0000000087b00000|100%| E|CS|TAMS 0x0000000087a00000, 0x0000000087a00000| Complete 
|  93|0x0000000087b00000, 0x0000000087c00000, 0x0000000087c00000|100%| E|CS|TAMS 0x0000000087b00000, 0x0000000087b00000| Complete 
|  94|0x0000000087c00000, 0x0000000087d00000, 0x0000000087d00000|100%| E|CS|TAMS 0x0000000087c00000, 0x0000000087c00000| Complete 
|  95|0x0000000087d00000, 0x0000000087e00000, 0x0000000087e00000|100%| E|CS|TAMS 0x0000000087d00000, 0x0000000087d00000| Complete 
|  96|0x0000000087e00000, 0x0000000087f00000, 0x0000000087f00000|100%| E|CS|TAMS 0x0000000087e00000, 0x0000000087e00000| Complete 
|  97|0x0000000087f00000, 0x0000000088000000, 0x0000000088000000|100%| E|CS|TAMS 0x0000000087f00000, 0x0000000087f00000| Complete 
|  98|0x0000000088000000, 0x0000000088100000, 0x0000000088100000|100%| E|CS|TAMS 0x0000000088000000, 0x0000000088000000| Complete 
|  99|0x0000000088100000, 0x0000000088200000, 0x0000000088200000|100%| E|CS|TAMS 0x0000000088100000, 0x0000000088100000| Complete 
| 100|0x0000000088200000, 0x0000000088300000, 0x0000000088300000|100%| E|CS|TAMS 0x0000000088200000, 0x0000000088200000| Complete 
| 101|0x0000000088300000, 0x0000000088400000, 0x0000000088400000|100%| E|CS|TAMS 0x0000000088300000, 0x0000000088300000| Complete 
| 102|0x0000000088400000, 0x0000000088500000, 0x0000000088500000|100%| E|CS|TAMS 0x0000000088400000, 0x0000000088400000| Complete 
| 103|0x0000000088500000, 0x0000000088600000, 0x0000000088600000|100%| E|CS|TAMS 0x0000000088500000, 0x0000000088500000| Complete 
| 104|0x0000000088600000, 0x0000000088700000, 0x0000000088700000|100%| E|CS|TAMS 0x0000000088600000, 0x0000000088600000| Complete 
| 105|0x0000000088700000, 0x0000000088800000, 0x0000000088800000|100%| E|CS|TAMS 0x0000000088700000, 0x0000000088700000| Complete 
| 106|0x0000000088800000, 0x0000000088900000, 0x0000000088900000|100%| E|CS|TAMS 0x0000000088800000, 0x0000000088800000| Complete 
| 107|0x0000000088900000, 0x0000000088a00000, 0x0000000088a00000|100%| E|CS|TAMS 0x0000000088900000, 0x0000000088900000| Complete 
| 108|0x0000000088a00000, 0x0000000088b00000, 0x0000000088b00000|100%| E|CS|TAMS 0x0000000088a00000, 0x0000000088a00000| Complete 
| 109|0x0000000088b00000, 0x0000000088c00000, 0x0000000088c00000|100%| E|CS|TAMS 0x0000000088b00000, 0x0000000088b00000| Complete 
| 110|0x0000000088c00000, 0x0000000088d00000, 0x0000000088d00000|100%| E|CS|TAMS 0x0000000088c00000, 0x0000000088c00000| Complete 
| 111|0x0000000088d00000, 0x0000000088e00000, 0x0000000088e00000|100%| E|CS|TAMS 0x0000000088d00000, 0x0000000088d00000| Complete 
| 112|0x0000000088e00000, 0x0000000088f00000, 0x0000000088f00000|100%| E|CS|TAMS 0x0000000088e00000, 0x0000000088e00000| Complete 
| 113|0x0000000088f00000, 0x0000000089000000, 0x0000000089000000|100%| E|CS|TAMS 0x0000000088f00000, 0x0000000088f00000| Complete 
| 114|0x0000000089000000, 0x0000000089100000, 0x0000000089100000|100%| E|CS|TAMS 0x0000000089000000, 0x0000000089000000| Complete 
| 115|0x0000000089100000, 0x0000000089200000, 0x0000000089200000|100%| E|CS|TAMS 0x0000000089100000, 0x0000000089100000| Complete 
| 116|0x0000000089200000, 0x0000000089300000, 0x0000000089300000|100%| E|CS|TAMS 0x0000000089200000, 0x0000000089200000| Complete 
| 117|0x0000000089300000, 0x0000000089400000, 0x0000000089400000|100%| E|CS|TAMS 0x0000000089300000, 0x0000000089300000| Complete 
| 118|0x0000000089400000, 0x0000000089500000, 0x0000000089500000|100%| E|CS|TAMS 0x0000000089400000, 0x0000000089400000| Complete 
| 119|0x0000000089500000, 0x0000000089600000, 0x0000000089600000|100%| E|CS|TAMS 0x0000000089500000, 0x0000000089500000| Complete 
| 120|0x0000000089600000, 0x0000000089700000, 0x0000000089700000|100%| E|CS|TAMS 0x0000000089600000, 0x0000000089600000| Complete 
| 121|0x0000000089700000, 0x0000000089800000, 0x0000000089800000|100%| E|CS|TAMS 0x0000000089700000, 0x0000000089700000| Complete 
| 122|0x0000000089800000, 0x0000000089900000, 0x0000000089900000|100%| E|CS|TAMS 0x0000000089800000, 0x0000000089800000| Complete 
| 123|0x0000000089900000, 0x0000000089a00000, 0x0000000089a00000|100%| E|CS|TAMS 0x0000000089900000, 0x0000000089900000| Complete 
| 124|0x0000000089a00000, 0x0000000089b00000, 0x0000000089b00000|100%| E|CS|TAMS 0x0000000089a00000, 0x0000000089a00000| Complete 
| 125|0x0000000089b00000, 0x0000000089c00000, 0x0000000089c00000|100%| E|CS|TAMS 0x0000000089b00000, 0x0000000089b00000| Complete 
| 126|0x0000000089c00000, 0x0000000089d00000, 0x0000000089d00000|100%| E|CS|TAMS 0x0000000089c00000, 0x0000000089c00000| Complete 
| 127|0x0000000089d00000, 0x0000000089e00000, 0x0000000089e00000|100%| E|CS|TAMS 0x0000000089d00000, 0x0000000089d00000| Complete 

Card table byte_map: [0x000002115a0a0000,0x000002115a4a0000] _byte_map_base: 0x0000021159c91000

Marking Bits (Prev, Next): (CMBitMap*) 0x00000211425348f8, (CMBitMap*) 0x0000021142534938
 Prev Bits: [0x000002115a8a0000, 0x000002115c828000)
 Next Bits: [0x000002115c830000, 0x000002115e7b8000)

Polling page: 0x00000211403a0000

Metaspace:

Usage:
  Non-class:     17.79 MB capacity,    17.37 MB ( 98%) used,   377.58 KB (  2%) free+waste,    56.19 KB ( <1%) overhead. 
      Class:      2.34 MB capacity,     2.06 MB ( 88%) used,   266.19 KB ( 11%) free+waste,    28.00 KB (  1%) overhead. 
       Both:     20.14 MB capacity,    19.42 MB ( 96%) used,   643.77 KB (  3%) free+waste,    84.19 KB ( <1%) overhead. 

Virtual space:
  Non-class space:       18.00 MB reserved,      18.00 MB (100%) committed 
      Class space:        1.00 GB reserved,       2.38 MB ( <1%) committed 
             Both:        1.02 GB reserved,      20.38 MB (  2%) committed 

Chunk freelists:
   Non-Class:  22.00 KB
       Class:  31.00 KB
        Both:  53.00 KB

MaxMetaspaceSize: 17179869184.00 GB
CompressedClassSpaceSize: 1.00 GB

CodeHeap 'non-profiled nmethods': size=120000Kb used=1789Kb max_used=1789Kb free=118210Kb
 bounds [0x0000021152770000, 0x00000211529e0000, 0x0000021159ca0000]
CodeHeap 'profiled nmethods': size=120000Kb used=7238Kb max_used=7238Kb free=112761Kb
 bounds [0x000002114b240000, 0x000002114b960000, 0x0000021152770000]
CodeHeap 'non-nmethods': size=5760Kb used=1316Kb max_used=1331Kb free=4444Kb
 bounds [0x000002114aca0000, 0x000002114af10000, 0x000002114b240000]
 total_blobs=4670 nmethods=2990 adapters=524
 compilation: enabled
              stopped_count=0, restarted_count=0
 full_count=0

Compilation events (20 events):
Event: 16.069 Thread 0x0000021160cb7000 nmethod 2990 0x000002115292d990 code [0x000002115292db20, 0x000002115292dbf8]
Event: 16.069 Thread 0x0000021160cb7000 2991       3       sun.java2d.loops.GraphicsPrimitiveMgr$1::compare (13 bytes)
Event: 16.069 Thread 0x0000021160cb7000 nmethod 2991 0x000002114b94e210 code [0x000002114b94e3e0, 0x000002114b94e878]
Event: 16.070 Thread 0x0000021160cb7000 2993       3       java.util.TimSort::binarySort (223 bytes)
Event: 16.071 Thread 0x0000021160cb7000 nmethod 2993 0x000002114b94ea10 code [0x000002114b94ec20, 0x000002114b94f778]
Event: 16.071 Thread 0x0000021160cb7000 2992       3       sun.java2d.loops.GraphicsPrimitiveMgr$1::compare (33 bytes)
Event: 16.071 Thread 0x0000021160cb7000 nmethod 2992 0x000002114b94fa90 code [0x000002114b94fc40, 0x000002114b94fe58]
Event: 16.071 Thread 0x0000021160cb7000 2995       3       java.util.Arrays::binarySearch (10 bytes)
Event: 16.071 Thread 0x0000021160cb7000 nmethod 2995 0x000002114b94ff10 code [0x000002114b9500c0, 0x000002114b9501e8]
Event: 16.071 Thread 0x0000021160cb7000 2994       3       sun.java2d.loops.GraphicsPrimitiveMgr$2::compare (39 bytes)
Event: 16.072 Thread 0x0000021160cb7000 nmethod 2994 0x000002114b950290 code [0x000002114b950440, 0x000002114b950858]
Event: 16.072 Thread 0x0000021160cb7000 2996       1       sun.java2d.loops.CompositeType::getSuperType (5 bytes)
Event: 16.072 Thread 0x0000021160cb7000 nmethod 2996 0x000002115292dc90 code [0x000002115292de20, 0x000002115292def8]
Event: 16.072 Thread 0x0000021160cb7000 2997       3       sun.java2d.loops.GraphicsPrimitiveMgr::locate (104 bytes)
Event: 16.073 Thread 0x0000021160cb7000 nmethod 2997 0x000002114b950990 code [0x000002114b950bc0, 0x000002114b9516d8]
Event: 16.074 Thread 0x0000021160cb7000 2998       1       sun.java2d.loops.SurfaceType::getSuperType (5 bytes)
Event: 16.074 Thread 0x0000021160cb7000 nmethod 2998 0x000002115292df90 code [0x000002115292e120, 0x000002115292e1f8]
Event: 16.088 Thread 0x0000021160caa800 nmethod 2985 0x000002115292e290 code [0x000002115292e4a0, 0x000002115292ec58]
Event: 16.088 Thread 0x0000021160caa800 2999       4       sun.java2d.loops.GraphicsPrimitiveMgr$2::compare (39 bytes)
Event: 16.089 Thread 0x0000021160caa800 nmethod 2999 0x000002115292f110 code [0x000002115292f2c0, 0x000002115292f438]

GC Heap History (8 events):
Event: 1.156 GC heap before
{Heap before GC invocations=0 (full 0):
 garbage-first heap   total 131072K, used 13312K [0x0000000081e00000, 0x0000000100000000)
  region size 1024K, 13 young (13312K), 0 survivors (0K)
 Metaspace       used 7432K, capacity 7872K, committed 7936K, reserved 1056768K
  class space    used 845K, capacity 1003K, committed 1024K, reserved 1048576K
}
Event: 1.169 GC heap after
{Heap after GC invocations=1 (full 0):
 garbage-first heap   total 131072K, used 3989K [0x0000000081e00000, 0x0000000100000000)
  region size 1024K, 2 young (2048K), 2 survivors (2048K)
 Metaspace       used 7432K, capacity 7872K, committed 7936K, reserved 1056768K
  class space    used 845K, capacity 1003K, committed 1024K, reserved 1048576K
}
Event: 2.150 GC heap before
{Heap before GC invocations=1 (full 0):
 garbage-first heap   total 131072K, used 16277K [0x0000000081e00000, 0x0000000100000000)
  region size 1024K, 14 young (14336K), 2 survivors (2048K)
 Metaspace       used 10891K, capacity 11504K, committed 11776K, reserved 1058816K
  class space    used 1229K, capacity 1449K, committed 1536K, reserved 1048576K
}
Event: 2.162 GC heap after
{Heap after GC invocations=2 (full 0):
 garbage-first heap   total 131072K, used 5789K [0x0000000081e00000, 0x0000000100000000)
  region size 1024K, 2 young (2048K), 2 survivors (2048K)
 Metaspace       used 10891K, capacity 11504K, committed 11776K, reserved 1058816K
  class space    used 1229K, capacity 1449K, committed 1536K, reserved 1048576K
}
Event: 3.781 GC heap before
{Heap before GC invocations=2 (full 0):
 garbage-first heap   total 131072K, used 26269K [0x0000000081e00000, 0x0000000100000000)
  region size 1024K, 23 young (23552K), 2 survivors (2048K)
 Metaspace       used 13387K, capacity 13959K, committed 14080K, reserved 1060864K
  class space    used 1464K, capacity 1679K, committed 1792K, reserved 1048576K
}
Event: 3.793 GC heap after
{Heap after GC invocations=3 (full 0):
 garbage-first heap   total 131072K, used 8022K [0x0000000081e00000, 0x0000000100000000)
  region size 1024K, 3 young (3072K), 3 survivors (3072K)
 Metaspace       used 13387K, capacity 13959K, committed 14080K, reserved 1060864K
  class space    used 1464K, capacity 1679K, committed 1792K, reserved 1048576K
}
Event: 5.249 GC heap before
{Heap before GC invocations=3 (full 0):
 garbage-first heap   total 131072K, used 82774K [0x0000000081e00000, 0x0000000100000000)
  region size 1024K, 76 young (77824K), 3 survivors (3072K)
 Metaspace       used 14227K, capacity 14860K, committed 15104K, reserved 1062912K
  class space    used 1539K, capacity 1785K, committed 1792K, reserved 1048576K
}
Event: 5.259 GC heap after
{Heap after GC invocations=4 (full 0):
 garbage-first heap   total 131072K, used 9605K [0x0000000081e00000, 0x0000000100000000)
  region size 1024K, 4 young (4096K), 4 survivors (4096K)
 Metaspace       used 14227K, capacity 14860K, committed 15104K, reserved 1062912K
  class space    used 1539K, capacity 1785K, committed 1792K, reserved 1048576K
}

Deoptimization events (20 events):
Event: 13.017 Thread 0x0000021162042800 DEOPT PACKING pc=0x00000211528748e4 sp=0x000000c2c00fdc30
Event: 13.018 Thread 0x0000021162042800 DEOPT UNPACKING pc=0x000002114ace912f sp=0x000000c2c00fdbd0 mode 2
Event: 13.028 Thread 0x0000021162042800 Uncommon trap: trap_request=0xffffff45 fr.pc=0x00000211528765b8 relative=0x00000000000006d8
Event: 13.028 Thread 0x0000021162042800 Uncommon trap: reason=unstable_if action=reinterpret pc=0x00000211528765b8 method=org.apache.tomcat.util.IntrospectionUtils.findMethod(Ljava/lang/Class;Ljava/lang/String;[Ljava/lang/Class;)Ljava/lang/reflect/Method; @ 95 c2
Event: 13.028 Thread 0x0000021162042800 DEOPT PACKING pc=0x00000211528765b8 sp=0x000000c2c00fd700
Event: 13.028 Thread 0x0000021162042800 DEOPT UNPACKING pc=0x000002114ace912f sp=0x000000c2c00fd6a0 mode 2
Event: 15.223 Thread 0x0000021162040000 Uncommon trap: trap_request=0xffffff45 fr.pc=0x0000021152908798 relative=0x0000000000004af8
Event: 15.223 Thread 0x0000021162040000 Uncommon trap: reason=unstable_if action=reinterpret pc=0x0000021152908798 method=org.apache.catalina.webresources.AbstractArchiveResourceSet.getResource(Ljava/lang/String;)Lorg/apache/catalina/WebResource; @ 290 c2
Event: 15.223 Thread 0x0000021162040000 DEOPT PACKING pc=0x0000021152908798 sp=0x000000c2c01fc620
Event: 15.223 Thread 0x0000021162040000 DEOPT UNPACKING pc=0x000002114ace912f sp=0x000000c2c01fc638 mode 2
Event: 15.519 Thread 0x0000021162040000 Uncommon trap: trap_request=0xffffffc6 fr.pc=0x00000211528ee85c relative=0x000000000000081c
Event: 15.519 Thread 0x0000021162040000 Uncommon trap: reason=bimorphic_or_optimized_type_check action=maybe_recompile pc=0x00000211528ee85c method=java.util.HashMap.putVal(ILjava/lang/Object;Ljava/lang/Object;ZZ)Ljava/lang/Object; @ 203 c2
Event: 15.519 Thread 0x0000021162040000 DEOPT PACKING pc=0x00000211528ee85c sp=0x000000c2c01fd2a0
Event: 15.519 Thread 0x0000021162040000 DEOPT UNPACKING pc=0x000002114ace912f sp=0x000000c2c01fd230 mode 2
Event: 15.519 Thread 0x0000021162040000 Uncommon trap: trap_request=0xffffffc6 fr.pc=0x00000211528ee85c relative=0x000000000000081c
Event: 15.519 Thread 0x0000021162040000 Uncommon trap: reason=bimorphic_or_optimized_type_check action=maybe_recompile pc=0x00000211528ee85c method=java.util.HashMap.putVal(ILjava/lang/Object;Ljava/lang/Object;ZZ)Ljava/lang/Object; @ 203 c2
Event: 15.519 Thread 0x0000021162040000 DEOPT PACKING pc=0x00000211528ee85c sp=0x000000c2c01fd2a0
Event: 15.519 Thread 0x0000021162040000 DEOPT UNPACKING pc=0x000002114ace912f sp=0x000000c2c01fd230 mode 2
Event: 16.024 Thread 0x0000021162040000 DEOPT PACKING pc=0x000002114b797928 sp=0x000000c2c01f8590
Event: 16.024 Thread 0x0000021162040000 DEOPT UNPACKING pc=0x000002114ace964e sp=0x000000c2c01f7aa0 mode 0

Classes unloaded (0 events):
No events

Classes redefined (0 events):
No events

Internal exceptions (20 events):
Event: 6.194 Thread 0x0000021161e21000 Exception <a 'java/lang/ClassNotFoundException'{0x000000008671c4c0}: javax/smartcardio/CardPermission> (0x000000008671c4c0) 
thrown [./open/src/hotspot/share/classfile/systemDictionary.cpp, line 226]
Event: 6.200 Thread 0x0000021161e21000 Exception <a 'java/io/FileNotFoundException'{0x000000008672acf8}> (0x000000008672acf8) 
thrown [./open/src/hotspot/share/prims/jni.cpp, line 599]
Event: 6.430 Thread 0x0000021161e21000 Exception <a 'java/io/FileNotFoundException'{0x00000000866eda30}> (0x00000000866eda30) 
thrown [./open/src/hotspot/share/prims/jni.cpp, line 599]
Event: 6.473 Thread 0x0000021161e21000 Implicit null exception at 0x000002114b51ff97 to 0x000002114b521f02
Event: 6.473 Thread 0x0000021161e21000 Exception <a 'java/lang/NullPointerException'{0x00000000865d94a0}> (0x00000000865d94a0) 
thrown [./open/src/hotspot/share/runtime/sharedRuntime.cpp, line 584]
Event: 6.473 Thread 0x0000021161e21000 Implicit null exception at 0x000002114b51ff97 to 0x000002114b521f02
Event: 6.473 Thread 0x0000021161e21000 Exception <a 'java/lang/NullPointerException'{0x00000000865d9cc0}> (0x00000000865d9cc0) 
thrown [./open/src/hotspot/share/runtime/sharedRuntime.cpp, line 584]
Event: 10.059 Thread 0x0000021162040000 Exception <a 'java/lang/NoSuchMethodError'{0x0000000085f42fc8}: 'void java.lang.invoke.DirectMethodHandle$Holder.invokeStatic(java.lang.Object, long)'> (0x0000000085f42fc8) 
thrown [./open/src/hotspot/share/interpreter/linkResolver.cpp, line 766]
Event: 10.061 Thread 0x0000021162040000 Exception <a 'java/lang/NoSuchMethodError'{0x0000000085f4a528}: 'java.lang.Object java.lang.invoke.DirectMethodHandle$Holder.invokeStatic(java.lang.Object, java.lang.Object, long, java.lang.Object)'> (0x0000000085f4a528) 
thrown [./open/src/hotspot/share/interpreter/linkResolver.cpp, line 766]
Event: 10.062 Thread 0x0000021162040000 Exception <a 'java/lang/NoSuchMethodError'{0x0000000085f4d4c0}: 'java.lang.Object java.lang.invoke.DirectMethodHandle$Holder.invokeStaticInit(java.lang.Object, java.lang.Object, long, java.lang.Object)'> (0x0000000085f4d4c0) 
thrown [./open/src/hotspot/share/interpreter/linkResolver.cpp, line 766]
Event: 12.980 Thread 0x0000021162042800 Exception <a 'java/io/FileNotFoundException'{0x0000000085f9b370}> (0x0000000085f9b370) 
thrown [./open/src/hotspot/share/prims/jni.cpp, line 599]
Event: 13.012 Thread 0x0000021162042800 Exception <a 'java/io/FileNotFoundException'{0x0000000085e31ed8}> (0x0000000085e31ed8) 
thrown [./open/src/hotspot/share/prims/jni.cpp, line 599]
Event: 13.078 Thread 0x0000021162042800 Exception <a 'java/io/FileNotFoundException'{0x0000000085dd4b70}> (0x0000000085dd4b70) 
thrown [./open/src/hotspot/share/prims/jni.cpp, line 599]
Event: 15.078 Thread 0x0000021162040000 Exception <a 'java/lang/ClassNotFoundException'{0x0000000085f5b0f0}: sun/awt/resources/spi/awtProvider> (0x0000000085f5b0f0) 
thrown [./open/src/hotspot/share/classfile/systemDictionary.cpp, line 226]
Event: 15.086 Thread 0x0000021162040000 Exception <a 'java/io/FileNotFoundException'{0x0000000085f5e878}> (0x0000000085f5e878) 
thrown [./open/src/hotspot/share/prims/jni.cpp, line 599]
Event: 15.087 Thread 0x0000021162040000 Exception <a 'java/io/FileNotFoundException'{0x0000000085f60770}> (0x0000000085f60770) 
thrown [./open/src/hotspot/share/prims/jni.cpp, line 599]
Event: 15.401 Thread 0x0000021162040000 Exception <a 'java/lang/NoSuchMethodError'{0x000000008595e9b0}: 'int java.lang.invoke.DirectMethodHandle$Holder.invokeStaticInit(java.lang.Object, java.lang.Object, java.lang.Object, java.lang.Object)'> (0x000000008595e9b0) 
thrown [./open/src/hotspot/share/interpreter/linkResolver.cpp, line 766]
Event: 15.406 Thread 0x0000021162040000 Exception <a 'java/lang/IncompatibleClassChangeError'{0x0000000085966c60}: Found class java.lang.Object, but interface was expected> (0x0000000085966c60) 
thrown [./open/src/hotspot/share/interpreter/linkResolver.cpp, line 832]
Event: 15.407 Thread 0x0000021162040000 Exception <a 'java/lang/NoSuchMethodError'{0x00000000859697f8}: 'void java.lang.invoke.DirectMethodHandle$Holder.invokeStaticInit(java.lang.Object, java.lang.Object)'> (0x00000000859697f8) 
thrown [./open/src/hotspot/share/interpreter/linkResolver.cpp, line 766]
Event: 15.409 Thread 0x0000021162040000 Exception <a 'java/lang/NoSuchMethodError'{0x000000008596e4d8}: 'int java.lang.invoke.DirectMethodHandle$Holder.invokeStaticInit(java.lang.Object, java.lang.Object)'> (0x000000008596e4d8) 
thrown [./open/src/hotspot/share/interpreter/linkResolver.cpp, line 766]

Events (20 events):
Event: 16.065 loading class sun/java2d/loops/GraphicsPrimitiveProxy
Event: 16.065 loading class sun/java2d/loops/GraphicsPrimitiveProxy done
Event: 16.065 loading class sun/java2d/loops/GeneralRenderer
Event: 16.065 loading class sun/java2d/loops/GeneralRenderer done
Event: 16.067 loading class sun/java2d/loops/GraphicsPrimitiveMgr$1
Event: 16.068 loading class sun/java2d/loops/GraphicsPrimitiveMgr$1 done
Event: 16.068 loading class sun/java2d/loops/GraphicsPrimitiveMgr$2
Event: 16.069 loading class sun/java2d/loops/GraphicsPrimitiveMgr$2 done
Event: 16.069 loading class sun/java2d/loops/GraphicsPrimitiveMgr$PrimitiveSpec
Event: 16.069 loading class sun/java2d/loops/GraphicsPrimitiveMgr$PrimitiveSpec done
Event: 16.072 loading class sun/awt/image/BufferedImageGraphicsConfig
Event: 16.073 loading class sun/awt/image/BufferedImageGraphicsConfig done
Event: 16.073 loading class sun/awt/image/BufferedImageDevice
Event: 16.073 loading class sun/awt/image/BufferedImageDevice done
Event: 16.073 loading class java/awt/image/MultiResolutionImage
Event: 16.073 loading class java/awt/image/MultiResolutionImage done
Event: 16.073 loading class sun/awt/image/ToolkitImage
Event: 16.074 loading class sun/awt/image/ToolkitImage done
Event: 16.082 loading class java/lang/StrictMath
Event: 16.083 loading class java/lang/StrictMath done


Dynamic libraries:
0x00007ff631d60000 - 0x00007ff631d6f000 	C:\Program Files\Java\jdk-14.0.1\bin\java.exe
0x00007fffa9810000 - 0x00007fffa9a06000 	C:\Windows\SYSTEM32\ntdll.dll
0x00007fffa9710000 - 0x00007fffa97cd000 	C:\Windows\System32\KERNEL32.DLL
0x00007fffa74c0000 - 0x00007fffa7788000 	C:\Windows\System32\KERNELBASE.dll
0x00007fffa7010000 - 0x00007fffa7110000 	C:\Windows\System32\ucrtbase.dll
0x00007fff9f460000 - 0x00007fff9f475000 	C:\Program Files\Java\jdk-14.0.1\bin\VCRUNTIME140.dll
0x00007fff9f480000 - 0x00007fff9f498000 	C:\Program Files\Java\jdk-14.0.1\bin\jli.dll
0x00007fffa9580000 - 0x00007fffa962a000 	C:\Windows\System32\ADVAPI32.dll
0x00007fffa91f0000 - 0x00007fffa928e000 	C:\Windows\System32\msvcrt.dll
0x00007fffa94e0000 - 0x00007fffa957b000 	C:\Windows\System32\sechost.dll
0x00007fffa8380000 - 0x00007fffa84a4000 	C:\Windows\System32\RPCRT4.dll
0x00007fffa7e60000 - 0x00007fffa8000000 	C:\Windows\System32\USER32.dll
0x00007fffa7110000 - 0x00007fffa7132000 	C:\Windows\System32\win32u.dll
0x00007fffa7cf0000 - 0x00007fffa7d1a000 	C:\Windows\System32\GDI32.dll
0x00007fffa73b0000 - 0x00007fffa74b9000 	C:\Windows\System32\gdi32full.dll
0x00007fff92fa0000 - 0x00007fff9323b000 	C:\Windows\WinSxS\amd64_microsoft.windows.common-controls_6595b64144ccf1df_6.0.19041.488_none_ca04af081b815d21\COMCTL32.dll
0x00007fffa7790000 - 0x00007fffa782d000 	C:\Windows\System32\msvcp_win.dll
0x00007fff9f4a0000 - 0x00007fff9f4aa000 	C:\Windows\SYSTEM32\VERSION.dll
0x00007fffa96e0000 - 0x00007fffa9710000 	C:\Windows\System32\IMM32.DLL
0x00007fff79820000 - 0x00007fff798bb000 	C:\Program Files\Java\jdk-14.0.1\bin\msvcp140.dll
0x00007fff4c9d0000 - 0x00007fff4d4ee000 	C:\Program Files\Java\jdk-14.0.1\bin\server\jvm.dll
0x00007fffa7d20000 - 0x00007fffa7d28000 	C:\Windows\System32\PSAPI.DLL
0x00007fff97900000 - 0x00007fff97909000 	C:\Windows\SYSTEM32\WSOCK32.dll
0x00007fff98960000 - 0x00007fff98987000 	C:\Windows\SYSTEM32\WINMM.dll
0x00007fffa82f0000 - 0x00007fffa835b000 	C:\Windows\System32\WS2_32.dll
0x00007fffa4e70000 - 0x00007fffa4e82000 	C:\Windows\SYSTEM32\kernel.appcore.dll
0x00007fff9f450000 - 0x00007fff9f45a000 	C:\Program Files\Java\jdk-14.0.1\bin\jimage.dll
0x00007fff96220000 - 0x00007fff96404000 	C:\Windows\SYSTEM32\DBGHELP.DLL
0x00007fff961f0000 - 0x00007fff9621c000 	C:\Windows\SYSTEM32\dbgcore.DLL
0x00007fffa72d0000 - 0x00007fffa734f000 	C:\Windows\System32\bcryptPrimitives.dll
0x00007fff98900000 - 0x00007fff98925000 	C:\Program Files\Java\jdk-14.0.1\bin\java.dll
0x00007fff9f430000 - 0x00007fff9f446000 	C:\Program Files\Java\jdk-14.0.1\bin\zip.dll
0x00007fffa8ab0000 - 0x00007fffa91f0000 	C:\Windows\System32\SHELL32.dll
0x00007fffa5070000 - 0x00007fffa5804000 	C:\Windows\SYSTEM32\windows.storage.dll
0x00007fffa8750000 - 0x00007fffa8aa5000 	C:\Windows\System32\combase.dll
0x00007fffa6960000 - 0x00007fffa698c000 	C:\Windows\SYSTEM32\Wldp.dll
0x00007fffa9290000 - 0x00007fffa933e000 	C:\Windows\System32\SHCORE.dll
0x00007fffa9420000 - 0x00007fffa9475000 	C:\Windows\System32\shlwapi.dll
0x00007fffa6e90000 - 0x00007fffa6eb6000 	C:\Windows\SYSTEM32\profapi.dll
0x00007fff988e0000 - 0x00007fff988f9000 	C:\Program Files\Java\jdk-14.0.1\bin\net.dll
0x00007fff994a0000 - 0x00007fff995a0000 	C:\Windows\SYSTEM32\WINHTTP.dll
0x00007fffa6660000 - 0x00007fffa66ca000 	C:\Windows\system32\mswsock.dll
0x00007fff98890000 - 0x00007fff988a2000 	C:\Program Files\Java\jdk-14.0.1\bin\nio.dll
0x00007fff94170000 - 0x00007fff94179000 	C:\Program Files\Java\jdk-14.0.1\bin\management_agent.dll
0x00007fff98870000 - 0x00007fff98879000 	C:\Program Files\Java\jdk-14.0.1\bin\management.dll
0x00007fff97800000 - 0x00007fff9780b000 	C:\Program Files\Java\jdk-14.0.1\bin\management_ext.dll
0x00007fff7a3a0000 - 0x00007fff7a3b7000 	C:\Windows\system32\napinsp.dll
0x00007fff61fa0000 - 0x00007fff61fbb000 	C:\Windows\system32\pnrpnsp.dll
0x00007fff78ca0000 - 0x00007fff78cb5000 	C:\Windows\system32\wshbth.dll
0x00007fffa29f0000 - 0x00007fffa2a0d000 	C:\Windows\system32\NLAapi.dll
0x00007fffa6340000 - 0x00007fffa637b000 	C:\Windows\SYSTEM32\IPHLPAPI.DLL
0x00007fffa6380000 - 0x00007fffa644b000 	C:\Windows\SYSTEM32\DNSAPI.dll
0x00007fffa8530000 - 0x00007fffa8539000 	C:\Windows\System32\NSI.dll
0x00007fff61f80000 - 0x00007fff61f92000 	C:\Windows\System32\winrnr.dll
0x00007fff99480000 - 0x00007fff9948a000 	C:\Windows\System32\rasadhlp.dll
0x00007fff99020000 - 0x00007fff9909f000 	C:\Windows\System32\fwpuclnt.dll
0x00007fffa7140000 - 0x00007fffa7167000 	C:\Windows\System32\bcrypt.dll
0x00007fffa68c0000 - 0x00007fffa68d8000 	C:\Windows\SYSTEM32\CRYPTSP.dll
0x00007fffa5fd0000 - 0x00007fffa6004000 	C:\Windows\system32\rsaenh.dll
0x00007fffa6e50000 - 0x00007fffa6e7e000 	C:\Windows\SYSTEM32\USERENV.dll
0x00007fffa68b0000 - 0x00007fffa68bc000 	C:\Windows\SYSTEM32\CRYPTBASE.dll
0x00007fff9f530000 - 0x00007fff9f547000 	C:\Windows\SYSTEM32\dhcpcsvc6.DLL
0x00007fff9f4b0000 - 0x00007fff9f4cd000 	C:\Windows\SYSTEM32\dhcpcsvc.DLL
0x0000000180000000 - 0x0000000180285000 	C:\tomcat\bin\tcnative-1.dll
0x00007fffa7170000 - 0x00007fffa72cd000 	C:\Windows\System32\CRYPT32.dll
0x00007fff98880000 - 0x00007fff98890000 	C:\Program Files\Java\jdk-14.0.1\bin\verify.dll
0x00007fff5fbc0000 - 0x00007fff5fd58000 	C:\Program Files\Java\jdk-14.0.1\bin\awt.dll
0x00007fffa8130000 - 0x00007fffa81fd000 	C:\Windows\System32\OLEAUT32.dll
0x00007fffa4820000 - 0x00007fffa48b0000 	C:\Windows\SYSTEM32\apphelp.dll
0x00007fffa4b80000 - 0x00007fffa4baf000 	C:\Windows\system32\DWMAPI.DLL
0x00007fffa49b0000 - 0x00007fffa4a4f000 	C:\Windows\system32\uxtheme.dll
0x00007fff88af0000 - 0x00007fff88c15000 	C:\Windows\system32\opengl32.dll
0x00007fff89430000 - 0x00007fff8945c000 	C:\Windows\SYSTEM32\GLU32.dll
0x00007fffa7d40000 - 0x00007fffa7e55000 	C:\Windows\System32\MSCTF.dll
0x00007fffa8000000 - 0x00007fffa812a000 	C:\Windows\System32\ole32.dll
0x0000021142470000 - 0x00000211424a7000 	C:\tomcat\temp\jna2937348389861294846.dll
0x00007fff308f0000 - 0x00007fff30bad000 	C:\tomcat\temp\tess4j\win32-x86-64\libtesseract411.dll
0x00007fff30510000 - 0x00007fff308e8000 	C:\tomcat\temp\tess4j\win32-x86-64\liblept1790.dll
0x00007fffa2b30000 - 0x00007fffa2b3c000 	C:\Windows\SYSTEM32\VCRUNTIME140_1.dll

dbghelp: loaded successfully - version: 4.0.5 - missing functions: none
symbol engine: initialized successfully - sym options: 0x614 - pdb path: .;C:\Program Files\Java\jdk-14.0.1\bin;C:\Windows\SYSTEM32;C:\Windows\WinSxS\amd64_microsoft.windows.common-controls_6595b64144ccf1df_6.0.19041.488_none_ca04af081b815d21;C:\Program Files\Java\jdk-14.0.1\bin\server;C:\tomcat\bin;C:\tomcat\temp;C:\tomcat\temp\tess4j\win32-x86-64

VM Arguments:
jvm_args: --add-opens=java.base/java.lang=ALL-UNNAMED --add-opens=java.base/java.io=ALL-UNNAMED --add-opens=java.rmi/sun.rmi.transport=ALL-UNNAMED -Djava.util.logging.config.file=C:\Users\danie\AppData\Local\JetBrains\IntelliJIdea2020.1\tomcat\Tomcat_9_0_39_SL-P3-MSDOS-WEB\conf\logging.properties -Djava.util.logging.manager=org.apache.juli.ClassLoaderLogManager -Dcom.sun.management.jmxremote= -Dcom.sun.management.jmxremote.port=1099 -Dcom.sun.management.jmxremote.ssl=false -Dcom.sun.management.jmxremote.password.file=C:\Users\danie\AppData\Local\JetBrains\IntelliJIdea2020.1\tomcat\Tomcat_9_0_39_SL-P3-MSDOS-WEB\jmxremote.password -Dcom.sun.management.jmxremote.access.file=C:\Users\danie\AppData\Local\JetBrains\IntelliJIdea2020.1\tomcat\Tomcat_9_0_39_SL-P3-MSDOS-WEB\jmxremote.access -Djava.rmi.server.hostname=127.0.0.1 -Djdk.tls.ephemeralDHKeySize=2048 -Djava.protocol.handler.pkgs=org.apache.catalina.webresources -Dignore.endorsed.dirs= -Dcatalina.base=C:\Users\danie\AppData\Local\JetBrains\IntelliJIdea2020.1\tomcat\Tomcat_9_0_39_SL-P3-MSDOS-WEB -Dcatalina.home=C:\tomcat -Djava.io.tmpdir=C:\tomcat\temp 
java_command: org.apache.catalina.startup.Bootstrap start
java_class_path (initial): C:\tomcat\bin\bootstrap.jar;C:\tomcat\bin\tomcat-juli.jar
Launcher Type: SUN_STANDARD

[Global flags]
     intx CICompilerCount                          = 3                                         {product} {ergonomic}
     uint ConcGCThreads                            = 1                                         {product} {ergonomic}
     uint G1ConcRefinementThreads                  = 4                                         {product} {ergonomic}
   size_t G1HeapRegionSize                         = 1048576                                   {product} {ergonomic}
    uintx GCDrainStackTargetSize                   = 64                                        {product} {ergonomic}
   size_t InitialHeapSize                          = 134217728                                 {product} {ergonomic}
     bool ManagementServer                         = true                                      {product} {command line}
   size_t MarkStackSize                            = 4194304                                   {product} {ergonomic}
   size_t MaxHeapSize                              = 2116026368                                {product} {ergonomic}
   size_t MaxNewSize                               = 1268776960                                {product} {ergonomic}
   size_t MinHeapDeltaBytes                        = 1048576                                   {product} {ergonomic}
   size_t MinHeapSize                              = 8388608                                   {product} {ergonomic}
    uintx NonNMethodCodeHeapSize                   = 5832780                                {pd product} {ergonomic}
    uintx NonProfiledCodeHeapSize                  = 122912730                              {pd product} {ergonomic}
    uintx ProfiledCodeHeapSize                     = 122912730                              {pd product} {ergonomic}
    uintx ReservedCodeCacheSize                    = 251658240                              {pd product} {ergonomic}
     bool SegmentedCodeCache                       = true                                      {product} {ergonomic}
   size_t SoftMaxHeapSize                          = 2116026368                             {manageable} {ergonomic}
     bool UseCompressedClassPointers               = true                                 {lp64_product} {ergonomic}
     bool UseCompressedOops                        = true                                 {lp64_product} {ergonomic}
     bool UseG1GC                                  = true                                      {product} {ergonomic}
     bool UseLargePagesIndividualAllocation        = false                                  {pd product} {ergonomic}

Logging:
Log output configuration:
 #0: stdout all=warning uptime,level,tags
 #1: stderr all=off uptime,level,tags

Environment Variables:
JAVA_HOME=C:\Program Files\Java\jdk-14.0.1
JRE_HOME=C:\Program Files\Java\jdk-14.0.1
CLASSPATH=C:\tomcat\bin\bootstrap.jar;C:\tomcat\bin\tomcat-juli.jar
PATH=C:\Program Files (x86)\VMware\VMware Player\bin\;C:\Windows\system32;C:\Windows;C:\Windows\System32\Wbem;C:\Windows\System32\WindowsPowerShell\v1.0\;C:\Windows\System32\OpenSSH\;C:\Program Files\Git\cmd;C:\Users\danie\AppData\Local\Microsoft\WindowsApps;C:\Program Files\JetBrains\IntelliJ IDEA 2020.1.2\bin;C:\adb;C:\Program Files\erl10.3\bin;C:\Program Files (x86)\Elixir\bin;C:\Users\danie\.mix\escripts;C:\Program Files\PuTTY\;C:\Program Files\nodejs\;C:\Program Files\Java\jdk-14.0.1\bin;;C:\Program Files\Docker\Docker\resources\bin;C:\ProgramData\DockerDesktop\version-bin;C:\Users\danie\AppData\Local\Microsoft\WindowsApps;C:\Program Files\JetBrains\IntelliJ IDEA 2020.1.2\bin;;C:\Users\danie\AppData\Roaming\npm;C:\Users\danie\AppData\Local\Programs\Microsoft VS Code\bin;C:\Program Files\Java\jdk-14.0.1\bin;
USERNAME=danie
OS=Windows_NT
PROCESSOR_IDENTIFIER=Intel64 Family 6 Model 78 Stepping 3, GenuineIntel



---------------  S Y S T E M  ---------------

OS: Windows 10 , 64 bit Build 19041 (10.0.19041.546)
OS uptime: 0 days 2:52 hours
HyperV virtualization detected

CPU:total 4 (initial active 4) (2 cores per cpu, 2 threads per core) family 6 model 78 stepping 3, cmov, cx8, fxsr, mmx, sse, sse2, sse3, ssse3, sse4.1, sse4.2, popcnt, avx, avx2, aes, clmul, erms, 3dnowpref, lzcnt, ht, tsc, tscinvbit, bmi1, bmi2, adx, fma

Memory: 4k page, system-wide physical 8065M (1279M free)
TotalPageFile size 12417M (AvailPageFile size 2824M)
current process WorkingSet (physical memory assigned to process): 193M, peak: 193M
current process commit charge ("private bytes"): 249M, peak: 265M

vm_info: Java HotSpot(TM) 64-Bit Server VM (14.0.1+7) for windows-amd64 JRE (14.0.1+7), built on Mar  5 2020 10:30:14 by "mach5one" with MS VC++ 15.9 (VS2017)

END.
