#
# A fatal error has been detected by the Java Runtime Environment:
#
#  EXCEPTION_ACCESS_VIOLATION (0xc0000005) at pc=0x00007fff3099ce8d, pid=12620, tid=3016
#
# JRE version: Java(TM) SE Runtime Environment (14.0.1+7) (build 14.0.1+7)
# Java VM: Java HotSpot(TM) 64-Bit Server VM (14.0.1+7, mixed mode, sharing, tiered, compressed oops, g1 gc, windows-amd64)
# Problematic frame:
# C  [libtesseract411.dll+0xace8d]
#
# No core dump will be written. Minidumps are not enabled by default on client versions of Windows
#
# If you would like to submit a bug report, please visit:
#   https://bugreport.java.com/bugreport/crash.jsp
# The crash happened outside the Java Virtual Machine in native code.
# See problematic frame for where to report the bug.
#

---------------  S U M M A R Y ------------

Command Line: --add-opens=java.base/java.lang=ALL-UNNAMED --add-opens=java.base/java.io=ALL-UNNAMED --add-opens=java.rmi/sun.rmi.transport=ALL-UNNAMED -Djava.util.logging.config.file=C:\Users\danie\AppData\Local\JetBrains\IntelliJIdea2020.1\tomcat\Tomcat_9_0_39_SL-P3-MSDOS-WEB\conf\logging.properties -Djava.util.logging.manager=org.apache.juli.ClassLoaderLogManager -Dcom.sun.management.jmxremote= -Dcom.sun.management.jmxremote.port=1099 -Dcom.sun.management.jmxremote.ssl=false -Dcom.sun.management.jmxremote.password.file=C:\Users\danie\AppData\Local\JetBrains\IntelliJIdea2020.1\tomcat\Tomcat_9_0_39_SL-P3-MSDOS-WEB\jmxremote.password -Dcom.sun.management.jmxremote.access.file=C:\Users\danie\AppData\Local\JetBrains\IntelliJIdea2020.1\tomcat\Tomcat_9_0_39_SL-P3-MSDOS-WEB\jmxremote.access -Djava.rmi.server.hostname=127.0.0.1 -Djdk.tls.ephemeralDHKeySize=2048 -Djava.protocol.handler.pkgs=org.apache.catalina.webresources -Dignore.endorsed.dirs= -Dcatalina.base=C:\Users\danie\AppData\Local\JetBrains\IntelliJIdea2020.1\tomcat\Tomcat_9_0_39_SL-P3-MSDOS-WEB -Dcatalina.home=C:\tomcat -Djava.io.tmpdir=C:\tomcat\temp org.apache.catalina.startup.Bootstrap start

Host: Intel(R) Core(TM) i3-6006U CPU @ 2.00GHz, 4 cores, 7G,  Windows 10 , 64 bit Build 19041 (10.0.19041.546)
Time: Wed Nov  4 03:24:52 2020 Hora estándar romance elapsed time: 16 seconds (0d 0h 0m 16s)

---------------  T H R E A D  ---------------

Current thread (0x000001a7da303800):  JavaThread "http-nio-8080-exec-4" daemon [_thread_in_native, id=3016, stack(0x0000000519600000,0x0000000519700000)]

Stack: [0x0000000519600000,0x0000000519700000],  sp=0x00000005196fd450,  free space=1013k
Native frames: (J=compiled Java code, j=interpreted, Vv=VM code, C=native code)
C  [libtesseract411.dll+0xace8d]

Java frames: (J=compiled Java code, j=interpreted, Vv=VM code)
j  net.sourceforge.tess4j.TessAPI1.TessBaseAPIGetUTF8Text(Lnet/sourceforge/tess4j/ITessAPI$TessBaseAPI;)Lcom/sun/jna/Pointer;+0
j  net.sourceforge.tess4j.Tesseract1.getOCRText(Ljava/lang/String;I)Ljava/lang/String;+223
j  net.sourceforge.tess4j.Tesseract1.doOCR(Ljava/util/List;Ljava/lang/String;Ljava/awt/Rectangle;)Ljava/lang/String;+69
j  net.sourceforge.tess4j.Tesseract1.doOCR(Ljava/util/List;Ljava/awt/Rectangle;)Ljava/lang/String;+4
j  net.sourceforge.tess4j.Tesseract1.doOCR(Ljava/awt/image/BufferedImage;Ljava/awt/Rectangle;)Ljava/lang/String;+6
j  net.sourceforge.tess4j.Tesseract1.doOCR(Ljava/awt/image/BufferedImage;)Ljava/lang/String;+3
j  controller.DOSWrapper.doScreensCapture()Ljava/lang/String;+28
j  controller.DOSWrapper.getGames()Ljava/util/List;+22
j  dao.GetAllGames.doPost(Ljavax/servlet/http/HttpServletRequest;Ljavax/servlet/http/HttpServletResponse;)V+36
j  javax.servlet.http.HttpServlet.service(Ljavax/servlet/http/HttpServletRequest;Ljavax/servlet/http/HttpServletResponse;)V+149
j  javax.servlet.http.HttpServlet.service(Ljavax/servlet/ServletRequest;Ljavax/servlet/ServletResponse;)V+36
j  org.apache.catalina.core.ApplicationFilterChain.internalDoFilter(Ljavax/servlet/ServletRequest;Ljavax/servlet/ServletResponse;)V+304
j  org.apache.catalina.core.ApplicationFilterChain.doFilter(Ljavax/servlet/ServletRequest;Ljavax/servlet/ServletResponse;)V+101
j  org.apache.tomcat.websocket.server.WsFilter.doFilter(Ljavax/servlet/ServletRequest;Ljavax/servlet/ServletResponse;Ljavax/servlet/FilterChain;)V+21
j  org.apache.catalina.core.ApplicationFilterChain.internalDoFilter(Ljavax/servlet/ServletRequest;Ljavax/servlet/ServletResponse;)V+135
j  org.apache.catalina.core.ApplicationFilterChain.doFilter(Ljavax/servlet/ServletRequest;Ljavax/servlet/ServletResponse;)V+101
j  org.apache.catalina.core.StandardWrapperValve.invoke(Lorg/apache/catalina/connector/Request;Lorg/apache/catalina/connector/Response;)V+694
j  org.apache.catalina.core.StandardContextValve.invoke(Lorg/apache/catalina/connector/Request;Lorg/apache/catalina/connector/Response;)V+169
j  org.apache.catalina.authenticator.AuthenticatorBase.invoke(Lorg/apache/catalina/connector/Request;Lorg/apache/catalina/connector/Response;)V+260
j  org.apache.catalina.core.StandardHostValve.invoke(Lorg/apache/catalina/connector/Request;Lorg/apache/catalina/connector/Response;)V+128
j  org.apache.catalina.valves.ErrorReportValve.invoke(Lorg/apache/catalina/connector/Request;Lorg/apache/catalina/connector/Response;)V+6
j  org.apache.catalina.valves.AbstractAccessLogValve.invoke(Lorg/apache/catalina/connector/Request;Lorg/apache/catalina/connector/Response;)V+66
j  org.apache.catalina.core.StandardEngineValve.invoke(Lorg/apache/catalina/connector/Request;Lorg/apache/catalina/connector/Response;)V+59
j  org.apache.catalina.connector.CoyoteAdapter.service(Lorg/apache/coyote/Request;Lorg/apache/coyote/Response;)V+199
j  org.apache.coyote.http11.Http11Processor.service(Lorg/apache/tomcat/util/net/SocketWrapperBase;)Lorg/apache/tomcat/util/net/AbstractEndpoint$Handler$SocketState;+735
j  org.apache.coyote.AbstractProcessorLight.process(Lorg/apache/tomcat/util/net/SocketWrapperBase;Lorg/apache/tomcat/util/net/SocketEvent;)Lorg/apache/tomcat/util/net/AbstractEndpoint$Handler$SocketState;+170
j  org.apache.coyote.AbstractProtocol$ConnectionHandler.process(Lorg/apache/tomcat/util/net/SocketWrapperBase;Lorg/apache/tomcat/util/net/SocketEvent;)Lorg/apache/tomcat/util/net/AbstractEndpoint$Handler$SocketState;+505
j  org.apache.tomcat.util.net.NioEndpoint$SocketProcessor.doRun()V+214
j  org.apache.tomcat.util.net.SocketProcessorBase.run()V+21
j  java.util.concurrent.ThreadPoolExecutor.runWorker(Ljava/util/concurrent/ThreadPoolExecutor$Worker;)V+92 java.base@14.0.1
j  java.util.concurrent.ThreadPoolExecutor$Worker.run()V+5 java.base@14.0.1
j  org.apache.tomcat.util.threads.TaskThread$WrappingRunnable.run()V+4
j  java.lang.Thread.run()V+11 java.base@14.0.1
v  ~StubRoutines::call_stub

siginfo: EXCEPTION_ACCESS_VIOLATION (0xc0000005), reading address 0x000000000000000c


Register to memory mapping:

RIP=0x00007fff3099ce8d libtesseract411.dll
RAX=0x0 is NULL
RBX=0x0000000000000004 is an unknown value
RCX=0x00000005196fd4f0 is pointing into the stack for thread: 0x000001a7da303800
RDX=0x000001a7daa38288 points into unknown readable memory: 00 00 00 00 00 00 00 00
RSP=0x00000005196fd450 is pointing into the stack for thread: 0x000001a7da303800
RBP=0x00000005196fd550 is pointing into the stack for thread: 0x000001a7da303800
RSI=0x000001a7daa16800 points into unknown readable memory: d8 b8 b5 30 ff 7f 00 00
RDI=0x0 is NULL
R8 =0x000001a7da3ca370 points into unknown readable memory: 20 eb 2d db a7 01 00 00
R9 =0x0 is NULL
R10=0x0 is NULL
R11=0x0 is NULL
R12=0x0 is NULL
R13=0xffffffffffffffff is an unknown value
R14=0x0 is NULL
R15=0x000001a7da260bf0 points into unknown readable memory: 00 00 00 00 00 00 00 00


Registers:
RAX=0x0000000000000000, RBX=0x0000000000000004, RCX=0x00000005196fd4f0, RDX=0x000001a7daa38288
RSP=0x00000005196fd450, RBP=0x00000005196fd550, RSI=0x000001a7daa16800, RDI=0x0000000000000000
R8 =0x000001a7da3ca370, R9 =0x0000000000000000, R10=0x0000000000000000, R11=0x0000000000000000
R12=0x0000000000000000, R13=0xffffffffffffffff, R14=0x0000000000000000, R15=0x000001a7da260bf0
RIP=0x00007fff3099ce8d, EFLAGS=0x0000000000010246

Top of Stack: (sp=0x00000005196fd450)
0x00000005196fd450:   0000000000000004 00000005196fd4a0
0x00000005196fd460:   000001a7dac8f801 00ec01ce00e20101
0x00000005196fd470:   000001a7b8710000 000001a700000002
0x00000005196fd480:   000000e200ec0001 000001a7000001ce
0x00000005196fd490:   00ec005e00000037 000001a7d99d7a10
0x00000005196fd4a0:   00ec005e00e20037 000001a7d99d7a10
0x00000005196fd4b0:   000001a7d99d7b90 000001a7d99d7c50
0x00000005196fd4c0:   00ec005e00e20037 000001a7d99d7a10
0x00000005196fd4d0:   000001a7d99d7a10 000001a7dafb47a0
0x00000005196fd4e0:   000001a7dafb3b40 000001a7dafae250
0x00000005196fd4f0:   000001a7da260bf0 0000000000000000
0x00000005196fd500:   0000000000000000 0000000000000000
0x00000005196fd510:   000001a7db2dbfd0 000001a7da3ca350
0x00000005196fd520:   000001a7d99d8450 000001a7db2df990
0x00000005196fd530:   000001a7da3ca350 000001a7d99d8450
0x00000005196fd540:   000001a7da260bf8 000001a7d99d8450 

Instructions: (pc=0x00007fff3099ce8d)
0x00007fff3099cd8d:   4c 89 75 e8 4c 89 75 e0 4c 89 75 d8 45 33 c0 b2
0x00007fff3099cd9d:   01 48 8d 4d a0 e8 19 17 07 00 45 33 c0 33 d2 48
0x00007fff3099cdad:   8d 4d a0 e8 0b 17 07 00 44 38 b6 98 23 02 00 74
0x00007fff3099cdbd:   0e c6 86 c0 23 02 00 01 c6 86 00 33 02 00 01 bb
0x00007fff3099cdcd:   04 00 00 00 4c 8d 6b fb 83 bd 58 01 00 00 01 0f
0x00007fff3099cddd:   87 c1 06 00 00 48 8b 45 a0 48 83 c0 08 48 89 45
0x00007fff3099cded:   f0 48 8b 00 48 89 45 f8 48 85 c0 74 05 48 8b 00
0x00007fff3099cdfd:   eb 03 49 8b c6 48 89 45 00 48 85 c0 74 05 48 8b
0x00007fff3099ce0d:   08 eb 03 49 8b ce 48 89 4d 08 4c 89 75 10 66 44
0x00007fff3099ce1d:   89 75 18 48 85 c0 74 06 48 89 45 10 eb 04 c6 45
0x00007fff3099ce2d:   19 01 44 88 75 1a 4c 89 75 b8 4c 89 75 b0 4c 89
0x00007fff3099ce3d:   75 a8 4c 89 75 d0 4c 89 75 c8 4c 89 75 c0 4c 89
0x00007fff3099ce4d:   75 e8 4c 89 75 e0 4c 89 75 d8 45 33 c0 b2 01 48
0x00007fff3099ce5d:   8d 4d a0 e8 5b 16 07 00 45 33 c0 33 d2 48 8d 4d
0x00007fff3099ce6d:   a0 e8 4d 16 07 00 44 39 b6 b0 14 00 00 7e 0a 48
0x00007fff3099ce7d:   8b ce e8 3c 74 f9 ff eb 2d 48 8b 86 28 0a 00 00
0x00007fff3099ce8d:   44 38 70 0c 74 20 48 8b 8e 30 0a 00 00 48 85 c9
0x00007fff3099ce9d:   74 05 e8 6c 10 f9 ff 48 8b ce e8 f4 11 f9 ff 48
0x00007fff3099cead:   89 86 30 0a 00 00 41 8b fe 44 39 b6 80 49 02 00
0x00007fff3099cebd:   0f 8e a9 00 00 00 48 8b 86 88 49 02 00 49 8b 1c
0x00007fff3099cecd:   06 8b 93 b0 14 00 00 85 d2 7e 4d 48 83 bb 30 0a
0x00007fff3099cedd:   00 00 00 75 0a 48 8b cb e8 46 74 f9 ff eb 66 83
0x00007fff3099ceed:   bb d8 04 00 00 00 7e 0c 48 8d 0d a4 b6 15 00 e8
0x00007fff3099cefd:   1f 55 10 00 48 8b 8b 28 0a 00 00 e8 03 10 f9 ff
0x00007fff3099cf0d:   48 8b 83 30 0a 00 00 48 89 83 28 0a 00 00 33 c0
0x00007fff3099cf1d:   89 83 b0 14 00 00 eb 26 48 8b 83 28 0a 00 00 80
0x00007fff3099cf2d:   78 0c 00 74 20 48 8b 8b 30 0a 00 00 48 85 c9 74
0x00007fff3099cf3d:   05 e8 cd 0f f9 ff 48 8b cb e8 55 11 f9 ff 48 89
0x00007fff3099cf4d:   83 30 0a 00 00 ff c7 49 83 c6 08 3b be 80 49 02
0x00007fff3099cf5d:   00 0f 8c 5f ff ff ff 45 33 f6 bb 04 00 00 00 44
0x00007fff3099cf6d:   89 74 24 30 48 89 5d 98 b9 08 01 00 00 e8 b1 38
0x00007fff3099cf7d:   f8 ff 48 89 45 90 48 85 c0 74 2d 48 89 18 48 8d 


Stack slot to memory mapping:
stack at sp + 0 slots: 0x0000000000000004 is an unknown value
stack at sp + 1 slots: 0x00000005196fd4a0 is pointing into the stack for thread: 0x000001a7da303800
stack at sp + 2 slots: 0x000001a7dac8f801 points into unknown readable memory: f8 c8 da a7 01 00 00
stack at sp + 3 slots: 0x00ec01ce00e20101 is an unknown value
stack at sp + 4 slots: 0x000001a7b8710000 points into unknown readable memory: 00 00 00 00 00 00 00 00
stack at sp + 5 slots: 0x000001a700000002 is an unknown value
stack at sp + 6 slots: 0x000000e200ec0001 is an unknown value
stack at sp + 7 slots: 0x000001a7000001ce is an unknown value


---------------  P R O C E S S  ---------------

Threads class SMR info:
_java_thread_list=0x000001a7db88c1e0, length=39, elements={
0x000001a7ba850800, 0x000001a7d8fe1800, 0x000001a7d8fe3800, 0x000001a7d8ffd800,
0x000001a7d8fff000, 0x000001a7d9002800, 0x000001a7d9004000, 0x000001a7d9012800,
0x000001a7d901b800, 0x000001a7d8fc8000, 0x000001a7d9c01000, 0x000001a7d9b58000,
0x000001a7d9c49000, 0x000001a7d9e54800, 0x000001a7d9e52800, 0x000001a7d9e43800,
0x000001a7d9e42800, 0x000001a7d9ff6000, 0x000001a7da084000, 0x000001a7da305800,
0x000001a7da306000, 0x000001a7da308800, 0x000001a7da307000, 0x000001a7da308000,
0x000001a7da303000, 0x000001a7da309800, 0x000001a7da303800, 0x000001a7da304800,
0x000001a7dadfc000, 0x000001a7dadf7000, 0x000001a7dadfd000, 0x000001a7dadf9800,
0x000001a7dadfa800, 0x000001a7dadfb800, 0x000001a7dadf8000, 0x000001a7dadfe800,
0x000001a7dae02000, 0x000001a7dae00000, 0x000001a7dae03800
}

Java Threads: ( => current thread )
  0x000001a7ba850800 JavaThread "main" [_thread_in_native, id=8056, stack(0x0000000517200000,0x0000000517300000)]
  0x000001a7d8fe1800 JavaThread "Reference Handler" daemon [_thread_blocked, id=13464, stack(0x0000000517900000,0x0000000517a00000)]
  0x000001a7d8fe3800 JavaThread "Finalizer" daemon [_thread_blocked, id=5360, stack(0x0000000517a00000,0x0000000517b00000)]
  0x000001a7d8ffd800 JavaThread "Signal Dispatcher" daemon [_thread_blocked, id=13820, stack(0x0000000517b00000,0x0000000517c00000)]
  0x000001a7d8fff000 JavaThread "Attach Listener" daemon [_thread_blocked, id=8904, stack(0x0000000517c00000,0x0000000517d00000)]
  0x000001a7d9002800 JavaThread "Service Thread" daemon [_thread_blocked, id=5904, stack(0x0000000517d00000,0x0000000517e00000)]
  0x000001a7d9004000 JavaThread "C2 CompilerThread0" daemon [_thread_blocked, id=12108, stack(0x0000000517e00000,0x0000000517f00000)]
  0x000001a7d9012800 JavaThread "C1 CompilerThread0" daemon [_thread_blocked, id=11688, stack(0x0000000517f00000,0x0000000518000000)]
  0x000001a7d901b800 JavaThread "Sweeper thread" daemon [_thread_blocked, id=7828, stack(0x0000000518000000,0x0000000518100000)]
  0x000001a7d8fc8000 JavaThread "Common-Cleaner" daemon [_thread_blocked, id=13780, stack(0x0000000518100000,0x0000000518200000)]
  0x000001a7d9c01000 JavaThread "Notification Thread" daemon [_thread_blocked, id=12300, stack(0x0000000518200000,0x0000000518300000)]
  0x000001a7d9b58000 JavaThread "AsyncFileHandlerWriter-625576447" daemon [_thread_blocked, id=12472, stack(0x0000000518300000,0x0000000518400000)]
  0x000001a7d9c49000 JavaThread "FileHandlerLogFilesCleaner-1" daemon [_thread_blocked, id=13332, stack(0x0000000518400000,0x0000000518500000)]
  0x000001a7d9e54800 JavaThread "RMI TCP Accept-0" daemon [_thread_in_native, id=10672, stack(0x0000000518500000,0x0000000518600000)]
  0x000001a7d9e52800 JavaThread "RMI TCP Accept-1099" daemon [_thread_in_native, id=14296, stack(0x0000000518600000,0x0000000518700000)]
  0x000001a7d9e43800 JavaThread "RMI TCP Accept-0" daemon [_thread_in_native, id=8360, stack(0x0000000518700000,0x0000000518800000)]
  0x000001a7d9e42800 JavaThread "RMI TCP Connection(7)-127.0.0.1" daemon [_thread_in_native, id=6572, stack(0x0000000518c00000,0x0000000518d00000)]
  0x000001a7d9ff6000 JavaThread "RMI TCP Connection(2)-127.0.0.1" daemon [_thread_in_native, id=5852, stack(0x0000000518d00000,0x0000000518e00000)]
  0x000001a7da084000 JavaThread "RMI Scheduler(0)" daemon [_thread_blocked, id=9064, stack(0x0000000518e00000,0x0000000518f00000)]
  0x000001a7da305800 JavaThread "RMI TCP Connection(6)-127.0.0.1" daemon [_thread_in_native, id=7528, stack(0x0000000519100000,0x0000000519200000)]
  0x000001a7da306000 JavaThread "http-nio-8080-BlockPoller" daemon [_thread_in_native, id=7536, stack(0x0000000519000000,0x0000000519100000)]
  0x000001a7da308800 JavaThread "Catalina-utility-1" [_thread_blocked, id=11580, stack(0x0000000518f00000,0x0000000519000000)]
  0x000001a7da307000 JavaThread "RMI TCP Connection(5)-127.0.0.1" daemon [_thread_in_native, id=8016, stack(0x0000000519200000,0x0000000519300000)]
  0x000001a7da308000 JavaThread "http-nio-8080-exec-1" daemon [_thread_blocked, id=12480, stack(0x0000000519300000,0x0000000519400000)]
  0x000001a7da303000 JavaThread "http-nio-8080-exec-2" daemon [_thread_blocked, id=7100, stack(0x0000000519400000,0x0000000519500000)]
  0x000001a7da309800 JavaThread "http-nio-8080-exec-3" daemon [_thread_blocked, id=8980, stack(0x0000000519500000,0x0000000519600000)]
=>0x000001a7da303800 JavaThread "http-nio-8080-exec-4" daemon [_thread_in_native, id=3016, stack(0x0000000519600000,0x0000000519700000)]
  0x000001a7da304800 JavaThread "http-nio-8080-exec-5" daemon [_thread_blocked, id=11732, stack(0x0000000519700000,0x0000000519800000)]
  0x000001a7dadfc000 JavaThread "http-nio-8080-exec-6" daemon [_thread_blocked, id=8584, stack(0x0000000519800000,0x0000000519900000)]
  0x000001a7dadf7000 JavaThread "http-nio-8080-exec-7" daemon [_thread_blocked, id=4288, stack(0x0000000519900000,0x0000000519a00000)]
  0x000001a7dadfd000 JavaThread "http-nio-8080-exec-8" daemon [_thread_blocked, id=13408, stack(0x0000000519a00000,0x0000000519b00000)]
  0x000001a7dadf9800 JavaThread "http-nio-8080-exec-9" daemon [_thread_blocked, id=8588, stack(0x0000000519b00000,0x0000000519c00000)]
  0x000001a7dadfa800 JavaThread "http-nio-8080-exec-10" daemon [_thread_blocked, id=3372, stack(0x0000000519c00000,0x0000000519d00000)]
  0x000001a7dadfb800 JavaThread "http-nio-8080-ClientPoller" daemon [_thread_in_native, id=11628, stack(0x0000000519d00000,0x0000000519e00000)]
  0x000001a7dadf8000 JavaThread "http-nio-8080-Acceptor" daemon [_thread_in_native, id=8848, stack(0x0000000519e00000,0x0000000519f00000)]
  0x000001a7dadfe800 JavaThread "Catalina-utility-2" [_thread_blocked, id=6956, stack(0x0000000519f00000,0x000000051a000000)]
  0x000001a7dae02000 JavaThread "Java2D Disposer" daemon [_thread_blocked, id=13208, stack(0x000000051a000000,0x000000051a100000)]
  0x000001a7dae00000 JavaThread "AWT-Shutdown" [_thread_blocked, id=8068, stack(0x000000051a200000,0x000000051a300000)]
  0x000001a7dae03800 JavaThread "AWT-Windows" daemon [_thread_in_native, id=4788, stack(0x000000051a300000,0x000000051a400000)]

Other Threads:
  0x000001a7d8fdd000 VMThread "VM Thread" [stack: 0x0000000517800000,0x0000000517900000] [id=4000]
  0x000001a7d9e24800 WatcherThread [stack: 0x0000000518800000,0x0000000518900000] [id=3008]
  0x000001a7ba894800 GCTaskThread "GC Thread#0" [stack: 0x0000000517300000,0x0000000517400000] [id=9116]
  0x000001a7da159800 GCTaskThread "GC Thread#1" [stack: 0x0000000518900000,0x0000000518a00000] [id=12772]
  0x000001a7d9fa9000 GCTaskThread "GC Thread#2" [stack: 0x0000000518a00000,0x0000000518b00000] [id=12664]
  0x000001a7dad10800 GCTaskThread "GC Thread#3" [stack: 0x000000051a100000,0x000000051a200000] [id=14252]
  0x000001a7ba8a5800 ConcurrentGCThread "G1 Main Marker" [stack: 0x0000000517400000,0x0000000517500000] [id=12116]
  0x000001a7ba8a7000 ConcurrentGCThread "G1 Conc#0" [stack: 0x0000000517500000,0x0000000517600000] [id=12048]
  0x000001a7ba925000 ConcurrentGCThread "G1 Refine#0" [stack: 0x0000000517600000,0x0000000517700000] [id=12760]
  0x000001a7d9b51000 ConcurrentGCThread "G1 Refine#1" [stack: 0x0000000518b00000,0x0000000518c00000] [id=2476]
  0x000001a7d8e60800 ConcurrentGCThread "G1 Young RemSet Sampling" [stack: 0x0000000517700000,0x0000000517800000] [id=11484]

Threads with active compile tasks:

VM state:not at safepoint (normal execution)

VM Mutex/Monitor currently owned by a thread: None

Heap address: 0x0000000081e00000, size: 2018 MB, Compressed Oops mode: 32-bit
Narrow klass base: 0x0000000800000000, Narrow klass shift: 3
Compressed class space size: 1073741824 Address: 0x0000000800b30000

Heap:
 garbage-first heap   total 131072K, used 93874K [0x0000000081e00000, 0x0000000100000000)
  region size 1024K, 76 young (77824K), 5 survivors (5120K)
 Metaspace       used 19969K, capacity 20690K, committed 20864K, reserved 1067008K
  class space    used 2116K, capacity 2402K, committed 2432K, reserved 1048576K
Heap Regions: E=young(eden), S=young(survivor), O=old, HS=humongous(starts), HC=humongous(continues), CS=collection set, F=free, OA=open archive, CA=closed archive, TAMS=top-at-mark-start (previous, next)
|   0|0x0000000081e00000, 0x0000000081f00000, 0x0000000081f00000|100%| O|  |TAMS 0x0000000081e00000, 0x0000000081e00000| Untracked 
|   1|0x0000000081f00000, 0x0000000082000000, 0x0000000082000000|100%| O|  |TAMS 0x0000000081f00000, 0x0000000081f00000| Untracked 
|   2|0x0000000082000000, 0x0000000082100000, 0x0000000082100000|100%| O|  |TAMS 0x0000000082000000, 0x0000000082000000| Untracked 
|   3|0x0000000082100000, 0x0000000082200000, 0x0000000082200000|100%| O|  |TAMS 0x0000000082100000, 0x0000000082100000| Untracked 
|   4|0x0000000082200000, 0x0000000082300000, 0x0000000082300000|100%| O|  |TAMS 0x0000000082200000, 0x0000000082200000| Untracked 
|   5|0x0000000082300000, 0x000000008238c000, 0x0000000082400000| 54%| O|  |TAMS 0x0000000082300000, 0x0000000082300000| Untracked 
|   6|0x0000000082400000, 0x0000000082500000, 0x0000000082500000|100%|HS|  |TAMS 0x0000000082400000, 0x0000000082400000| Complete 
|   7|0x0000000082500000, 0x0000000082600000, 0x0000000082600000|100%|HC|  |TAMS 0x0000000082500000, 0x0000000082500000| Complete 
|   8|0x0000000082600000, 0x0000000082700000, 0x0000000082700000|100%|HC|  |TAMS 0x0000000082600000, 0x0000000082600000| Complete 
|   9|0x0000000082700000, 0x0000000082800000, 0x0000000082800000|100%|HC|  |TAMS 0x0000000082700000, 0x0000000082700000| Complete 
|  10|0x0000000082800000, 0x0000000082900000, 0x0000000082900000|100%|HS|  |TAMS 0x0000000082800000, 0x0000000082800000| Complete 
|  11|0x0000000082900000, 0x0000000082a00000, 0x0000000082a00000|100%|HC|  |TAMS 0x0000000082900000, 0x0000000082900000| Complete 
|  12|0x0000000082a00000, 0x0000000082b00000, 0x0000000082b00000|100%|HC|  |TAMS 0x0000000082a00000, 0x0000000082a00000| Complete 
|  13|0x0000000082b00000, 0x0000000082c00000, 0x0000000082c00000|100%|HC|  |TAMS 0x0000000082b00000, 0x0000000082b00000| Complete 
|  14|0x0000000082c00000, 0x0000000082d00000, 0x0000000082d00000|100%|HS|  |TAMS 0x0000000082c00000, 0x0000000082c00000| Complete 
|  15|0x0000000082d00000, 0x0000000082e00000, 0x0000000082e00000|100%|HC|  |TAMS 0x0000000082d00000, 0x0000000082d00000| Complete 
|  16|0x0000000082e00000, 0x0000000082f00000, 0x0000000082f00000|100%|HC|  |TAMS 0x0000000082e00000, 0x0000000082e00000| Complete 
|  17|0x0000000082f00000, 0x0000000083000000, 0x0000000083000000|100%|HC|  |TAMS 0x0000000082f00000, 0x0000000082f00000| Complete 
|  18|0x0000000083000000, 0x0000000083100000, 0x0000000083100000|100%|HS|  |TAMS 0x0000000083000000, 0x0000000083000000| Complete 
|  19|0x0000000083100000, 0x0000000083100000, 0x0000000083200000|  0%| F|  |TAMS 0x0000000083100000, 0x0000000083100000| Untracked 
|  20|0x0000000083200000, 0x0000000083200000, 0x0000000083300000|  0%| F|  |TAMS 0x0000000083200000, 0x0000000083200000| Untracked 
|  21|0x0000000083300000, 0x0000000083300000, 0x0000000083400000|  0%| F|  |TAMS 0x0000000083300000, 0x0000000083300000| Untracked 
|  22|0x0000000083400000, 0x0000000083400000, 0x0000000083500000|  0%| F|  |TAMS 0x0000000083400000, 0x0000000083400000| Untracked 
|  23|0x0000000083500000, 0x0000000083500000, 0x0000000083600000|  0%| F|  |TAMS 0x0000000083500000, 0x0000000083500000| Untracked 
|  24|0x0000000083600000, 0x0000000083600000, 0x0000000083700000|  0%| F|  |TAMS 0x0000000083600000, 0x0000000083600000| Untracked 
|  25|0x0000000083700000, 0x0000000083700000, 0x0000000083800000|  0%| F|  |TAMS 0x0000000083700000, 0x0000000083700000| Untracked 
|  26|0x0000000083800000, 0x0000000083800000, 0x0000000083900000|  0%| F|  |TAMS 0x0000000083800000, 0x0000000083800000| Untracked 
|  27|0x0000000083900000, 0x0000000083900000, 0x0000000083a00000|  0%| F|  |TAMS 0x0000000083900000, 0x0000000083900000| Untracked 
|  28|0x0000000083a00000, 0x0000000083a00000, 0x0000000083b00000|  0%| F|  |TAMS 0x0000000083a00000, 0x0000000083a00000| Untracked 
|  29|0x0000000083b00000, 0x0000000083b00000, 0x0000000083c00000|  0%| F|  |TAMS 0x0000000083b00000, 0x0000000083b00000| Untracked 
|  30|0x0000000083c00000, 0x0000000083c00000, 0x0000000083d00000|  0%| F|  |TAMS 0x0000000083c00000, 0x0000000083c00000| Untracked 
|  31|0x0000000083d00000, 0x0000000083d00000, 0x0000000083e00000|  0%| F|  |TAMS 0x0000000083d00000, 0x0000000083d00000| Untracked 
|  32|0x0000000083e00000, 0x0000000083e00000, 0x0000000083f00000|  0%| F|  |TAMS 0x0000000083e00000, 0x0000000083e00000| Untracked 
|  33|0x0000000083f00000, 0x0000000083f00000, 0x0000000084000000|  0%| F|  |TAMS 0x0000000083f00000, 0x0000000083f00000| Untracked 
|  34|0x0000000084000000, 0x0000000084000000, 0x0000000084100000|  0%| F|  |TAMS 0x0000000084000000, 0x0000000084000000| Untracked 
|  35|0x0000000084100000, 0x0000000084100000, 0x0000000084200000|  0%| F|  |TAMS 0x0000000084100000, 0x0000000084100000| Untracked 
|  36|0x0000000084200000, 0x0000000084200000, 0x0000000084300000|  0%| F|  |TAMS 0x0000000084200000, 0x0000000084200000| Untracked 
|  37|0x0000000084300000, 0x0000000084300000, 0x0000000084400000|  0%| F|  |TAMS 0x0000000084300000, 0x0000000084300000| Untracked 
|  38|0x0000000084400000, 0x0000000084400000, 0x0000000084500000|  0%| F|  |TAMS 0x0000000084400000, 0x0000000084400000| Untracked 
|  39|0x0000000084500000, 0x0000000084500000, 0x0000000084600000|  0%| F|  |TAMS 0x0000000084500000, 0x0000000084500000| Untracked 
|  40|0x0000000084600000, 0x0000000084600000, 0x0000000084700000|  0%| F|  |TAMS 0x0000000084600000, 0x0000000084600000| Untracked 
|  41|0x0000000084700000, 0x0000000084700000, 0x0000000084800000|  0%| F|  |TAMS 0x0000000084700000, 0x0000000084700000| Untracked 
|  42|0x0000000084800000, 0x0000000084800000, 0x0000000084900000|  0%| F|  |TAMS 0x0000000084800000, 0x0000000084800000| Untracked 
|  43|0x0000000084900000, 0x0000000084900000, 0x0000000084a00000|  0%| F|  |TAMS 0x0000000084900000, 0x0000000084900000| Untracked 
|  44|0x0000000084a00000, 0x0000000084a00000, 0x0000000084b00000|  0%| F|  |TAMS 0x0000000084a00000, 0x0000000084a00000| Untracked 
|  45|0x0000000084b00000, 0x0000000084b00000, 0x0000000084c00000|  0%| F|  |TAMS 0x0000000084b00000, 0x0000000084b00000| Untracked 
|  46|0x0000000084c00000, 0x0000000084c00000, 0x0000000084d00000|  0%| F|  |TAMS 0x0000000084c00000, 0x0000000084c00000| Untracked 
|  47|0x0000000084d00000, 0x0000000084d20bc0, 0x0000000084e00000| 12%| S|CS|TAMS 0x0000000084d00000, 0x0000000084d00000| Complete 
|  48|0x0000000084e00000, 0x0000000084f00000, 0x0000000084f00000|100%| S|CS|TAMS 0x0000000084e00000, 0x0000000084e00000| Complete 
|  49|0x0000000084f00000, 0x0000000085000000, 0x0000000085000000|100%| S|CS|TAMS 0x0000000084f00000, 0x0000000084f00000| Complete 
|  50|0x0000000085000000, 0x0000000085100000, 0x0000000085100000|100%| S|CS|TAMS 0x0000000085000000, 0x0000000085000000| Complete 
|  51|0x0000000085100000, 0x0000000085200000, 0x0000000085200000|100%| S|CS|TAMS 0x0000000085100000, 0x0000000085100000| Complete 
|  52|0x0000000085200000, 0x0000000085200000, 0x0000000085300000|  0%| F|  |TAMS 0x0000000085200000, 0x0000000085200000| Untracked 
|  53|0x0000000085300000, 0x0000000085300000, 0x0000000085400000|  0%| F|  |TAMS 0x0000000085300000, 0x0000000085300000| Untracked 
|  54|0x0000000085400000, 0x0000000085400000, 0x0000000085500000|  0%| F|  |TAMS 0x0000000085400000, 0x0000000085400000| Untracked 
|  55|0x0000000085500000, 0x0000000085500000, 0x0000000085600000|  0%| F|  |TAMS 0x0000000085500000, 0x0000000085500000| Untracked 
|  56|0x0000000085600000, 0x0000000085600000, 0x0000000085700000|  0%| F|  |TAMS 0x0000000085600000, 0x0000000085600000| Untracked 
|  57|0x0000000085700000, 0x00000000857d8a88, 0x0000000085800000| 84%| E|  |TAMS 0x0000000085700000, 0x0000000085700000| Complete 
|  58|0x0000000085800000, 0x0000000085900000, 0x0000000085900000|100%| E|CS|TAMS 0x0000000085800000, 0x0000000085800000| Complete 
|  59|0x0000000085900000, 0x0000000085a00000, 0x0000000085a00000|100%| E|CS|TAMS 0x0000000085900000, 0x0000000085900000| Complete 
|  60|0x0000000085a00000, 0x0000000085b00000, 0x0000000085b00000|100%| E|  |TAMS 0x0000000085a00000, 0x0000000085a00000| Complete 
|  61|0x0000000085b00000, 0x0000000085c00000, 0x0000000085c00000|100%| E|CS|TAMS 0x0000000085b00000, 0x0000000085b00000| Complete 
|  62|0x0000000085c00000, 0x0000000085d00000, 0x0000000085d00000|100%| E|CS|TAMS 0x0000000085c00000, 0x0000000085c00000| Complete 
|  63|0x0000000085d00000, 0x0000000085e00000, 0x0000000085e00000|100%| E|CS|TAMS 0x0000000085d00000, 0x0000000085d00000| Complete 
|  64|0x0000000085e00000, 0x0000000085f00000, 0x0000000085f00000|100%| E|CS|TAMS 0x0000000085e00000, 0x0000000085e00000| Complete 
|  65|0x0000000085f00000, 0x0000000086000000, 0x0000000086000000|100%| E|CS|TAMS 0x0000000085f00000, 0x0000000085f00000| Complete 
|  66|0x0000000086000000, 0x0000000086100000, 0x0000000086100000|100%| E|CS|TAMS 0x0000000086000000, 0x0000000086000000| Complete 
|  67|0x0000000086100000, 0x0000000086200000, 0x0000000086200000|100%| E|CS|TAMS 0x0000000086100000, 0x0000000086100000| Complete 
|  68|0x0000000086200000, 0x0000000086300000, 0x0000000086300000|100%| E|CS|TAMS 0x0000000086200000, 0x0000000086200000| Complete 
|  69|0x0000000086300000, 0x0000000086400000, 0x0000000086400000|100%| E|CS|TAMS 0x0000000086300000, 0x0000000086300000| Complete 
|  70|0x0000000086400000, 0x0000000086500000, 0x0000000086500000|100%| E|CS|TAMS 0x0000000086400000, 0x0000000086400000| Complete 
|  71|0x0000000086500000, 0x0000000086600000, 0x0000000086600000|100%| E|CS|TAMS 0x0000000086500000, 0x0000000086500000| Complete 
|  72|0x0000000086600000, 0x0000000086700000, 0x0000000086700000|100%| E|CS|TAMS 0x0000000086600000, 0x0000000086600000| Complete 
|  73|0x0000000086700000, 0x0000000086800000, 0x0000000086800000|100%| E|CS|TAMS 0x0000000086700000, 0x0000000086700000| Complete 
|  74|0x0000000086800000, 0x0000000086900000, 0x0000000086900000|100%| E|CS|TAMS 0x0000000086800000, 0x0000000086800000| Complete 
|  75|0x0000000086900000, 0x0000000086a00000, 0x0000000086a00000|100%| E|CS|TAMS 0x0000000086900000, 0x0000000086900000| Complete 
|  76|0x0000000086a00000, 0x0000000086b00000, 0x0000000086b00000|100%| E|CS|TAMS 0x0000000086a00000, 0x0000000086a00000| Complete 
|  77|0x0000000086b00000, 0x0000000086c00000, 0x0000000086c00000|100%| E|CS|TAMS 0x0000000086b00000, 0x0000000086b00000| Complete 
|  78|0x0000000086c00000, 0x0000000086d00000, 0x0000000086d00000|100%| E|CS|TAMS 0x0000000086c00000, 0x0000000086c00000| Complete 
|  79|0x0000000086d00000, 0x0000000086e00000, 0x0000000086e00000|100%| E|CS|TAMS 0x0000000086d00000, 0x0000000086d00000| Complete 
|  80|0x0000000086e00000, 0x0000000086f00000, 0x0000000086f00000|100%| E|CS|TAMS 0x0000000086e00000, 0x0000000086e00000| Complete 
|  81|0x0000000086f00000, 0x0000000087000000, 0x0000000087000000|100%| E|CS|TAMS 0x0000000086f00000, 0x0000000086f00000| Complete 
|  82|0x0000000087000000, 0x0000000087100000, 0x0000000087100000|100%| E|CS|TAMS 0x0000000087000000, 0x0000000087000000| Complete 
|  83|0x0000000087100000, 0x0000000087200000, 0x0000000087200000|100%| E|CS|TAMS 0x0000000087100000, 0x0000000087100000| Complete 
|  84|0x0000000087200000, 0x0000000087300000, 0x0000000087300000|100%| E|CS|TAMS 0x0000000087200000, 0x0000000087200000| Complete 
|  85|0x0000000087300000, 0x0000000087400000, 0x0000000087400000|100%| E|CS|TAMS 0x0000000087300000, 0x0000000087300000| Complete 
|  86|0x0000000087400000, 0x0000000087500000, 0x0000000087500000|100%| E|CS|TAMS 0x0000000087400000, 0x0000000087400000| Complete 
|  87|0x0000000087500000, 0x0000000087600000, 0x0000000087600000|100%| E|CS|TAMS 0x0000000087500000, 0x0000000087500000| Complete 
|  88|0x0000000087600000, 0x0000000087700000, 0x0000000087700000|100%| E|CS|TAMS 0x0000000087600000, 0x0000000087600000| Complete 
|  89|0x0000000087700000, 0x0000000087800000, 0x0000000087800000|100%| E|CS|TAMS 0x0000000087700000, 0x0000000087700000| Complete 
|  90|0x0000000087800000, 0x0000000087900000, 0x0000000087900000|100%| E|CS|TAMS 0x0000000087800000, 0x0000000087800000| Complete 
|  91|0x0000000087900000, 0x0000000087a00000, 0x0000000087a00000|100%| E|CS|TAMS 0x0000000087900000, 0x0000000087900000| Complete 
|  92|0x0000000087a00000, 0x0000000087b00000, 0x0000000087b00000|100%| E|CS|TAMS 0x0000000087a00000, 0x0000000087a00000| Complete 
|  93|0x0000000087b00000, 0x0000000087c00000, 0x0000000087c00000|100%| E|CS|TAMS 0x0000000087b00000, 0x0000000087b00000| Complete 
|  94|0x0000000087c00000, 0x0000000087d00000, 0x0000000087d00000|100%| E|CS|TAMS 0x0000000087c00000, 0x0000000087c00000| Complete 
|  95|0x0000000087d00000, 0x0000000087e00000, 0x0000000087e00000|100%| E|CS|TAMS 0x0000000087d00000, 0x0000000087d00000| Complete 
|  96|0x0000000087e00000, 0x0000000087f00000, 0x0000000087f00000|100%| E|CS|TAMS 0x0000000087e00000, 0x0000000087e00000| Complete 
|  97|0x0000000087f00000, 0x0000000088000000, 0x0000000088000000|100%| E|CS|TAMS 0x0000000087f00000, 0x0000000087f00000| Complete 
|  98|0x0000000088000000, 0x0000000088100000, 0x0000000088100000|100%| E|CS|TAMS 0x0000000088000000, 0x0000000088000000| Complete 
|  99|0x0000000088100000, 0x0000000088200000, 0x0000000088200000|100%| E|CS|TAMS 0x0000000088100000, 0x0000000088100000| Complete 
| 100|0x0000000088200000, 0x0000000088300000, 0x0000000088300000|100%| E|CS|TAMS 0x0000000088200000, 0x0000000088200000| Complete 
| 101|0x0000000088300000, 0x0000000088400000, 0x0000000088400000|100%| E|CS|TAMS 0x0000000088300000, 0x0000000088300000| Complete 
| 102|0x0000000088400000, 0x0000000088500000, 0x0000000088500000|100%| E|CS|TAMS 0x0000000088400000, 0x0000000088400000| Complete 
| 103|0x0000000088500000, 0x0000000088600000, 0x0000000088600000|100%| E|CS|TAMS 0x0000000088500000, 0x0000000088500000| Complete 
| 104|0x0000000088600000, 0x0000000088700000, 0x0000000088700000|100%| E|CS|TAMS 0x0000000088600000, 0x0000000088600000| Complete 
| 105|0x0000000088700000, 0x0000000088800000, 0x0000000088800000|100%| E|CS|TAMS 0x0000000088700000, 0x0000000088700000| Complete 
| 106|0x0000000088800000, 0x0000000088900000, 0x0000000088900000|100%| E|CS|TAMS 0x0000000088800000, 0x0000000088800000| Complete 
| 107|0x0000000088900000, 0x0000000088a00000, 0x0000000088a00000|100%| E|CS|TAMS 0x0000000088900000, 0x0000000088900000| Complete 
| 108|0x0000000088a00000, 0x0000000088b00000, 0x0000000088b00000|100%| E|CS|TAMS 0x0000000088a00000, 0x0000000088a00000| Complete 
| 109|0x0000000088b00000, 0x0000000088c00000, 0x0000000088c00000|100%| E|CS|TAMS 0x0000000088b00000, 0x0000000088b00000| Complete 
| 110|0x0000000088c00000, 0x0000000088d00000, 0x0000000088d00000|100%| E|CS|TAMS 0x0000000088c00000, 0x0000000088c00000| Complete 
| 111|0x0000000088d00000, 0x0000000088e00000, 0x0000000088e00000|100%| E|CS|TAMS 0x0000000088d00000, 0x0000000088d00000| Complete 
| 112|0x0000000088e00000, 0x0000000088f00000, 0x0000000088f00000|100%| E|CS|TAMS 0x0000000088e00000, 0x0000000088e00000| Complete 
| 113|0x0000000088f00000, 0x0000000089000000, 0x0000000089000000|100%| E|CS|TAMS 0x0000000088f00000, 0x0000000088f00000| Complete 
| 114|0x0000000089000000, 0x0000000089100000, 0x0000000089100000|100%| E|CS|TAMS 0x0000000089000000, 0x0000000089000000| Complete 
| 115|0x0000000089100000, 0x0000000089200000, 0x0000000089200000|100%| E|CS|TAMS 0x0000000089100000, 0x0000000089100000| Complete 
| 116|0x0000000089200000, 0x0000000089300000, 0x0000000089300000|100%| E|CS|TAMS 0x0000000089200000, 0x0000000089200000| Complete 
| 117|0x0000000089300000, 0x0000000089400000, 0x0000000089400000|100%| E|CS|TAMS 0x0000000089300000, 0x0000000089300000| Complete 
| 118|0x0000000089400000, 0x0000000089500000, 0x0000000089500000|100%| E|CS|TAMS 0x0000000089400000, 0x0000000089400000| Complete 
| 119|0x0000000089500000, 0x0000000089600000, 0x0000000089600000|100%| E|CS|TAMS 0x0000000089500000, 0x0000000089500000| Complete 
| 120|0x0000000089600000, 0x0000000089700000, 0x0000000089700000|100%| E|CS|TAMS 0x0000000089600000, 0x0000000089600000| Complete 
| 121|0x0000000089700000, 0x0000000089800000, 0x0000000089800000|100%| E|CS|TAMS 0x0000000089700000, 0x0000000089700000| Complete 
| 122|0x0000000089800000, 0x0000000089900000, 0x0000000089900000|100%| E|CS|TAMS 0x0000000089800000, 0x0000000089800000| Complete 
| 123|0x0000000089900000, 0x0000000089a00000, 0x0000000089a00000|100%| E|CS|TAMS 0x0000000089900000, 0x0000000089900000| Complete 
| 124|0x0000000089a00000, 0x0000000089b00000, 0x0000000089b00000|100%| E|CS|TAMS 0x0000000089a00000, 0x0000000089a00000| Complete 
| 125|0x0000000089b00000, 0x0000000089c00000, 0x0000000089c00000|100%| E|CS|TAMS 0x0000000089b00000, 0x0000000089b00000| Complete 
| 126|0x0000000089c00000, 0x0000000089d00000, 0x0000000089d00000|100%| E|CS|TAMS 0x0000000089c00000, 0x0000000089c00000| Complete 
| 127|0x0000000089d00000, 0x0000000089e00000, 0x0000000089e00000|100%| E|CS|TAMS 0x0000000089d00000, 0x0000000089d00000| Complete 

Card table byte_map: [0x000001a7d2400000,0x000001a7d2800000] _byte_map_base: 0x000001a7d1ff1000

Marking Bits (Prev, Next): (CMBitMap*) 0x000001a7ba894f68, (CMBitMap*) 0x000001a7ba894fa8
 Prev Bits: [0x000001a7d2c00000, 0x000001a7d4b88000)
 Next Bits: [0x000001a7d4b90000, 0x000001a7d6b18000)

Polling page: 0x000001a7ba030000

Metaspace:

Usage:
  Non-class:     17.86 MB capacity,    17.44 MB ( 98%) used,   378.00 KB (  2%) free+waste,    56.44 KB ( <1%) overhead. 
      Class:      2.35 MB capacity,     2.07 MB ( 88%) used,   257.77 KB ( 11%) free+waste,    28.06 KB (  1%) overhead. 
       Both:     20.21 MB capacity,    19.50 MB ( 97%) used,   635.77 KB (  3%) free+waste,    84.50 KB ( <1%) overhead. 

Virtual space:
  Non-class space:       18.00 MB reserved,      18.00 MB (100%) committed 
      Class space:        1.00 GB reserved,       2.38 MB ( <1%) committed 
             Both:        1.02 GB reserved,      20.38 MB (  2%) committed 

Chunk freelists:
   Non-Class:  16.00 KB
       Class:  30.00 KB
        Both:  46.00 KB

MaxMetaspaceSize: 17179869184.00 GB
CompressedClassSpaceSize: 1.00 GB

CodeHeap 'non-profiled nmethods': size=120000Kb used=1718Kb max_used=1718Kb free=118281Kb
 bounds [0x000001a7caad0000, 0x000001a7cad40000, 0x000001a7d2000000]
CodeHeap 'profiled nmethods': size=120000Kb used=7211Kb max_used=7211Kb free=112788Kb
 bounds [0x000001a7c35a0000, 0x000001a7c3cb0000, 0x000001a7caad0000]
CodeHeap 'non-nmethods': size=5760Kb used=1317Kb max_used=1331Kb free=4442Kb
 bounds [0x000001a7c3000000, 0x000001a7c3270000, 0x000001a7c35a0000]
 total_blobs=4740 nmethods=3006 adapters=524
 compilation: enabled
              stopped_count=0, restarted_count=0
 full_count=0

Compilation events (20 events):
Event: 15.937 Thread 0x000001a7d9012800 3002       3       sun.java2d.loops.GraphicsPrimitiveMgr$1::compare (13 bytes)
Event: 15.937 Thread 0x000001a7d9012800 nmethod 3002 0x000001a7c3ca6490 code [0x000001a7c3ca6660, 0x000001a7c3ca6af8]
Event: 15.937 Thread 0x000001a7d9012800 3003       3       sun.java2d.loops.GraphicsPrimitiveMgr$1::compare (33 bytes)
Event: 15.937 Thread 0x000001a7d9012800 nmethod 3003 0x000001a7c3ca6c90 code [0x000001a7c3ca6e40, 0x000001a7c3ca7058]
Event: 15.937 Thread 0x000001a7d9012800 3004       3       java.util.TimSort::binarySort (223 bytes)
Event: 15.939 Thread 0x000001a7d9012800 nmethod 3004 0x000001a7c3ca7110 code [0x000001a7c3ca7320, 0x000001a7c3ca7e78]
Event: 15.939 Thread 0x000001a7d9012800 3005       3       java.util.TimSort::countRunAndMakeAscending (128 bytes)
Event: 15.940 Thread 0x000001a7d9012800 nmethod 3005 0x000001a7c3ca8190 code [0x000001a7c3ca83c0, 0x000001a7c3ca8f68]
Event: 15.940 Thread 0x000001a7d9012800 3006       3       sun.java2d.loops.GraphicsPrimitiveMgr$2::compare (39 bytes)
Event: 15.940 Thread 0x000001a7d9012800 nmethod 3006 0x000001a7c3ca9290 code [0x000001a7c3ca9440, 0x000001a7c3ca9858]
Event: 15.940 Thread 0x000001a7d9012800 3007       3       java.util.Arrays::binarySearch (10 bytes)
Event: 15.940 Thread 0x000001a7d9012800 nmethod 3007 0x000001a7c3ca9990 code [0x000001a7c3ca9b40, 0x000001a7c3ca9c68]
Event: 15.940 Thread 0x000001a7d9012800 3008       1       sun.java2d.loops.CompositeType::getSuperType (5 bytes)
Event: 15.940 Thread 0x000001a7d9012800 nmethod 3008 0x000001a7cac7cf90 code [0x000001a7cac7d120, 0x000001a7cac7d1f8]
Event: 15.940 Thread 0x000001a7d9012800 3009       3       sun.java2d.loops.GraphicsPrimitiveMgr::locate (104 bytes)
Event: 15.941 Thread 0x000001a7d9012800 nmethod 3009 0x000001a7c3ca9d10 code [0x000001a7c3ca9f40, 0x000001a7c3caaa58]
Event: 15.941 Thread 0x000001a7d9012800 3010       1       sun.java2d.loops.SurfaceType::getSuperType (5 bytes)
Event: 15.941 Thread 0x000001a7d9004000 3011       4       sun.java2d.loops.GraphicsPrimitiveMgr$2::compare (39 bytes)
Event: 15.941 Thread 0x000001a7d9012800 nmethod 3010 0x000001a7cac7d290 code [0x000001a7cac7d420, 0x000001a7cac7d4f8]
Event: 15.943 Thread 0x000001a7d9004000 nmethod 3011 0x000001a7cac7d590 code [0x000001a7cac7d740, 0x000001a7cac7d8b8]

GC Heap History (8 events):
Event: 1.189 GC heap before
{Heap before GC invocations=0 (full 0):
 garbage-first heap   total 131072K, used 12288K [0x0000000081e00000, 0x0000000100000000)
  region size 1024K, 13 young (13312K), 0 survivors (0K)
 Metaspace       used 7440K, capacity 7876K, committed 7936K, reserved 1056768K
  class space    used 845K, capacity 1003K, committed 1024K, reserved 1048576K
}
Event: 1.201 GC heap after
{Heap after GC invocations=1 (full 0):
 garbage-first heap   total 131072K, used 3993K [0x0000000081e00000, 0x0000000100000000)
  region size 1024K, 2 young (2048K), 2 survivors (2048K)
 Metaspace       used 7440K, capacity 7876K, committed 7936K, reserved 1056768K
  class space    used 845K, capacity 1003K, committed 1024K, reserved 1048576K
}
Event: 2.232 GC heap before
{Heap before GC invocations=1 (full 0):
 garbage-first heap   total 131072K, used 15257K [0x0000000081e00000, 0x0000000100000000)
  region size 1024K, 14 young (14336K), 2 survivors (2048K)
 Metaspace       used 10912K, capacity 11446K, committed 11776K, reserved 1058816K
  class space    used 1230K, capacity 1450K, committed 1536K, reserved 1048576K
}
Event: 2.249 GC heap after
{Heap after GC invocations=2 (full 0):
 garbage-first heap   total 131072K, used 5867K [0x0000000081e00000, 0x0000000100000000)
  region size 1024K, 2 young (2048K), 2 survivors (2048K)
 Metaspace       used 10912K, capacity 11446K, committed 11776K, reserved 1058816K
  class space    used 1230K, capacity 1450K, committed 1536K, reserved 1048576K
}
Event: 5.044 GC heap before
{Heap before GC invocations=2 (full 0):
 garbage-first heap   total 131072K, used 25323K [0x0000000081e00000, 0x0000000100000000)
  region size 1024K, 22 young (22528K), 2 survivors (2048K)
 Metaspace       used 13226K, capacity 13826K, committed 14080K, reserved 1060864K
  class space    used 1452K, capacity 1677K, committed 1792K, reserved 1048576K
}
Event: 5.055 GC heap after
{Heap after GC invocations=3 (full 0):
 garbage-first heap   total 131072K, used 7266K [0x0000000081e00000, 0x0000000100000000)
  region size 1024K, 2 young (2048K), 2 survivors (2048K)
 Metaspace       used 13226K, capacity 13826K, committed 14080K, reserved 1060864K
  class space    used 1452K, capacity 1677K, committed 1792K, reserved 1048576K
}
Event: 7.377 GC heap before
{Heap before GC invocations=3 (full 0):
 garbage-first heap   total 131072K, used 83042K [0x0000000081e00000, 0x0000000100000000)
  region size 1024K, 76 young (77824K), 2 survivors (2048K)
 Metaspace       used 14984K, capacity 15571K, committed 15744K, reserved 1062912K
  class space    used 1632K, capacity 1850K, committed 1920K, reserved 1048576K
}
Event: 7.385 GC heap after
{Heap after GC invocations=4 (full 0):
 garbage-first heap   total 131072K, used 9906K [0x0000000081e00000, 0x0000000100000000)
  region size 1024K, 5 young (5120K), 5 survivors (5120K)
 Metaspace       used 14984K, capacity 15571K, committed 15744K, reserved 1062912K
  class space    used 1632K, capacity 1850K, committed 1920K, reserved 1048576K
}

Deoptimization events (20 events):
Event: 15.114 Thread 0x000001a7da303800 Uncommon trap: trap_request=0xffffff45 fr.pc=0x000001a7cac10380 relative=0x0000000000003d20
Event: 15.114 Thread 0x000001a7da303800 Uncommon trap: reason=unstable_if action=reinterpret pc=0x000001a7cac10380 method=org.apache.catalina.webresources.AbstractArchiveResourceSet.openJarFile()Ljava/util/jar/JarFile; @ 11 c2
Event: 15.114 Thread 0x000001a7da303800 DEOPT PACKING pc=0x000001a7cac10380 sp=0x00000005196fd0a0
Event: 15.114 Thread 0x000001a7da303800 DEOPT UNPACKING pc=0x000001a7c304912f sp=0x00000005196fcf70 mode 2
Event: 15.115 Thread 0x000001a7da303800 Uncommon trap: trap_request=0xffffff45 fr.pc=0x000001a7cac00dc8 relative=0x0000000000000548
Event: 15.115 Thread 0x000001a7da303800 Uncommon trap: reason=unstable_if action=reinterpret pc=0x000001a7cac00dc8 method=org.apache.catalina.webresources.AbstractArchiveResourceSet.openJarFile()Ljava/util/jar/JarFile; @ 11 c2
Event: 15.115 Thread 0x000001a7da303800 DEOPT PACKING pc=0x000001a7cac00dc8 sp=0x00000005196fd020
Event: 15.115 Thread 0x000001a7da303800 DEOPT UNPACKING pc=0x000001a7c304912f sp=0x00000005196fcf60 mode 2
Event: 15.116 Thread 0x000001a7da303800 Uncommon trap: trap_request=0xffffff45 fr.pc=0x000001a7cac004fc relative=0x000000000000025c
Event: 15.116 Thread 0x000001a7da303800 Uncommon trap: reason=unstable_if action=reinterpret pc=0x000001a7cac004fc method=org.apache.catalina.webresources.AbstractArchiveResourceSet.openJarFile()Ljava/util/jar/JarFile; @ 11 c2
Event: 15.116 Thread 0x000001a7da303800 DEOPT PACKING pc=0x000001a7cac004fc sp=0x00000005196fcfa0
Event: 15.116 Thread 0x000001a7da303800 DEOPT UNPACKING pc=0x000001a7c304912f sp=0x00000005196fcf58 mode 2
Event: 15.385 Thread 0x000001a7da303800 Uncommon trap: trap_request=0xffffffc6 fr.pc=0x000001a7cac533cc relative=0x000000000000080c
Event: 15.385 Thread 0x000001a7da303800 Uncommon trap: reason=bimorphic_or_optimized_type_check action=maybe_recompile pc=0x000001a7cac533cc method=java.util.HashMap.putVal(ILjava/lang/Object;Ljava/lang/Object;ZZ)Ljava/lang/Object; @ 203 c2
Event: 15.385 Thread 0x000001a7da303800 DEOPT PACKING pc=0x000001a7cac533cc sp=0x00000005196fd150
Event: 15.385 Thread 0x000001a7da303800 DEOPT UNPACKING pc=0x000001a7c304912f sp=0x00000005196fd0e0 mode 2
Event: 15.386 Thread 0x000001a7da303800 Uncommon trap: trap_request=0xffffffc6 fr.pc=0x000001a7cac533cc relative=0x000000000000080c
Event: 15.386 Thread 0x000001a7da303800 Uncommon trap: reason=bimorphic_or_optimized_type_check action=maybe_recompile pc=0x000001a7cac533cc method=java.util.HashMap.putVal(ILjava/lang/Object;Ljava/lang/Object;ZZ)Ljava/lang/Object; @ 203 c2
Event: 15.386 Thread 0x000001a7da303800 DEOPT PACKING pc=0x000001a7cac533cc sp=0x00000005196fd150
Event: 15.386 Thread 0x000001a7da303800 DEOPT UNPACKING pc=0x000001a7c304912f sp=0x00000005196fd0e0 mode 2

Classes unloaded (0 events):
No events

Classes redefined (0 events):
No events

Internal exceptions (20 events):
Event: 5.179 Thread 0x000001a7da305800 Exception <a 'java/lang/ClassNotFoundException'{0x0000000089cd3348}: org/apache/catalina/webresources/jar/Handler> (0x0000000089cd3348) 
thrown [./open/src/hotspot/share/classfile/systemDictionary.cpp, line 226]
Event: 5.405 Thread 0x000001a7da305800 Exception <a 'java/io/FileNotFoundException'{0x0000000089af9170}> (0x0000000089af9170) 
thrown [./open/src/hotspot/share/prims/jni.cpp, line 599]
Event: 8.751 Thread 0x000001a7da305800 Exception <a 'java/lang/ClassNotFoundException'{0x0000000086343f10}: javax/smartcardio/CardPermission> (0x0000000086343f10) 
thrown [./open/src/hotspot/share/classfile/systemDictionary.cpp, line 226]
Event: 8.759 Thread 0x000001a7da305800 Exception <a 'java/io/FileNotFoundException'{0x0000000086352748}> (0x0000000086352748) 
thrown [./open/src/hotspot/share/prims/jni.cpp, line 599]
Event: 9.062 Thread 0x000001a7da305800 Exception <a 'java/io/FileNotFoundException'{0x000000008611d7f0}> (0x000000008611d7f0) 
thrown [./open/src/hotspot/share/prims/jni.cpp, line 599]
Event: 10.004 Thread 0x000001a7da303800 Exception <a 'java/lang/NoSuchMethodError'{0x0000000085f9e958}: 'void java.lang.invoke.DirectMethodHandle$Holder.invokeStatic(java.lang.Object, long)'> (0x0000000085f9e958) 
thrown [./open/src/hotspot/share/interpreter/linkResolver.cpp, line 766]
Event: 10.007 Thread 0x000001a7da303800 Exception <a 'java/lang/NoSuchMethodError'{0x0000000085fa5eb8}: 'java.lang.Object java.lang.invoke.DirectMethodHandle$Holder.invokeStatic(java.lang.Object, java.lang.Object, long, java.lang.Object)'> (0x0000000085fa5eb8) 
thrown [./open/src/hotspot/share/interpreter/linkResolver.cpp, line 766]
Event: 10.007 Thread 0x000001a7da303800 Exception <a 'java/lang/NoSuchMethodError'{0x0000000085fa8e50}: 'java.lang.Object java.lang.invoke.DirectMethodHandle$Holder.invokeStaticInit(java.lang.Object, java.lang.Object, long, java.lang.Object)'> (0x0000000085fa8e50) 
thrown [./open/src/hotspot/share/interpreter/linkResolver.cpp, line 766]
Event: 13.904 Thread 0x000001a7dadfe800 Exception <a 'java/io/FileNotFoundException'{0x0000000085fe6f10}> (0x0000000085fe6f10) 
thrown [./open/src/hotspot/share/prims/jni.cpp, line 599]
Event: 13.932 Thread 0x000001a7dadfe800 Exception <a 'java/io/FileNotFoundException'{0x0000000085e7c3c0}> (0x0000000085e7c3c0) 
thrown [./open/src/hotspot/share/prims/jni.cpp, line 599]
Event: 13.996 Thread 0x000001a7dadfe800 Exception <a 'java/io/FileNotFoundException'{0x0000000085c20df0}> (0x0000000085c20df0) 
thrown [./open/src/hotspot/share/prims/jni.cpp, line 599]
Event: 15.031 Thread 0x000001a7da303800 Exception <a 'java/lang/ClassNotFoundException'{0x0000000085fb67b0}: sun/awt/resources/spi/awtProvider> (0x0000000085fb67b0) 
thrown [./open/src/hotspot/share/classfile/systemDictionary.cpp, line 226]
Event: 15.041 Thread 0x000001a7da303800 Exception <a 'java/io/FileNotFoundException'{0x0000000085fb9f98}> (0x0000000085fb9f98) 
thrown [./open/src/hotspot/share/prims/jni.cpp, line 599]
Event: 15.042 Thread 0x000001a7da303800 Exception <a 'java/io/FileNotFoundException'{0x0000000085c80e80}> (0x0000000085c80e80) 
thrown [./open/src/hotspot/share/prims/jni.cpp, line 599]
Event: 15.114 Thread 0x000001a7da303800 Implicit null exception at 0x000001a7cac0d78c to 0x000001a7cac10344
Event: 15.115 Thread 0x000001a7da303800 Implicit null exception at 0x000001a7cac00927 to 0x000001a7cac00dbc
Event: 15.315 Thread 0x000001a7da303800 Exception <a 'java/lang/NoSuchMethodError'{0x00000000859d4f60}: 'int java.lang.invoke.DirectMethodHandle$Holder.invokeStaticInit(java.lang.Object, java.lang.Object, java.lang.Object, java.lang.Object)'> (0x00000000859d4f60) 
thrown [./open/src/hotspot/share/interpreter/linkResolver.cpp, line 766]
Event: 15.316 Thread 0x000001a7da303800 Exception <a 'java/lang/IncompatibleClassChangeError'{0x00000000859dd210}: Found class java.lang.Object, but interface was expected> (0x00000000859dd210) 
thrown [./open/src/hotspot/share/interpreter/linkResolver.cpp, line 832]
Event: 15.317 Thread 0x000001a7da303800 Exception <a 'java/lang/NoSuchMethodError'{0x00000000859dfda8}: 'void java.lang.invoke.DirectMethodHandle$Holder.invokeStaticInit(java.lang.Object, java.lang.Object)'> (0x00000000859dfda8) 
thrown [./open/src/hotspot/share/interpreter/linkResolver.cpp, line 766]
Event: 15.318 Thread 0x000001a7da303800 Exception <a 'java/lang/NoSuchMethodError'{0x00000000859e4a68}: 'int java.lang.invoke.DirectMethodHandle$Holder.invokeStaticInit(java.lang.Object, java.lang.Object)'> (0x00000000859e4a68) 
thrown [./open/src/hotspot/share/interpreter/linkResolver.cpp, line 766]

Events (20 events):
Event: 15.932 loading class sun/java2d/loops/GraphicsPrimitiveProxy
Event: 15.933 loading class sun/java2d/loops/GraphicsPrimitiveProxy done
Event: 15.933 loading class sun/java2d/loops/GeneralRenderer
Event: 15.933 loading class sun/java2d/loops/GeneralRenderer done
Event: 15.936 loading class sun/java2d/loops/GraphicsPrimitiveMgr$1
Event: 15.936 loading class sun/java2d/loops/GraphicsPrimitiveMgr$1 done
Event: 15.936 loading class sun/java2d/loops/GraphicsPrimitiveMgr$2
Event: 15.936 loading class sun/java2d/loops/GraphicsPrimitiveMgr$2 done
Event: 15.936 loading class sun/java2d/loops/GraphicsPrimitiveMgr$PrimitiveSpec
Event: 15.936 loading class sun/java2d/loops/GraphicsPrimitiveMgr$PrimitiveSpec done
Event: 15.940 loading class sun/awt/image/BufferedImageGraphicsConfig
Event: 15.940 loading class sun/awt/image/BufferedImageGraphicsConfig done
Event: 15.940 loading class sun/awt/image/BufferedImageDevice
Event: 15.940 loading class sun/awt/image/BufferedImageDevice done
Event: 15.941 loading class java/awt/image/MultiResolutionImage
Event: 15.941 loading class java/awt/image/MultiResolutionImage done
Event: 15.941 loading class sun/awt/image/ToolkitImage
Event: 15.941 loading class sun/awt/image/ToolkitImage done
Event: 15.947 loading class java/lang/StrictMath
Event: 15.947 loading class java/lang/StrictMath done


Dynamic libraries:
0x00007ff631d60000 - 0x00007ff631d6f000 	C:\Program Files\Java\jdk-14.0.1\bin\java.exe
0x00007fffa9810000 - 0x00007fffa9a06000 	C:\Windows\SYSTEM32\ntdll.dll
0x00007fffa9710000 - 0x00007fffa97cd000 	C:\Windows\System32\KERNEL32.DLL
0x00007fffa74c0000 - 0x00007fffa7788000 	C:\Windows\System32\KERNELBASE.dll
0x00007fffa7010000 - 0x00007fffa7110000 	C:\Windows\System32\ucrtbase.dll
0x00007fffa2b10000 - 0x00007fffa2b25000 	C:\Program Files\Java\jdk-14.0.1\bin\VCRUNTIME140.dll
0x00007fff9f480000 - 0x00007fff9f498000 	C:\Program Files\Java\jdk-14.0.1\bin\jli.dll
0x00007fffa9580000 - 0x00007fffa962a000 	C:\Windows\System32\ADVAPI32.dll
0x00007fffa91f0000 - 0x00007fffa928e000 	C:\Windows\System32\msvcrt.dll
0x00007fffa94e0000 - 0x00007fffa957b000 	C:\Windows\System32\sechost.dll
0x00007fffa8380000 - 0x00007fffa84a4000 	C:\Windows\System32\RPCRT4.dll
0x00007fffa7e60000 - 0x00007fffa8000000 	C:\Windows\System32\USER32.dll
0x00007fffa7110000 - 0x00007fffa7132000 	C:\Windows\System32\win32u.dll
0x00007fffa7cf0000 - 0x00007fffa7d1a000 	C:\Windows\System32\GDI32.dll
0x00007fffa73b0000 - 0x00007fffa74b9000 	C:\Windows\System32\gdi32full.dll
0x00007fffa7790000 - 0x00007fffa782d000 	C:\Windows\System32\msvcp_win.dll
0x00007fff92fa0000 - 0x00007fff9323b000 	C:\Windows\WinSxS\amd64_microsoft.windows.common-controls_6595b64144ccf1df_6.0.19041.488_none_ca04af081b815d21\COMCTL32.dll
0x00007fff9f4a0000 - 0x00007fff9f4aa000 	C:\Windows\SYSTEM32\VERSION.dll
0x00007fffa96e0000 - 0x00007fffa9710000 	C:\Windows\System32\IMM32.DLL
0x00007fff79820000 - 0x00007fff798bb000 	C:\Program Files\Java\jdk-14.0.1\bin\msvcp140.dll
0x00007fff4c9d0000 - 0x00007fff4d4ee000 	C:\Program Files\Java\jdk-14.0.1\bin\server\jvm.dll
0x00007fffa7d20000 - 0x00007fffa7d28000 	C:\Windows\System32\PSAPI.DLL
0x00007fff97900000 - 0x00007fff97909000 	C:\Windows\SYSTEM32\WSOCK32.dll
0x00007fff98960000 - 0x00007fff98987000 	C:\Windows\SYSTEM32\WINMM.dll
0x00007fffa82f0000 - 0x00007fffa835b000 	C:\Windows\System32\WS2_32.dll
0x00007fffa4e70000 - 0x00007fffa4e82000 	C:\Windows\SYSTEM32\kernel.appcore.dll
0x00007fff9f470000 - 0x00007fff9f47a000 	C:\Program Files\Java\jdk-14.0.1\bin\jimage.dll
0x00007fff96220000 - 0x00007fff96404000 	C:\Windows\SYSTEM32\DBGHELP.DLL
0x00007fff961f0000 - 0x00007fff9621c000 	C:\Windows\SYSTEM32\dbgcore.DLL
0x00007fffa72d0000 - 0x00007fffa734f000 	C:\Windows\System32\bcryptPrimitives.dll
0x00007fff9f440000 - 0x00007fff9f465000 	C:\Program Files\Java\jdk-14.0.1\bin\java.dll
0x00007fff98910000 - 0x00007fff98926000 	C:\Program Files\Java\jdk-14.0.1\bin\zip.dll
0x00007fffa8ab0000 - 0x00007fffa91f0000 	C:\Windows\System32\SHELL32.dll
0x00007fffa5070000 - 0x00007fffa5804000 	C:\Windows\SYSTEM32\windows.storage.dll
0x00007fffa8750000 - 0x00007fffa8aa5000 	C:\Windows\System32\combase.dll
0x00007fffa6960000 - 0x00007fffa698c000 	C:\Windows\SYSTEM32\Wldp.dll
0x00007fffa9290000 - 0x00007fffa933e000 	C:\Windows\System32\SHCORE.dll
0x00007fffa9420000 - 0x00007fffa9475000 	C:\Windows\System32\shlwapi.dll
0x00007fffa6e90000 - 0x00007fffa6eb6000 	C:\Windows\SYSTEM32\profapi.dll
0x00007fff988f0000 - 0x00007fff98909000 	C:\Program Files\Java\jdk-14.0.1\bin\net.dll
0x00007fff994a0000 - 0x00007fff995a0000 	C:\Windows\SYSTEM32\WINHTTP.dll
0x00007fffa6660000 - 0x00007fffa66ca000 	C:\Windows\system32\mswsock.dll
0x00007fff98890000 - 0x00007fff988a2000 	C:\Program Files\Java\jdk-14.0.1\bin\nio.dll
0x00007fff97800000 - 0x00007fff97809000 	C:\Program Files\Java\jdk-14.0.1\bin\management_agent.dll
0x00007fff988e0000 - 0x00007fff988e9000 	C:\Program Files\Java\jdk-14.0.1\bin\management.dll
0x00007fff98880000 - 0x00007fff9888b000 	C:\Program Files\Java\jdk-14.0.1\bin\management_ext.dll
0x00007fff7a3a0000 - 0x00007fff7a3b7000 	C:\Windows\system32\napinsp.dll
0x00007fff61fa0000 - 0x00007fff61fbb000 	C:\Windows\system32\pnrpnsp.dll
0x00007fff78ca0000 - 0x00007fff78cb5000 	C:\Windows\system32\wshbth.dll
0x00007fffa29f0000 - 0x00007fffa2a0d000 	C:\Windows\system32\NLAapi.dll
0x00007fffa6340000 - 0x00007fffa637b000 	C:\Windows\SYSTEM32\IPHLPAPI.DLL
0x00007fffa6380000 - 0x00007fffa644b000 	C:\Windows\SYSTEM32\DNSAPI.dll
0x00007fffa8530000 - 0x00007fffa8539000 	C:\Windows\System32\NSI.dll
0x00007fff61f80000 - 0x00007fff61f92000 	C:\Windows\System32\winrnr.dll
0x00007fff99480000 - 0x00007fff9948a000 	C:\Windows\System32\rasadhlp.dll
0x00007fff99020000 - 0x00007fff9909f000 	C:\Windows\System32\fwpuclnt.dll
0x00007fffa7140000 - 0x00007fffa7167000 	C:\Windows\System32\bcrypt.dll
0x00007fffa68c0000 - 0x00007fffa68d8000 	C:\Windows\SYSTEM32\CRYPTSP.dll
0x00007fffa5fd0000 - 0x00007fffa6004000 	C:\Windows\system32\rsaenh.dll
0x00007fffa6e50000 - 0x00007fffa6e7e000 	C:\Windows\SYSTEM32\USERENV.dll
0x00007fffa68b0000 - 0x00007fffa68bc000 	C:\Windows\SYSTEM32\CRYPTBASE.dll
0x00007fff9f530000 - 0x00007fff9f547000 	C:\Windows\SYSTEM32\dhcpcsvc6.DLL
0x00007fff9f4b0000 - 0x00007fff9f4cd000 	C:\Windows\SYSTEM32\dhcpcsvc.DLL
0x0000000180000000 - 0x0000000180285000 	C:\tomcat\bin\tcnative-1.dll
0x00007fffa7170000 - 0x00007fffa72cd000 	C:\Windows\System32\CRYPT32.dll
0x00007fff9f430000 - 0x00007fff9f440000 	C:\Program Files\Java\jdk-14.0.1\bin\verify.dll
0x00007fff5de70000 - 0x00007fff5e008000 	C:\Program Files\Java\jdk-14.0.1\bin\awt.dll
0x00007fffa8130000 - 0x00007fffa81fd000 	C:\Windows\System32\OLEAUT32.dll
0x00007fffa4820000 - 0x00007fffa48b0000 	C:\Windows\SYSTEM32\apphelp.dll
0x00007fffa4b80000 - 0x00007fffa4baf000 	C:\Windows\system32\DWMAPI.DLL
0x00007fffa49b0000 - 0x00007fffa4a4f000 	C:\Windows\system32\uxtheme.dll
0x00007fff88af0000 - 0x00007fff88c15000 	C:\Windows\system32\opengl32.dll
0x00007fff89430000 - 0x00007fff8945c000 	C:\Windows\SYSTEM32\GLU32.dll
0x00007fffa7d40000 - 0x00007fffa7e55000 	C:\Windows\System32\MSCTF.dll
0x00007fffa8000000 - 0x00007fffa812a000 	C:\Windows\System32\ole32.dll
0x000001a7dc600000 - 0x000001a7dc637000 	C:\tomcat\temp\jna8267525024214217573.dll
0x00007fff308f0000 - 0x00007fff30bad000 	C:\tomcat\temp\tess4j\win32-x86-64\libtesseract411.dll
0x00007fffa2b30000 - 0x00007fffa2b3c000 	C:\Windows\SYSTEM32\VCRUNTIME140_1.dll
0x00007fff30510000 - 0x00007fff308e8000 	C:\tomcat\temp\tess4j\win32-x86-64\liblept1790.dll

dbghelp: loaded successfully - version: 4.0.5 - missing functions: none
symbol engine: initialized successfully - sym options: 0x614 - pdb path: .;C:\Program Files\Java\jdk-14.0.1\bin;C:\Windows\SYSTEM32;C:\Windows\WinSxS\amd64_microsoft.windows.common-controls_6595b64144ccf1df_6.0.19041.488_none_ca04af081b815d21;C:\Program Files\Java\jdk-14.0.1\bin\server;C:\tomcat\bin;C:\tomcat\temp;C:\tomcat\temp\tess4j\win32-x86-64

VM Arguments:
jvm_args: --add-opens=java.base/java.lang=ALL-UNNAMED --add-opens=java.base/java.io=ALL-UNNAMED --add-opens=java.rmi/sun.rmi.transport=ALL-UNNAMED -Djava.util.logging.config.file=C:\Users\danie\AppData\Local\JetBrains\IntelliJIdea2020.1\tomcat\Tomcat_9_0_39_SL-P3-MSDOS-WEB\conf\logging.properties -Djava.util.logging.manager=org.apache.juli.ClassLoaderLogManager -Dcom.sun.management.jmxremote= -Dcom.sun.management.jmxremote.port=1099 -Dcom.sun.management.jmxremote.ssl=false -Dcom.sun.management.jmxremote.password.file=C:\Users\danie\AppData\Local\JetBrains\IntelliJIdea2020.1\tomcat\Tomcat_9_0_39_SL-P3-MSDOS-WEB\jmxremote.password -Dcom.sun.management.jmxremote.access.file=C:\Users\danie\AppData\Local\JetBrains\IntelliJIdea2020.1\tomcat\Tomcat_9_0_39_SL-P3-MSDOS-WEB\jmxremote.access -Djava.rmi.server.hostname=127.0.0.1 -Djdk.tls.ephemeralDHKeySize=2048 -Djava.protocol.handler.pkgs=org.apache.catalina.webresources -Dignore.endorsed.dirs= -Dcatalina.base=C:\Users\danie\AppData\Local\JetBrains\IntelliJIdea2020.1\tomcat\Tomcat_9_0_39_SL-P3-MSDOS-WEB -Dcatalina.home=C:\tomcat -Djava.io.tmpdir=C:\tomcat\temp 
java_command: org.apache.catalina.startup.Bootstrap start
java_class_path (initial): C:\tomcat\bin\bootstrap.jar;C:\tomcat\bin\tomcat-juli.jar
Launcher Type: SUN_STANDARD

[Global flags]
     intx CICompilerCount                          = 3                                         {product} {ergonomic}
     uint ConcGCThreads                            = 1                                         {product} {ergonomic}
     uint G1ConcRefinementThreads                  = 4                                         {product} {ergonomic}
   size_t G1HeapRegionSize                         = 1048576                                   {product} {ergonomic}
    uintx GCDrainStackTargetSize                   = 64                                        {product} {ergonomic}
   size_t InitialHeapSize                          = 134217728                                 {product} {ergonomic}
     bool ManagementServer                         = true                                      {product} {command line}
   size_t MarkStackSize                            = 4194304                                   {product} {ergonomic}
   size_t MaxHeapSize                              = 2116026368                                {product} {ergonomic}
   size_t MaxNewSize                               = 1268776960                                {product} {ergonomic}
   size_t MinHeapDeltaBytes                        = 1048576                                   {product} {ergonomic}
   size_t MinHeapSize                              = 8388608                                   {product} {ergonomic}
    uintx NonNMethodCodeHeapSize                   = 5832780                                {pd product} {ergonomic}
    uintx NonProfiledCodeHeapSize                  = 122912730                              {pd product} {ergonomic}
    uintx ProfiledCodeHeapSize                     = 122912730                              {pd product} {ergonomic}
    uintx ReservedCodeCacheSize                    = 251658240                              {pd product} {ergonomic}
     bool SegmentedCodeCache                       = true                                      {product} {ergonomic}
   size_t SoftMaxHeapSize                          = 2116026368                             {manageable} {ergonomic}
     bool UseCompressedClassPointers               = true                                 {lp64_product} {ergonomic}
     bool UseCompressedOops                        = true                                 {lp64_product} {ergonomic}
     bool UseG1GC                                  = true                                      {product} {ergonomic}
     bool UseLargePagesIndividualAllocation        = false                                  {pd product} {ergonomic}

Logging:
Log output configuration:
 #0: stdout all=warning uptime,level,tags
 #1: stderr all=off uptime,level,tags

Environment Variables:
JAVA_HOME=C:\Program Files\Java\jdk-14.0.1
JRE_HOME=C:\Program Files\Java\jdk-14.0.1
CLASSPATH=C:\tomcat\bin\bootstrap.jar;C:\tomcat\bin\tomcat-juli.jar
PATH=C:\Program Files (x86)\VMware\VMware Player\bin\;C:\Windows\system32;C:\Windows;C:\Windows\System32\Wbem;C:\Windows\System32\WindowsPowerShell\v1.0\;C:\Windows\System32\OpenSSH\;C:\Program Files\Git\cmd;C:\Users\danie\AppData\Local\Microsoft\WindowsApps;C:\Program Files\JetBrains\IntelliJ IDEA 2020.1.2\bin;C:\adb;C:\Program Files\erl10.3\bin;C:\Program Files (x86)\Elixir\bin;C:\Users\danie\.mix\escripts;C:\Program Files\PuTTY\;C:\Program Files\nodejs\;C:\Program Files\Java\jdk-14.0.1\bin;;C:\Program Files\Docker\Docker\resources\bin;C:\ProgramData\DockerDesktop\version-bin;C:\Users\danie\AppData\Local\Microsoft\WindowsApps;C:\Program Files\JetBrains\IntelliJ IDEA 2020.1.2\bin;;C:\Users\danie\AppData\Roaming\npm;C:\Users\danie\AppData\Local\Programs\Microsoft VS Code\bin;C:\Program Files\Java\jdk-14.0.1\bin;
USERNAME=danie
OS=Windows_NT
PROCESSOR_IDENTIFIER=Intel64 Family 6 Model 78 Stepping 3, GenuineIntel



---------------  S Y S T E M  ---------------

OS: Windows 10 , 64 bit Build 19041 (10.0.19041.546)
OS uptime: 0 days 3:00 hours
HyperV virtualization detected

CPU:total 4 (initial active 4) (2 cores per cpu, 2 threads per core) family 6 model 78 stepping 3, cmov, cx8, fxsr, mmx, sse, sse2, sse3, ssse3, sse4.1, sse4.2, popcnt, avx, avx2, aes, clmul, erms, 3dnowpref, lzcnt, ht, tsc, tscinvbit, bmi1, bmi2, adx, fma

Memory: 4k page, system-wide physical 8065M (1234M free)
TotalPageFile size 12417M (AvailPageFile size 2730M)
current process WorkingSet (physical memory assigned to process): 194M, peak: 194M
current process commit charge ("private bytes"): 248M, peak: 248M

vm_info: Java HotSpot(TM) 64-Bit Server VM (14.0.1+7) for windows-amd64 JRE (14.0.1+7), built on Mar  5 2020 10:30:14 by "mach5one" with MS VC++ 15.9 (VS2017)

END.
