#
# A fatal error has been detected by the Java Runtime Environment:
#
#  EXCEPTION_ACCESS_VIOLATION (0xc0000005) at pc=0x00007fff3099ce8d, pid=8808, tid=7472
#
# JRE version: Java(TM) SE Runtime Environment (14.0.1+7) (build 14.0.1+7)
# Java VM: Java HotSpot(TM) 64-Bit Server VM (14.0.1+7, mixed mode, sharing, tiered, compressed oops, g1 gc, windows-amd64)
# Problematic frame:
# C  [libtesseract411.dll+0xace8d]
#
# No core dump will be written. Minidumps are not enabled by default on client versions of Windows
#
# If you would like to submit a bug report, please visit:
#   https://bugreport.java.com/bugreport/crash.jsp
# The crash happened outside the Java Virtual Machine in native code.
# See problematic frame for where to report the bug.
#

---------------  S U M M A R Y ------------

Command Line: --add-opens=java.base/java.lang=ALL-UNNAMED --add-opens=java.base/java.io=ALL-UNNAMED --add-opens=java.rmi/sun.rmi.transport=ALL-UNNAMED -Djava.util.logging.config.file=C:\Users\danie\AppData\Local\JetBrains\IntelliJIdea2020.1\tomcat\Tomcat_9_0_39_SL-P3-MSDOS-WEB\conf\logging.properties -Djava.util.logging.manager=org.apache.juli.ClassLoaderLogManager -Dcom.sun.management.jmxremote= -Dcom.sun.management.jmxremote.port=1099 -Dcom.sun.management.jmxremote.ssl=false -Dcom.sun.management.jmxremote.password.file=C:\Users\danie\AppData\Local\JetBrains\IntelliJIdea2020.1\tomcat\Tomcat_9_0_39_SL-P3-MSDOS-WEB\jmxremote.password -Dcom.sun.management.jmxremote.access.file=C:\Users\danie\AppData\Local\JetBrains\IntelliJIdea2020.1\tomcat\Tomcat_9_0_39_SL-P3-MSDOS-WEB\jmxremote.access -Djava.rmi.server.hostname=127.0.0.1 -Djdk.tls.ephemeralDHKeySize=2048 -Djava.protocol.handler.pkgs=org.apache.catalina.webresources -Dignore.endorsed.dirs= -Dcatalina.base=C:\Users\danie\AppData\Local\JetBrains\IntelliJIdea2020.1\tomcat\Tomcat_9_0_39_SL-P3-MSDOS-WEB -Dcatalina.home=C:\tomcat -Djava.io.tmpdir=C:\tomcat\temp org.apache.catalina.startup.Bootstrap start

Host: Intel(R) Core(TM) i3-6006U CPU @ 2.00GHz, 4 cores, 7G,  Windows 10 , 64 bit Build 19041 (10.0.19041.546)
Time: Wed Nov  4 03:19:03 2020 Hora estándar romance elapsed time: 18 seconds (0d 0h 0m 18s)

---------------  T H R E A D  ---------------

Current thread (0x000001f016013000):  JavaThread "http-nio-8080-exec-1" daemon [_thread_in_native, id=7472, stack(0x0000008fe1000000,0x0000008fe1100000)]

Stack: [0x0000008fe1000000,0x0000008fe1100000],  sp=0x0000008fe10fd9d0,  free space=1014k
Native frames: (J=compiled Java code, j=interpreted, Vv=VM code, C=native code)
C  [libtesseract411.dll+0xace8d]

Java frames: (J=compiled Java code, j=interpreted, Vv=VM code)
j  net.sourceforge.tess4j.TessAPI1.TessBaseAPIGetUTF8Text(Lnet/sourceforge/tess4j/ITessAPI$TessBaseAPI;)Lcom/sun/jna/Pointer;+0
j  net.sourceforge.tess4j.Tesseract1.getOCRText(Ljava/lang/String;I)Ljava/lang/String;+223
j  net.sourceforge.tess4j.Tesseract1.doOCR(Ljava/util/List;Ljava/lang/String;Ljava/awt/Rectangle;)Ljava/lang/String;+69
j  net.sourceforge.tess4j.Tesseract1.doOCR(Ljava/util/List;Ljava/awt/Rectangle;)Ljava/lang/String;+4
j  net.sourceforge.tess4j.Tesseract1.doOCR(Ljava/awt/image/BufferedImage;Ljava/awt/Rectangle;)Ljava/lang/String;+6
j  net.sourceforge.tess4j.Tesseract1.doOCR(Ljava/awt/image/BufferedImage;)Ljava/lang/String;+3
j  controller.DOSWrapper.doScreensCapture()Ljava/lang/String;+28
j  controller.DOSWrapper.getGames()Ljava/util/List;+22
j  dao.GetAllGames.doPost(Ljavax/servlet/http/HttpServletRequest;Ljavax/servlet/http/HttpServletResponse;)V+36
j  javax.servlet.http.HttpServlet.service(Ljavax/servlet/http/HttpServletRequest;Ljavax/servlet/http/HttpServletResponse;)V+149
j  javax.servlet.http.HttpServlet.service(Ljavax/servlet/ServletRequest;Ljavax/servlet/ServletResponse;)V+36
j  org.apache.catalina.core.ApplicationFilterChain.internalDoFilter(Ljavax/servlet/ServletRequest;Ljavax/servlet/ServletResponse;)V+304
j  org.apache.catalina.core.ApplicationFilterChain.doFilter(Ljavax/servlet/ServletRequest;Ljavax/servlet/ServletResponse;)V+101
j  org.apache.tomcat.websocket.server.WsFilter.doFilter(Ljavax/servlet/ServletRequest;Ljavax/servlet/ServletResponse;Ljavax/servlet/FilterChain;)V+21
j  org.apache.catalina.core.ApplicationFilterChain.internalDoFilter(Ljavax/servlet/ServletRequest;Ljavax/servlet/ServletResponse;)V+135
j  org.apache.catalina.core.ApplicationFilterChain.doFilter(Ljavax/servlet/ServletRequest;Ljavax/servlet/ServletResponse;)V+101
j  org.apache.catalina.core.StandardWrapperValve.invoke(Lorg/apache/catalina/connector/Request;Lorg/apache/catalina/connector/Response;)V+694
j  org.apache.catalina.core.StandardContextValve.invoke(Lorg/apache/catalina/connector/Request;Lorg/apache/catalina/connector/Response;)V+169
j  org.apache.catalina.authenticator.AuthenticatorBase.invoke(Lorg/apache/catalina/connector/Request;Lorg/apache/catalina/connector/Response;)V+260
j  org.apache.catalina.core.StandardHostValve.invoke(Lorg/apache/catalina/connector/Request;Lorg/apache/catalina/connector/Response;)V+128
j  org.apache.catalina.valves.ErrorReportValve.invoke(Lorg/apache/catalina/connector/Request;Lorg/apache/catalina/connector/Response;)V+6
j  org.apache.catalina.valves.AbstractAccessLogValve.invoke(Lorg/apache/catalina/connector/Request;Lorg/apache/catalina/connector/Response;)V+66
j  org.apache.catalina.core.StandardEngineValve.invoke(Lorg/apache/catalina/connector/Request;Lorg/apache/catalina/connector/Response;)V+59
j  org.apache.catalina.connector.CoyoteAdapter.service(Lorg/apache/coyote/Request;Lorg/apache/coyote/Response;)V+199
j  org.apache.coyote.http11.Http11Processor.service(Lorg/apache/tomcat/util/net/SocketWrapperBase;)Lorg/apache/tomcat/util/net/AbstractEndpoint$Handler$SocketState;+735
j  org.apache.coyote.AbstractProcessorLight.process(Lorg/apache/tomcat/util/net/SocketWrapperBase;Lorg/apache/tomcat/util/net/SocketEvent;)Lorg/apache/tomcat/util/net/AbstractEndpoint$Handler$SocketState;+170
j  org.apache.coyote.AbstractProtocol$ConnectionHandler.process(Lorg/apache/tomcat/util/net/SocketWrapperBase;Lorg/apache/tomcat/util/net/SocketEvent;)Lorg/apache/tomcat/util/net/AbstractEndpoint$Handler$SocketState;+505
j  org.apache.tomcat.util.net.NioEndpoint$SocketProcessor.doRun()V+214
j  org.apache.tomcat.util.net.SocketProcessorBase.run()V+21
j  java.util.concurrent.ThreadPoolExecutor.runWorker(Ljava/util/concurrent/ThreadPoolExecutor$Worker;)V+92 java.base@14.0.1
j  java.util.concurrent.ThreadPoolExecutor$Worker.run()V+5 java.base@14.0.1
j  org.apache.tomcat.util.threads.TaskThread$WrappingRunnable.run()V+4
j  java.lang.Thread.run()V+11 java.base@14.0.1
v  ~StubRoutines::call_stub

siginfo: EXCEPTION_ACCESS_VIOLATION (0xc0000005), reading address 0x000000000000000c


Register to memory mapping:

RIP=0x00007fff3099ce8d libtesseract411.dll
RAX=0x0 is NULL
RBX=0x0000000000000004 is an unknown value
RCX=0x0000008fe10fda70 is pointing into the stack for thread: 0x000001f016013000
RDX=0x000001f016e4fed8 points into unknown readable memory: 00 00 00 00 00 00 00 00
RSP=0x0000008fe10fd9d0 is pointing into the stack for thread: 0x000001f016013000
RBP=0x0000008fe10fdad0 is pointing into the stack for thread: 0x000001f016013000
RSI=0x000001f016e2e450 points into unknown readable memory: d8 b8 b5 30 ff 7f 00 00
RDI=0x0 is NULL
R8 =0x000001f018a7b4d0 points into unknown readable memory: 90 90 ce 16 f0 01 00 00
R9 =0x0 is NULL
R10=0x0 is NULL
R11=0x0 is NULL
R12=0x0 is NULL
R13=0xffffffffffffffff is an unknown value
R14=0x0 is NULL
R15=0x000001f01714f470 points into unknown readable memory: 00 00 00 00 00 00 00 00


Registers:
RAX=0x0000000000000000, RBX=0x0000000000000004, RCX=0x0000008fe10fda70, RDX=0x000001f016e4fed8
RSP=0x0000008fe10fd9d0, RBP=0x0000008fe10fdad0, RSI=0x000001f016e2e450, RDI=0x0000000000000000
R8 =0x000001f018a7b4d0, R9 =0x0000000000000000, R10=0x0000000000000000, R11=0x0000000000000000
R12=0x0000000000000000, R13=0xffffffffffffffff, R14=0x0000000000000000, R15=0x000001f01714f470
RIP=0x00007fff3099ce8d, EFLAGS=0x0000000000010246

Top of Stack: (sp=0x0000008fe10fd9d0)
0x0000008fe10fd9d0:   0000000000000004 0000008fe10fda20
0x0000008fe10fd9e0:   000001f0163ae901 00840236007a0201
0x0000008fe10fd9f0:   000001f074510000 000001f000000000
0x0000008fe10fda00:   0000007a00840001 000001f000000236
0x0000008fe10fda10:   008400c60000009f 000001f0178bc230
0x0000008fe10fda20:   008400c6007a009f 000001f0178bc230
0x0000008fe10fda30:   000001f0178bc2b0 000001f0178bd4f0
0x0000008fe10fda40:   008400c6007a009f 000001f0178bc230
0x0000008fe10fda50:   000001f0178bc230 000001f0163d2970
0x0000008fe10fda60:   000001f0163d4860 000001f018a81360
0x0000008fe10fda70:   000001f01714f470 0000000000000000
0x0000008fe10fda80:   0000000000000000 0000000000000000
0x0000008fe10fda90:   000001f016ce7e00 000001f018a7b4b0
0x0000008fe10fdaa0:   000001f0178ba530 000001f016ce98d0
0x0000008fe10fdab0:   000001f018a7b4b0 000001f0178ba530
0x0000008fe10fdac0:   000001f01714f478 000001f0178ba530 

Instructions: (pc=0x00007fff3099ce8d)
0x00007fff3099cd8d:   4c 89 75 e8 4c 89 75 e0 4c 89 75 d8 45 33 c0 b2
0x00007fff3099cd9d:   01 48 8d 4d a0 e8 19 17 07 00 45 33 c0 33 d2 48
0x00007fff3099cdad:   8d 4d a0 e8 0b 17 07 00 44 38 b6 98 23 02 00 74
0x00007fff3099cdbd:   0e c6 86 c0 23 02 00 01 c6 86 00 33 02 00 01 bb
0x00007fff3099cdcd:   04 00 00 00 4c 8d 6b fb 83 bd 58 01 00 00 01 0f
0x00007fff3099cddd:   87 c1 06 00 00 48 8b 45 a0 48 83 c0 08 48 89 45
0x00007fff3099cded:   f0 48 8b 00 48 89 45 f8 48 85 c0 74 05 48 8b 00
0x00007fff3099cdfd:   eb 03 49 8b c6 48 89 45 00 48 85 c0 74 05 48 8b
0x00007fff3099ce0d:   08 eb 03 49 8b ce 48 89 4d 08 4c 89 75 10 66 44
0x00007fff3099ce1d:   89 75 18 48 85 c0 74 06 48 89 45 10 eb 04 c6 45
0x00007fff3099ce2d:   19 01 44 88 75 1a 4c 89 75 b8 4c 89 75 b0 4c 89
0x00007fff3099ce3d:   75 a8 4c 89 75 d0 4c 89 75 c8 4c 89 75 c0 4c 89
0x00007fff3099ce4d:   75 e8 4c 89 75 e0 4c 89 75 d8 45 33 c0 b2 01 48
0x00007fff3099ce5d:   8d 4d a0 e8 5b 16 07 00 45 33 c0 33 d2 48 8d 4d
0x00007fff3099ce6d:   a0 e8 4d 16 07 00 44 39 b6 b0 14 00 00 7e 0a 48
0x00007fff3099ce7d:   8b ce e8 3c 74 f9 ff eb 2d 48 8b 86 28 0a 00 00
0x00007fff3099ce8d:   44 38 70 0c 74 20 48 8b 8e 30 0a 00 00 48 85 c9
0x00007fff3099ce9d:   74 05 e8 6c 10 f9 ff 48 8b ce e8 f4 11 f9 ff 48
0x00007fff3099cead:   89 86 30 0a 00 00 41 8b fe 44 39 b6 80 49 02 00
0x00007fff3099cebd:   0f 8e a9 00 00 00 48 8b 86 88 49 02 00 49 8b 1c
0x00007fff3099cecd:   06 8b 93 b0 14 00 00 85 d2 7e 4d 48 83 bb 30 0a
0x00007fff3099cedd:   00 00 00 75 0a 48 8b cb e8 46 74 f9 ff eb 66 83
0x00007fff3099ceed:   bb d8 04 00 00 00 7e 0c 48 8d 0d a4 b6 15 00 e8
0x00007fff3099cefd:   1f 55 10 00 48 8b 8b 28 0a 00 00 e8 03 10 f9 ff
0x00007fff3099cf0d:   48 8b 83 30 0a 00 00 48 89 83 28 0a 00 00 33 c0
0x00007fff3099cf1d:   89 83 b0 14 00 00 eb 26 48 8b 83 28 0a 00 00 80
0x00007fff3099cf2d:   78 0c 00 74 20 48 8b 8b 30 0a 00 00 48 85 c9 74
0x00007fff3099cf3d:   05 e8 cd 0f f9 ff 48 8b cb e8 55 11 f9 ff 48 89
0x00007fff3099cf4d:   83 30 0a 00 00 ff c7 49 83 c6 08 3b be 80 49 02
0x00007fff3099cf5d:   00 0f 8c 5f ff ff ff 45 33 f6 bb 04 00 00 00 44
0x00007fff3099cf6d:   89 74 24 30 48 89 5d 98 b9 08 01 00 00 e8 b1 38
0x00007fff3099cf7d:   f8 ff 48 89 45 90 48 85 c0 74 2d 48 89 18 48 8d 


Stack slot to memory mapping:
stack at sp + 0 slots: 0x0000000000000004 is an unknown value
stack at sp + 1 slots: 0x0000008fe10fda20 is pointing into the stack for thread: 0x000001f016013000
stack at sp + 2 slots: 0x000001f0163ae901 points into unknown readable memory: a9 3a 16 f0 01 00 00
stack at sp + 3 slots: 0x00840236007a0201 is an unknown value
stack at sp + 4 slots: 0x000001f074510000 points into unknown readable memory: 00 00 00 00 00 00 00 00
stack at sp + 5 slots: 0x000001f000000000 points into unknown readable memory: 06 00 00 00 00 00 00 00
stack at sp + 6 slots: 0x0000007a00840001 is an unknown value
stack at sp + 7 slots: 0x000001f000000236 points into unknown readable memory: 00 00


---------------  P R O C E S S  ---------------

Threads class SMR info:
_java_thread_list=0x000001f017eed890, length=38, elements={
0x000001f0746a3000, 0x000001f07fe80800, 0x000001f07fe89800, 0x000001f07fea4800,
0x000001f07fea5800, 0x000001f07fea8800, 0x000001f07feac000, 0x000001f07feb6000,
0x000001f07feb7800, 0x000001f015927000, 0x000001f01597f800, 0x000001f0159fc800,
0x000001f015b70000, 0x000001f015c0a000, 0x000001f015c49800, 0x000001f015c5c800,
0x000001f015c70000, 0x000001f015eb2800, 0x000001f015eb3800, 0x000001f016016800,
0x000001f016017000, 0x000001f016015800, 0x000001f016018000, 0x000001f016013000,
0x000001f016012000, 0x000001f016014000, 0x000001f016019000, 0x000001f016014800,
0x000001f016a68800, 0x000001f016a6a800, 0x000001f016a6b000, 0x000001f016a6c000,
0x000001f016a66800, 0x000001f016a69800, 0x000001f016a68000, 0x000001f016a6d000,
0x000001f016a67000, 0x000001f016a74000
}

Java Threads: ( => current thread )
  0x000001f0746a3000 JavaThread "main" [_thread_in_native, id=1140, stack(0x0000008fdee00000,0x0000008fdef00000)]
  0x000001f07fe80800 JavaThread "Reference Handler" daemon [_thread_blocked, id=12408, stack(0x0000008fdf500000,0x0000008fdf600000)]
  0x000001f07fe89800 JavaThread "Finalizer" daemon [_thread_blocked, id=10492, stack(0x0000008fdf600000,0x0000008fdf700000)]
  0x000001f07fea4800 JavaThread "Signal Dispatcher" daemon [_thread_blocked, id=13064, stack(0x0000008fdf700000,0x0000008fdf800000)]
  0x000001f07fea5800 JavaThread "Attach Listener" daemon [_thread_blocked, id=5996, stack(0x0000008fdf800000,0x0000008fdf900000)]
  0x000001f07fea8800 JavaThread "Service Thread" daemon [_thread_blocked, id=8036, stack(0x0000008fdf900000,0x0000008fdfa00000)]
  0x000001f07feac000 JavaThread "C2 CompilerThread0" daemon [_thread_blocked, id=9604, stack(0x0000008fdfa00000,0x0000008fdfb00000)]
  0x000001f07feb6000 JavaThread "C1 CompilerThread0" daemon [_thread_blocked, id=14056, stack(0x0000008fdfb00000,0x0000008fdfc00000)]
  0x000001f07feb7800 JavaThread "Sweeper thread" daemon [_thread_blocked, id=196, stack(0x0000008fdfc00000,0x0000008fdfd00000)]
  0x000001f015927000 JavaThread "Common-Cleaner" daemon [_thread_blocked, id=12532, stack(0x0000008fdfd00000,0x0000008fdfe00000)]
  0x000001f01597f800 JavaThread "Notification Thread" daemon [_thread_blocked, id=13308, stack(0x0000008fdfe00000,0x0000008fdff00000)]
  0x000001f0159fc800 JavaThread "AsyncFileHandlerWriter-625576447" daemon [_thread_blocked, id=12064, stack(0x0000008fdff00000,0x0000008fe0000000)]
  0x000001f015b70000 JavaThread "FileHandlerLogFilesCleaner-1" daemon [_thread_blocked, id=4140, stack(0x0000008fe0000000,0x0000008fe0100000)]
  0x000001f015c0a000 JavaThread "RMI TCP Accept-0" daemon [_thread_in_native, id=2292, stack(0x0000008fe0100000,0x0000008fe0200000)]
  0x000001f015c49800 JavaThread "RMI TCP Accept-1099" daemon [_thread_in_native, id=9572, stack(0x0000008fe0200000,0x0000008fe0300000)]
  0x000001f015c5c800 JavaThread "RMI TCP Accept-0" daemon [_thread_in_native, id=12040, stack(0x0000008fe0300000,0x0000008fe0400000)]
  0x000001f015c70000 JavaThread "RMI TCP Connection(4)-127.0.0.1" daemon [_thread_in_native, id=13536, stack(0x0000008fe0500000,0x0000008fe0600000)]
  0x000001f015eb2800 JavaThread "RMI TCP Connection(2)-127.0.0.1" daemon [_thread_in_native, id=11956, stack(0x0000008fe0600000,0x0000008fe0700000)]
  0x000001f015eb3800 JavaThread "RMI Scheduler(0)" daemon [_thread_blocked, id=11492, stack(0x0000008fe0700000,0x0000008fe0800000)]
  0x000001f016016800 JavaThread "RMI TCP Connection(6)-127.0.0.1" daemon [_thread_in_native, id=6232, stack(0x0000008fe0b00000,0x0000008fe0c00000)]
  0x000001f016017000 JavaThread "http-nio-8080-BlockPoller" daemon [_thread_in_native, id=11624, stack(0x0000008fe0d00000,0x0000008fe0e00000)]
  0x000001f016015800 JavaThread "Catalina-utility-1" [_thread_blocked, id=2916, stack(0x0000008fe0e00000,0x0000008fe0f00000)]
  0x000001f016018000 JavaThread "Catalina-utility-2" [_thread_blocked, id=12460, stack(0x0000008fe0f00000,0x0000008fe1000000)]
=>0x000001f016013000 JavaThread "http-nio-8080-exec-1" daemon [_thread_in_native, id=7472, stack(0x0000008fe1000000,0x0000008fe1100000)]
  0x000001f016012000 JavaThread "http-nio-8080-exec-2" daemon [_thread_blocked, id=13120, stack(0x0000008fe1100000,0x0000008fe1200000)]
  0x000001f016014000 JavaThread "http-nio-8080-exec-3" daemon [_thread_blocked, id=11960, stack(0x0000008fe1200000,0x0000008fe1300000)]
  0x000001f016019000 JavaThread "http-nio-8080-exec-4" daemon [_thread_blocked, id=3188, stack(0x0000008fe1300000,0x0000008fe1400000)]
  0x000001f016014800 JavaThread "http-nio-8080-exec-5" daemon [_thread_blocked, id=12384, stack(0x0000008fe1400000,0x0000008fe1500000)]
  0x000001f016a68800 JavaThread "http-nio-8080-exec-6" daemon [_thread_blocked, id=13204, stack(0x0000008fe1500000,0x0000008fe1600000)]
  0x000001f016a6a800 JavaThread "http-nio-8080-exec-7" daemon [_thread_blocked, id=4468, stack(0x0000008fe1600000,0x0000008fe1700000)]
  0x000001f016a6b000 JavaThread "http-nio-8080-exec-8" daemon [_thread_blocked, id=13500, stack(0x0000008fe1700000,0x0000008fe1800000)]
  0x000001f016a6c000 JavaThread "http-nio-8080-exec-9" daemon [_thread_blocked, id=1560, stack(0x0000008fe1800000,0x0000008fe1900000)]
  0x000001f016a66800 JavaThread "http-nio-8080-exec-10" daemon [_thread_blocked, id=3104, stack(0x0000008fe1900000,0x0000008fe1a00000)]
  0x000001f016a69800 JavaThread "http-nio-8080-ClientPoller" daemon [_thread_in_native, id=1616, stack(0x0000008fe1a00000,0x0000008fe1b00000)]
  0x000001f016a68000 JavaThread "http-nio-8080-Acceptor" daemon [_thread_in_native, id=7920, stack(0x0000008fe1b00000,0x0000008fe1c00000)]
  0x000001f016a6d000 JavaThread "Java2D Disposer" daemon [_thread_blocked, id=12520, stack(0x0000008fe0c00000,0x0000008fe0d00000)]
  0x000001f016a67000 JavaThread "AWT-Shutdown" [_thread_blocked, id=11548, stack(0x0000008fe1c00000,0x0000008fe1d00000)]
  0x000001f016a74000 JavaThread "AWT-Windows" daemon [_thread_in_native, id=12920, stack(0x0000008fe1e00000,0x0000008fe1f00000)]

Other Threads:
  0x000001f07fe7c800 VMThread "VM Thread" [stack: 0x0000008fdf400000,0x0000008fdf500000] [id=11844]
  0x000001f015c5d800 WatcherThread [stack: 0x0000008fe0400000,0x0000008fe0500000] [id=3428]
  0x000001f0746e6800 GCTaskThread "GC Thread#0" [stack: 0x0000008fdef00000,0x0000008fdf000000] [id=12436]
  0x000001f015f87000 GCTaskThread "GC Thread#1" [stack: 0x0000008fe0800000,0x0000008fe0900000] [id=14140]
  0x000001f015f6f800 GCTaskThread "GC Thread#2" [stack: 0x0000008fe0900000,0x0000008fe0a00000] [id=4260]
  0x000001f016d43800 GCTaskThread "GC Thread#3" [stack: 0x0000008fe1d00000,0x0000008fe1e00000] [id=3300]
  0x000001f0746f7800 ConcurrentGCThread "G1 Main Marker" [stack: 0x0000008fdf000000,0x0000008fdf100000] [id=11348]
  0x000001f0746f8800 ConcurrentGCThread "G1 Conc#0" [stack: 0x0000008fdf100000,0x0000008fdf200000] [id=8776]
  0x000001f074775800 ConcurrentGCThread "G1 Refine#0" [stack: 0x0000008fdf200000,0x0000008fdf300000] [id=13060]
  0x000001f0159ea000 ConcurrentGCThread "G1 Refine#1" [stack: 0x0000008fe0a00000,0x0000008fe0b00000] [id=2252]
  0x000001f07fd00800 ConcurrentGCThread "G1 Young RemSet Sampling" [stack: 0x0000008fdf300000,0x0000008fdf400000] [id=14092]

Threads with active compile tasks:

VM state:not at safepoint (normal execution)

VM Mutex/Monitor currently owned by a thread: None

Heap address: 0x0000000081e00000, size: 2018 MB, Compressed Oops mode: 32-bit
Narrow klass base: 0x0000000800000000, Narrow klass shift: 3
Compressed class space size: 1073741824 Address: 0x0000000800b30000

Heap:
 garbage-first heap   total 131072K, used 92894K [0x0000000081e00000, 0x0000000100000000)
  region size 1024K, 75 young (76800K), 5 survivors (5120K)
 Metaspace       used 19938K, capacity 20684K, committed 20864K, reserved 1067008K
  class space    used 2108K, capacity 2402K, committed 2432K, reserved 1048576K
Heap Regions: E=young(eden), S=young(survivor), O=old, HS=humongous(starts), HC=humongous(continues), CS=collection set, F=free, OA=open archive, CA=closed archive, TAMS=top-at-mark-start (previous, next)
|   0|0x0000000081e00000, 0x0000000081f00000, 0x0000000081f00000|100%| O|  |TAMS 0x0000000081e00000, 0x0000000081e00000| Untracked 
|   1|0x0000000081f00000, 0x0000000082000000, 0x0000000082000000|100%| O|  |TAMS 0x0000000081f00000, 0x0000000081f00000| Untracked 
|   2|0x0000000082000000, 0x0000000082100000, 0x0000000082100000|100%| O|  |TAMS 0x0000000082000000, 0x0000000082000000| Untracked 
|   3|0x0000000082100000, 0x0000000082200000, 0x0000000082200000|100%| O|  |TAMS 0x0000000082100000, 0x0000000082100000| Untracked 
|   4|0x0000000082200000, 0x0000000082300000, 0x0000000082300000|100%| O|  |TAMS 0x0000000082200000, 0x0000000082200000| Untracked 
|   5|0x0000000082300000, 0x000000008238f200, 0x0000000082400000| 55%| O|  |TAMS 0x0000000082300000, 0x0000000082300000| Untracked 
|   6|0x0000000082400000, 0x0000000082500000, 0x0000000082500000|100%|HS|  |TAMS 0x0000000082400000, 0x0000000082400000| Complete 
|   7|0x0000000082500000, 0x0000000082600000, 0x0000000082600000|100%|HC|  |TAMS 0x0000000082500000, 0x0000000082500000| Complete 
|   8|0x0000000082600000, 0x0000000082700000, 0x0000000082700000|100%|HC|  |TAMS 0x0000000082600000, 0x0000000082600000| Complete 
|   9|0x0000000082700000, 0x0000000082800000, 0x0000000082800000|100%|HC|  |TAMS 0x0000000082700000, 0x0000000082700000| Complete 
|  10|0x0000000082800000, 0x0000000082900000, 0x0000000082900000|100%|HS|  |TAMS 0x0000000082800000, 0x0000000082800000| Complete 
|  11|0x0000000082900000, 0x0000000082a00000, 0x0000000082a00000|100%|HC|  |TAMS 0x0000000082900000, 0x0000000082900000| Complete 
|  12|0x0000000082a00000, 0x0000000082b00000, 0x0000000082b00000|100%|HC|  |TAMS 0x0000000082a00000, 0x0000000082a00000| Complete 
|  13|0x0000000082b00000, 0x0000000082c00000, 0x0000000082c00000|100%|HC|  |TAMS 0x0000000082b00000, 0x0000000082b00000| Complete 
|  14|0x0000000082c00000, 0x0000000082d00000, 0x0000000082d00000|100%|HS|  |TAMS 0x0000000082c00000, 0x0000000082c00000| Complete 
|  15|0x0000000082d00000, 0x0000000082e00000, 0x0000000082e00000|100%|HC|  |TAMS 0x0000000082d00000, 0x0000000082d00000| Complete 
|  16|0x0000000082e00000, 0x0000000082f00000, 0x0000000082f00000|100%|HC|  |TAMS 0x0000000082e00000, 0x0000000082e00000| Complete 
|  17|0x0000000082f00000, 0x0000000083000000, 0x0000000083000000|100%|HC|  |TAMS 0x0000000082f00000, 0x0000000082f00000| Complete 
|  18|0x0000000083000000, 0x0000000083100000, 0x0000000083100000|100%|HS|  |TAMS 0x0000000083000000, 0x0000000083000000| Complete 
|  19|0x0000000083100000, 0x0000000083100000, 0x0000000083200000|  0%| F|  |TAMS 0x0000000083100000, 0x0000000083100000| Untracked 
|  20|0x0000000083200000, 0x0000000083200000, 0x0000000083300000|  0%| F|  |TAMS 0x0000000083200000, 0x0000000083200000| Untracked 
|  21|0x0000000083300000, 0x0000000083300000, 0x0000000083400000|  0%| F|  |TAMS 0x0000000083300000, 0x0000000083300000| Untracked 
|  22|0x0000000083400000, 0x0000000083400000, 0x0000000083500000|  0%| F|  |TAMS 0x0000000083400000, 0x0000000083400000| Untracked 
|  23|0x0000000083500000, 0x0000000083500000, 0x0000000083600000|  0%| F|  |TAMS 0x0000000083500000, 0x0000000083500000| Untracked 
|  24|0x0000000083600000, 0x0000000083600000, 0x0000000083700000|  0%| F|  |TAMS 0x0000000083600000, 0x0000000083600000| Untracked 
|  25|0x0000000083700000, 0x0000000083700000, 0x0000000083800000|  0%| F|  |TAMS 0x0000000083700000, 0x0000000083700000| Untracked 
|  26|0x0000000083800000, 0x0000000083800000, 0x0000000083900000|  0%| F|  |TAMS 0x0000000083800000, 0x0000000083800000| Untracked 
|  27|0x0000000083900000, 0x0000000083900000, 0x0000000083a00000|  0%| F|  |TAMS 0x0000000083900000, 0x0000000083900000| Untracked 
|  28|0x0000000083a00000, 0x0000000083a00000, 0x0000000083b00000|  0%| F|  |TAMS 0x0000000083a00000, 0x0000000083a00000| Untracked 
|  29|0x0000000083b00000, 0x0000000083b00000, 0x0000000083c00000|  0%| F|  |TAMS 0x0000000083b00000, 0x0000000083b00000| Untracked 
|  30|0x0000000083c00000, 0x0000000083c00000, 0x0000000083d00000|  0%| F|  |TAMS 0x0000000083c00000, 0x0000000083c00000| Untracked 
|  31|0x0000000083d00000, 0x0000000083d00000, 0x0000000083e00000|  0%| F|  |TAMS 0x0000000083d00000, 0x0000000083d00000| Untracked 
|  32|0x0000000083e00000, 0x0000000083e00000, 0x0000000083f00000|  0%| F|  |TAMS 0x0000000083e00000, 0x0000000083e00000| Untracked 
|  33|0x0000000083f00000, 0x0000000083f00000, 0x0000000084000000|  0%| F|  |TAMS 0x0000000083f00000, 0x0000000083f00000| Untracked 
|  34|0x0000000084000000, 0x0000000084000000, 0x0000000084100000|  0%| F|  |TAMS 0x0000000084000000, 0x0000000084000000| Untracked 
|  35|0x0000000084100000, 0x0000000084100000, 0x0000000084200000|  0%| F|  |TAMS 0x0000000084100000, 0x0000000084100000| Untracked 
|  36|0x0000000084200000, 0x0000000084200000, 0x0000000084300000|  0%| F|  |TAMS 0x0000000084200000, 0x0000000084200000| Untracked 
|  37|0x0000000084300000, 0x0000000084300000, 0x0000000084400000|  0%| F|  |TAMS 0x0000000084300000, 0x0000000084300000| Untracked 
|  38|0x0000000084400000, 0x0000000084400000, 0x0000000084500000|  0%| F|  |TAMS 0x0000000084400000, 0x0000000084400000| Untracked 
|  39|0x0000000084500000, 0x0000000084500000, 0x0000000084600000|  0%| F|  |TAMS 0x0000000084500000, 0x0000000084500000| Untracked 
|  40|0x0000000084600000, 0x0000000084600000, 0x0000000084700000|  0%| F|  |TAMS 0x0000000084600000, 0x0000000084600000| Untracked 
|  41|0x0000000084700000, 0x0000000084700000, 0x0000000084800000|  0%| F|  |TAMS 0x0000000084700000, 0x0000000084700000| Untracked 
|  42|0x0000000084800000, 0x0000000084800000, 0x0000000084900000|  0%| F|  |TAMS 0x0000000084800000, 0x0000000084800000| Untracked 
|  43|0x0000000084900000, 0x0000000084900000, 0x0000000084a00000|  0%| F|  |TAMS 0x0000000084900000, 0x0000000084900000| Untracked 
|  44|0x0000000084a00000, 0x0000000084a00000, 0x0000000084b00000|  0%| F|  |TAMS 0x0000000084a00000, 0x0000000084a00000| Untracked 
|  45|0x0000000084b00000, 0x0000000084b00000, 0x0000000084c00000|  0%| F|  |TAMS 0x0000000084b00000, 0x0000000084b00000| Untracked 
|  46|0x0000000084c00000, 0x0000000084c00000, 0x0000000084d00000|  0%| F|  |TAMS 0x0000000084c00000, 0x0000000084c00000| Untracked 
|  47|0x0000000084d00000, 0x0000000084d286e0, 0x0000000084e00000| 15%| S|CS|TAMS 0x0000000084d00000, 0x0000000084d00000| Complete 
|  48|0x0000000084e00000, 0x0000000084f00000, 0x0000000084f00000|100%| S|CS|TAMS 0x0000000084e00000, 0x0000000084e00000| Complete 
|  49|0x0000000084f00000, 0x0000000085000000, 0x0000000085000000|100%| S|CS|TAMS 0x0000000084f00000, 0x0000000084f00000| Complete 
|  50|0x0000000085000000, 0x0000000085100000, 0x0000000085100000|100%| S|CS|TAMS 0x0000000085000000, 0x0000000085000000| Complete 
|  51|0x0000000085100000, 0x0000000085200000, 0x0000000085200000|100%| S|CS|TAMS 0x0000000085100000, 0x0000000085100000| Complete 
|  52|0x0000000085200000, 0x0000000085200000, 0x0000000085300000|  0%| F|  |TAMS 0x0000000085200000, 0x0000000085200000| Untracked 
|  53|0x0000000085300000, 0x0000000085300000, 0x0000000085400000|  0%| F|  |TAMS 0x0000000085300000, 0x0000000085300000| Untracked 
|  54|0x0000000085400000, 0x0000000085400000, 0x0000000085500000|  0%| F|  |TAMS 0x0000000085400000, 0x0000000085400000| Untracked 
|  55|0x0000000085500000, 0x0000000085500000, 0x0000000085600000|  0%| F|  |TAMS 0x0000000085500000, 0x0000000085500000| Untracked 
|  56|0x0000000085600000, 0x0000000085600000, 0x0000000085700000|  0%| F|  |TAMS 0x0000000085600000, 0x0000000085600000| Untracked 
|  57|0x0000000085700000, 0x0000000085700000, 0x0000000085800000|  0%| F|  |TAMS 0x0000000085700000, 0x0000000085700000| Untracked 
|  58|0x0000000085800000, 0x0000000085879d20, 0x0000000085900000| 47%| E|  |TAMS 0x0000000085800000, 0x0000000085800000| Complete 
|  59|0x0000000085900000, 0x0000000085a00000, 0x0000000085a00000|100%| E|CS|TAMS 0x0000000085900000, 0x0000000085900000| Complete 
|  60|0x0000000085a00000, 0x0000000085b00000, 0x0000000085b00000|100%| E|CS|TAMS 0x0000000085a00000, 0x0000000085a00000| Complete 
|  61|0x0000000085b00000, 0x0000000085c00000, 0x0000000085c00000|100%| E|CS|TAMS 0x0000000085b00000, 0x0000000085b00000| Complete 
|  62|0x0000000085c00000, 0x0000000085d00000, 0x0000000085d00000|100%| E|CS|TAMS 0x0000000085c00000, 0x0000000085c00000| Complete 
|  63|0x0000000085d00000, 0x0000000085e00000, 0x0000000085e00000|100%| E|CS|TAMS 0x0000000085d00000, 0x0000000085d00000| Complete 
|  64|0x0000000085e00000, 0x0000000085f00000, 0x0000000085f00000|100%| E|CS|TAMS 0x0000000085e00000, 0x0000000085e00000| Complete 
|  65|0x0000000085f00000, 0x0000000086000000, 0x0000000086000000|100%| E|CS|TAMS 0x0000000085f00000, 0x0000000085f00000| Complete 
|  66|0x0000000086000000, 0x0000000086100000, 0x0000000086100000|100%| E|CS|TAMS 0x0000000086000000, 0x0000000086000000| Complete 
|  67|0x0000000086100000, 0x0000000086200000, 0x0000000086200000|100%| E|CS|TAMS 0x0000000086100000, 0x0000000086100000| Complete 
|  68|0x0000000086200000, 0x0000000086300000, 0x0000000086300000|100%| E|CS|TAMS 0x0000000086200000, 0x0000000086200000| Complete 
|  69|0x0000000086300000, 0x0000000086400000, 0x0000000086400000|100%| E|CS|TAMS 0x0000000086300000, 0x0000000086300000| Complete 
|  70|0x0000000086400000, 0x0000000086500000, 0x0000000086500000|100%| E|  |TAMS 0x0000000086400000, 0x0000000086400000| Complete 
|  71|0x0000000086500000, 0x0000000086600000, 0x0000000086600000|100%| E|CS|TAMS 0x0000000086500000, 0x0000000086500000| Complete 
|  72|0x0000000086600000, 0x0000000086700000, 0x0000000086700000|100%| E|CS|TAMS 0x0000000086600000, 0x0000000086600000| Complete 
|  73|0x0000000086700000, 0x0000000086800000, 0x0000000086800000|100%| E|CS|TAMS 0x0000000086700000, 0x0000000086700000| Complete 
|  74|0x0000000086800000, 0x0000000086900000, 0x0000000086900000|100%| E|CS|TAMS 0x0000000086800000, 0x0000000086800000| Complete 
|  75|0x0000000086900000, 0x0000000086a00000, 0x0000000086a00000|100%| E|CS|TAMS 0x0000000086900000, 0x0000000086900000| Complete 
|  76|0x0000000086a00000, 0x0000000086b00000, 0x0000000086b00000|100%| E|CS|TAMS 0x0000000086a00000, 0x0000000086a00000| Complete 
|  77|0x0000000086b00000, 0x0000000086c00000, 0x0000000086c00000|100%| E|CS|TAMS 0x0000000086b00000, 0x0000000086b00000| Complete 
|  78|0x0000000086c00000, 0x0000000086d00000, 0x0000000086d00000|100%| E|CS|TAMS 0x0000000086c00000, 0x0000000086c00000| Complete 
|  79|0x0000000086d00000, 0x0000000086e00000, 0x0000000086e00000|100%| E|CS|TAMS 0x0000000086d00000, 0x0000000086d00000| Complete 
|  80|0x0000000086e00000, 0x0000000086f00000, 0x0000000086f00000|100%| E|CS|TAMS 0x0000000086e00000, 0x0000000086e00000| Complete 
|  81|0x0000000086f00000, 0x0000000087000000, 0x0000000087000000|100%| E|CS|TAMS 0x0000000086f00000, 0x0000000086f00000| Complete 
|  82|0x0000000087000000, 0x0000000087100000, 0x0000000087100000|100%| E|CS|TAMS 0x0000000087000000, 0x0000000087000000| Complete 
|  83|0x0000000087100000, 0x0000000087200000, 0x0000000087200000|100%| E|CS|TAMS 0x0000000087100000, 0x0000000087100000| Complete 
|  84|0x0000000087200000, 0x0000000087300000, 0x0000000087300000|100%| E|CS|TAMS 0x0000000087200000, 0x0000000087200000| Complete 
|  85|0x0000000087300000, 0x0000000087400000, 0x0000000087400000|100%| E|CS|TAMS 0x0000000087300000, 0x0000000087300000| Complete 
|  86|0x0000000087400000, 0x0000000087500000, 0x0000000087500000|100%| E|CS|TAMS 0x0000000087400000, 0x0000000087400000| Complete 
|  87|0x0000000087500000, 0x0000000087600000, 0x0000000087600000|100%| E|CS|TAMS 0x0000000087500000, 0x0000000087500000| Complete 
|  88|0x0000000087600000, 0x0000000087700000, 0x0000000087700000|100%| E|CS|TAMS 0x0000000087600000, 0x0000000087600000| Complete 
|  89|0x0000000087700000, 0x0000000087800000, 0x0000000087800000|100%| E|CS|TAMS 0x0000000087700000, 0x0000000087700000| Complete 
|  90|0x0000000087800000, 0x0000000087900000, 0x0000000087900000|100%| E|CS|TAMS 0x0000000087800000, 0x0000000087800000| Complete 
|  91|0x0000000087900000, 0x0000000087a00000, 0x0000000087a00000|100%| E|CS|TAMS 0x0000000087900000, 0x0000000087900000| Complete 
|  92|0x0000000087a00000, 0x0000000087b00000, 0x0000000087b00000|100%| E|CS|TAMS 0x0000000087a00000, 0x0000000087a00000| Complete 
|  93|0x0000000087b00000, 0x0000000087c00000, 0x0000000087c00000|100%| E|CS|TAMS 0x0000000087b00000, 0x0000000087b00000| Complete 
|  94|0x0000000087c00000, 0x0000000087d00000, 0x0000000087d00000|100%| E|CS|TAMS 0x0000000087c00000, 0x0000000087c00000| Complete 
|  95|0x0000000087d00000, 0x0000000087e00000, 0x0000000087e00000|100%| E|CS|TAMS 0x0000000087d00000, 0x0000000087d00000| Complete 
|  96|0x0000000087e00000, 0x0000000087f00000, 0x0000000087f00000|100%| E|CS|TAMS 0x0000000087e00000, 0x0000000087e00000| Complete 
|  97|0x0000000087f00000, 0x0000000088000000, 0x0000000088000000|100%| E|CS|TAMS 0x0000000087f00000, 0x0000000087f00000| Complete 
|  98|0x0000000088000000, 0x0000000088100000, 0x0000000088100000|100%| E|CS|TAMS 0x0000000088000000, 0x0000000088000000| Complete 
|  99|0x0000000088100000, 0x0000000088200000, 0x0000000088200000|100%| E|CS|TAMS 0x0000000088100000, 0x0000000088100000| Complete 
| 100|0x0000000088200000, 0x0000000088300000, 0x0000000088300000|100%| E|CS|TAMS 0x0000000088200000, 0x0000000088200000| Complete 
| 101|0x0000000088300000, 0x0000000088400000, 0x0000000088400000|100%| E|CS|TAMS 0x0000000088300000, 0x0000000088300000| Complete 
| 102|0x0000000088400000, 0x0000000088500000, 0x0000000088500000|100%| E|CS|TAMS 0x0000000088400000, 0x0000000088400000| Complete 
| 103|0x0000000088500000, 0x0000000088600000, 0x0000000088600000|100%| E|CS|TAMS 0x0000000088500000, 0x0000000088500000| Complete 
| 104|0x0000000088600000, 0x0000000088700000, 0x0000000088700000|100%| E|CS|TAMS 0x0000000088600000, 0x0000000088600000| Complete 
| 105|0x0000000088700000, 0x0000000088800000, 0x0000000088800000|100%| E|CS|TAMS 0x0000000088700000, 0x0000000088700000| Complete 
| 106|0x0000000088800000, 0x0000000088900000, 0x0000000088900000|100%| E|CS|TAMS 0x0000000088800000, 0x0000000088800000| Complete 
| 107|0x0000000088900000, 0x0000000088a00000, 0x0000000088a00000|100%| E|CS|TAMS 0x0000000088900000, 0x0000000088900000| Complete 
| 108|0x0000000088a00000, 0x0000000088b00000, 0x0000000088b00000|100%| E|CS|TAMS 0x0000000088a00000, 0x0000000088a00000| Complete 
| 109|0x0000000088b00000, 0x0000000088c00000, 0x0000000088c00000|100%| E|CS|TAMS 0x0000000088b00000, 0x0000000088b00000| Complete 
| 110|0x0000000088c00000, 0x0000000088d00000, 0x0000000088d00000|100%| E|CS|TAMS 0x0000000088c00000, 0x0000000088c00000| Complete 
| 111|0x0000000088d00000, 0x0000000088e00000, 0x0000000088e00000|100%| E|CS|TAMS 0x0000000088d00000, 0x0000000088d00000| Complete 
| 112|0x0000000088e00000, 0x0000000088f00000, 0x0000000088f00000|100%| E|CS|TAMS 0x0000000088e00000, 0x0000000088e00000| Complete 
| 113|0x0000000088f00000, 0x0000000089000000, 0x0000000089000000|100%| E|CS|TAMS 0x0000000088f00000, 0x0000000088f00000| Complete 
| 114|0x0000000089000000, 0x0000000089100000, 0x0000000089100000|100%| E|CS|TAMS 0x0000000089000000, 0x0000000089000000| Complete 
| 115|0x0000000089100000, 0x0000000089200000, 0x0000000089200000|100%| E|CS|TAMS 0x0000000089100000, 0x0000000089100000| Complete 
| 116|0x0000000089200000, 0x0000000089300000, 0x0000000089300000|100%| E|CS|TAMS 0x0000000089200000, 0x0000000089200000| Complete 
| 117|0x0000000089300000, 0x0000000089400000, 0x0000000089400000|100%| E|CS|TAMS 0x0000000089300000, 0x0000000089300000| Complete 
| 118|0x0000000089400000, 0x0000000089500000, 0x0000000089500000|100%| E|CS|TAMS 0x0000000089400000, 0x0000000089400000| Complete 
| 119|0x0000000089500000, 0x0000000089600000, 0x0000000089600000|100%| E|CS|TAMS 0x0000000089500000, 0x0000000089500000| Complete 
| 120|0x0000000089600000, 0x0000000089700000, 0x0000000089700000|100%| E|CS|TAMS 0x0000000089600000, 0x0000000089600000| Complete 
| 121|0x0000000089700000, 0x0000000089800000, 0x0000000089800000|100%| E|CS|TAMS 0x0000000089700000, 0x0000000089700000| Complete 
| 122|0x0000000089800000, 0x0000000089900000, 0x0000000089900000|100%| E|CS|TAMS 0x0000000089800000, 0x0000000089800000| Complete 
| 123|0x0000000089900000, 0x0000000089a00000, 0x0000000089a00000|100%| E|CS|TAMS 0x0000000089900000, 0x0000000089900000| Complete 
| 124|0x0000000089a00000, 0x0000000089b00000, 0x0000000089b00000|100%| E|CS|TAMS 0x0000000089a00000, 0x0000000089a00000| Complete 
| 125|0x0000000089b00000, 0x0000000089c00000, 0x0000000089c00000|100%| E|CS|TAMS 0x0000000089b00000, 0x0000000089b00000| Complete 
| 126|0x0000000089c00000, 0x0000000089d00000, 0x0000000089d00000|100%| E|CS|TAMS 0x0000000089c00000, 0x0000000089c00000| Complete 
| 127|0x0000000089d00000, 0x0000000089e00000, 0x0000000089e00000|100%| E|CS|TAMS 0x0000000089d00000, 0x0000000089d00000| Complete 

Card table byte_map: [0x000001f07f050000,0x000001f07f450000] _byte_map_base: 0x000001f07ec41000

Marking Bits (Prev, Next): (CMBitMap*) 0x000001f0746e7038, (CMBitMap*) 0x000001f0746e7078
 Prev Bits: [0x000001f00f000000, 0x000001f010f88000)
 Next Bits: [0x000001f010f90000, 0x000001f012f18000)

Polling page: 0x000001f07e600000

Metaspace:

Usage:
  Non-class:     17.85 MB capacity,    17.41 MB ( 98%) used,   396.04 KB (  2%) free+waste,    56.25 KB ( <1%) overhead. 
      Class:      2.35 MB capacity,     2.06 MB ( 88%) used,   265.17 KB ( 11%) free+waste,    28.06 KB (  1%) overhead. 
       Both:     20.20 MB capacity,    19.47 MB ( 96%) used,   661.21 KB (  3%) free+waste,    84.31 KB ( <1%) overhead. 

Virtual space:
  Non-class space:       18.00 MB reserved,      18.00 MB (100%) committed 
      Class space:        1.00 GB reserved,       2.38 MB ( <1%) committed 
             Both:        1.02 GB reserved,      20.38 MB (  2%) committed 

Chunk freelists:
   Non-Class:  22.00 KB
       Class:  30.00 KB
        Both:  52.00 KB

MaxMetaspaceSize: 17179869184.00 GB
CompressedClassSpaceSize: 1.00 GB

CodeHeap 'non-profiled nmethods': size=120000Kb used=1810Kb max_used=1810Kb free=118189Kb
 bounds [0x000001f007ad0000, 0x000001f007d40000, 0x000001f00f000000]
CodeHeap 'profiled nmethods': size=120000Kb used=7196Kb max_used=7196Kb free=112803Kb
 bounds [0x000001f0005a0000, 0x000001f000cb0000, 0x000001f007ad0000]
CodeHeap 'non-nmethods': size=5760Kb used=1315Kb max_used=1329Kb free=4444Kb
 bounds [0x000001f000000000, 0x000001f000270000, 0x000001f0005a0000]
 total_blobs=4705 nmethods=3015 adapters=524
 compilation: enabled
              stopped_count=0, restarted_count=0
 full_count=0

Compilation events (20 events):
Event: 18.036 Thread 0x000001f07feb6000 3021       1       sun.java2d.loops.GraphicsPrimitive::getUniqueID (5 bytes)
Event: 18.036 Thread 0x000001f07feb6000 nmethod 3021 0x000001f007c93d10 code [0x000001f007c93ea0, 0x000001f007c93f78]
Event: 18.036 Thread 0x000001f07feb6000 3022       3       sun.java2d.loops.GraphicsPrimitiveMgr$1::compare (13 bytes)
Event: 18.036 Thread 0x000001f07feb6000 nmethod 3022 0x000001f000ca2b90 code [0x000001f000ca2d60, 0x000001f000ca31f8]
Event: 18.037 Thread 0x000001f07feb6000 3024       3       java.util.TimSort::binarySort (223 bytes)
Event: 18.038 Thread 0x000001f07feb6000 nmethod 3024 0x000001f000ca3390 code [0x000001f000ca35a0, 0x000001f000ca40f8]
Event: 18.038 Thread 0x000001f07feb6000 3023       3       sun.java2d.loops.GraphicsPrimitiveMgr$1::compare (33 bytes)
Event: 18.038 Thread 0x000001f07feb6000 nmethod 3023 0x000001f000ca4410 code [0x000001f000ca45c0, 0x000001f000ca47d8]
Event: 18.038 Thread 0x000001f07feb6000 3025       3       java.util.TimSort::countRunAndMakeAscending (128 bytes)
Event: 18.039 Thread 0x000001f07feb6000 nmethod 3025 0x000001f000ca4890 code [0x000001f000ca4ac0, 0x000001f000ca5668]
Event: 18.039 Thread 0x000001f07feb6000 3026       3       sun.java2d.loops.GraphicsPrimitiveMgr$2::compare (39 bytes)
Event: 18.040 Thread 0x000001f07feb6000 nmethod 3026 0x000001f000ca5990 code [0x000001f000ca5b40, 0x000001f000ca5f58]
Event: 18.040 Thread 0x000001f07feb6000 3027       1       sun.java2d.loops.CompositeType::getSuperType (5 bytes)
Event: 18.040 Thread 0x000001f07feb6000 nmethod 3027 0x000001f007c94010 code [0x000001f007c941a0, 0x000001f007c94278]
Event: 18.040 Thread 0x000001f07feb6000 3028       3       sun.java2d.loops.GraphicsPrimitiveMgr::locate (104 bytes)
Event: 18.041 Thread 0x000001f07feb6000 nmethod 3028 0x000001f000ca6090 code [0x000001f000ca62c0, 0x000001f000ca6dd8]
Event: 18.042 Thread 0x000001f07feb6000 3029       1       sun.java2d.loops.SurfaceType::getSuperType (5 bytes)
Event: 18.043 Thread 0x000001f07feb6000 nmethod 3029 0x000001f007c94310 code [0x000001f007c944a0, 0x000001f007c94578]
Event: 18.043 Thread 0x000001f07feac000 3030       4       sun.java2d.loops.GraphicsPrimitiveMgr$2::compare (39 bytes)
Event: 18.045 Thread 0x000001f07feac000 nmethod 3030 0x000001f007c94610 code [0x000001f007c947c0, 0x000001f007c94938]

GC Heap History (8 events):
Event: 1.824 GC heap before
{Heap before GC invocations=0 (full 0):
 garbage-first heap   total 131072K, used 13312K [0x0000000081e00000, 0x0000000100000000)
  region size 1024K, 13 young (13312K), 0 survivors (0K)
 Metaspace       used 6866K, capacity 7353K, committed 7424K, reserved 1056768K
  class space    used 819K, capacity 1001K, committed 1024K, reserved 1048576K
}
Event: 1.847 GC heap after
{Heap after GC invocations=1 (full 0):
 garbage-first heap   total 131072K, used 4115K [0x0000000081e00000, 0x0000000100000000)
  region size 1024K, 2 young (2048K), 2 survivors (2048K)
 Metaspace       used 6866K, capacity 7353K, committed 7424K, reserved 1056768K
  class space    used 819K, capacity 1001K, committed 1024K, reserved 1048576K
}
Event: 3.883 GC heap before
{Heap before GC invocations=1 (full 0):
 garbage-first heap   total 131072K, used 16403K [0x0000000081e00000, 0x0000000100000000)
  region size 1024K, 14 young (14336K), 2 survivors (2048K)
 Metaspace       used 10889K, capacity 11447K, committed 11776K, reserved 1058816K
  class space    used 1230K, capacity 1450K, committed 1536K, reserved 1048576K
}
Event: 3.894 GC heap after
{Heap after GC invocations=2 (full 0):
 garbage-first heap   total 131072K, used 5841K [0x0000000081e00000, 0x0000000100000000)
  region size 1024K, 2 young (2048K), 2 survivors (2048K)
 Metaspace       used 10889K, capacity 11447K, committed 11776K, reserved 1058816K
  class space    used 1230K, capacity 1450K, committed 1536K, reserved 1048576K
}
Event: 5.457 GC heap before
{Heap before GC invocations=2 (full 0):
 garbage-first heap   total 131072K, used 27345K [0x0000000081e00000, 0x0000000100000000)
  region size 1024K, 24 young (24576K), 2 survivors (2048K)
 Metaspace       used 13488K, capacity 14036K, committed 14336K, reserved 1062912K
  class space    used 1469K, capacity 1681K, committed 1792K, reserved 1048576K
}
Event: 5.469 GC heap after
{Heap after GC invocations=3 (full 0):
 garbage-first heap   total 131072K, used 8289K [0x0000000081e00000, 0x0000000100000000)
  region size 1024K, 3 young (3072K), 3 survivors (3072K)
 Metaspace       used 13488K, capacity 14036K, committed 14336K, reserved 1062912K
  class space    used 1469K, capacity 1681K, committed 1792K, reserved 1048576K
}
Event: 6.956 GC heap before
{Heap before GC invocations=3 (full 0):
 garbage-first heap   total 131072K, used 83041K [0x0000000081e00000, 0x0000000100000000)
  region size 1024K, 76 young (77824K), 3 survivors (3072K)
 Metaspace       used 14287K, capacity 14873K, committed 15104K, reserved 1062912K
  class space    used 1541K, capacity 1787K, committed 1792K, reserved 1048576K
}
Event: 6.963 GC heap after
{Heap after GC invocations=4 (full 0):
 garbage-first heap   total 131072K, used 9950K [0x0000000081e00000, 0x0000000100000000)
  region size 1024K, 5 young (5120K), 5 survivors (5120K)
 Metaspace       used 14287K, capacity 14873K, committed 15104K, reserved 1062912K
  class space    used 1541K, capacity 1787K, committed 1792K, reserved 1048576K
}

Deoptimization events (20 events):
Event: 14.659 Thread 0x000001f016015800 DEOPT PACKING pc=0x000001f007bd5ba8 sp=0x0000008fe0efe2b0
Event: 14.659 Thread 0x000001f016015800 DEOPT UNPACKING pc=0x000001f00004912f sp=0x0000008fe0efe1f0 mode 2
Event: 14.700 Thread 0x000001f016015800 Uncommon trap: trap_request=0xffffff45 fr.pc=0x000001f007bd7e34 relative=0x00000000000007f4
Event: 14.700 Thread 0x000001f016015800 Uncommon trap: reason=unstable_if action=reinterpret pc=0x000001f007bd7e34 method=com.sun.org.apache.xerces.internal.impl.XMLEntityScanner.scanContent(Lcom/sun/org/apache/xerces/internal/xni/XMLString;)I @ 670 c2
Event: 14.700 Thread 0x000001f016015800 DEOPT PACKING pc=0x000001f007bd7e34 sp=0x0000008fe0efdde0
Event: 14.700 Thread 0x000001f016015800 DEOPT UNPACKING pc=0x000001f00004912f sp=0x0000008fe0efdd80 mode 2
Event: 14.720 Thread 0x000001f016015800 Uncommon trap: trap_request=0xffffff45 fr.pc=0x000001f007bd98ec relative=0x000000000000070c
Event: 14.720 Thread 0x000001f016015800 Uncommon trap: reason=unstable_if action=reinterpret pc=0x000001f007bd98ec method=org.apache.tomcat.util.IntrospectionUtils.findMethod(Ljava/lang/Class;Ljava/lang/String;[Ljava/lang/Class;)Ljava/lang/reflect/Method; @ 95 c2
Event: 14.720 Thread 0x000001f016015800 DEOPT PACKING pc=0x000001f007bd98ec sp=0x0000008fe0efd770
Event: 14.721 Thread 0x000001f016015800 DEOPT UNPACKING pc=0x000001f00004912f sp=0x0000008fe0efd710 mode 2
Event: 17.322 Thread 0x000001f016013000 DEOPT PACKING pc=0x000001f000a420a1 sp=0x0000008fe10f7fa0
Event: 17.322 Thread 0x000001f016013000 DEOPT UNPACKING pc=0x000001f00004964e sp=0x0000008fe10f7498 mode 0
Event: 17.473 Thread 0x000001f016013000 Uncommon trap: trap_request=0xffffffc6 fr.pc=0x000001f007c52654 relative=0x0000000000000814
Event: 17.473 Thread 0x000001f016013000 Uncommon trap: reason=bimorphic_or_optimized_type_check action=maybe_recompile pc=0x000001f007c52654 method=java.util.HashMap.putVal(ILjava/lang/Object;Ljava/lang/Object;ZZ)Ljava/lang/Object; @ 203 c2
Event: 17.473 Thread 0x000001f016013000 DEOPT PACKING pc=0x000001f007c52654 sp=0x0000008fe10fd6d0
Event: 17.474 Thread 0x000001f016013000 DEOPT UNPACKING pc=0x000001f00004912f sp=0x0000008fe10fd660 mode 2
Event: 17.474 Thread 0x000001f016013000 Uncommon trap: trap_request=0xffffffc6 fr.pc=0x000001f007c52654 relative=0x0000000000000814
Event: 17.474 Thread 0x000001f016013000 Uncommon trap: reason=bimorphic_or_optimized_type_check action=maybe_recompile pc=0x000001f007c52654 method=java.util.HashMap.putVal(ILjava/lang/Object;Ljava/lang/Object;ZZ)Ljava/lang/Object; @ 203 c2
Event: 17.474 Thread 0x000001f016013000 DEOPT PACKING pc=0x000001f007c52654 sp=0x0000008fe10fd6d0
Event: 17.474 Thread 0x000001f016013000 DEOPT UNPACKING pc=0x000001f00004912f sp=0x0000008fe10fd660 mode 2

Classes unloaded (0 events):
No events

Classes redefined (0 events):
No events

Internal exceptions (20 events):
Event: 5.138 Thread 0x000001f016016800 Implicit null exception at 0x000001f0008ade17 to 0x000001f0008afd82
Event: 5.138 Thread 0x000001f016016800 Exception <a 'java/lang/NullPointerException'{0x0000000088b096e8}> (0x0000000088b096e8) 
thrown [./open/src/hotspot/share/runtime/sharedRuntime.cpp, line 584]
Event: 5.424 Thread 0x000001f016016800 Exception <a 'java/lang/ClassNotFoundException'{0x00000000886b3fc8}: org/apache/catalina/webresources/jar/Handler> (0x00000000886b3fc8) 
thrown [./open/src/hotspot/share/classfile/systemDictionary.cpp, line 226]
Event: 5.601 Thread 0x000001f016016800 Exception <a 'java/io/FileNotFoundException'{0x0000000089b00258}> (0x0000000089b00258) 
thrown [./open/src/hotspot/share/prims/jni.cpp, line 599]
Event: 7.933 Thread 0x000001f016016800 Exception <a 'java/lang/ClassNotFoundException'{0x000000008685c7c0}: javax/smartcardio/CardPermission> (0x000000008685c7c0) 
thrown [./open/src/hotspot/share/classfile/systemDictionary.cpp, line 226]
Event: 7.940 Thread 0x000001f016016800 Exception <a 'java/io/FileNotFoundException'{0x000000008686aff8}> (0x000000008686aff8) 
thrown [./open/src/hotspot/share/prims/jni.cpp, line 599]
Event: 8.179 Thread 0x000001f016016800 Exception <a 'java/io/FileNotFoundException'{0x0000000086640970}> (0x0000000086640970) 
thrown [./open/src/hotspot/share/prims/jni.cpp, line 599]
Event: 12.048 Thread 0x000001f016013000 Exception <a 'java/lang/NoSuchMethodError'{0x0000000086011350}: 'void java.lang.invoke.DirectMethodHandle$Holder.invokeStatic(java.lang.Object, long)'> (0x0000000086011350) 
thrown [./open/src/hotspot/share/interpreter/linkResolver.cpp, line 766]
Event: 12.051 Thread 0x000001f016013000 Exception <a 'java/lang/NoSuchMethodError'{0x00000000860188b0}: 'java.lang.Object java.lang.invoke.DirectMethodHandle$Holder.invokeStatic(java.lang.Object, java.lang.Object, long, java.lang.Object)'> (0x00000000860188b0) 
thrown [./open/src/hotspot/share/interpreter/linkResolver.cpp, line 766]
Event: 12.051 Thread 0x000001f016013000 Exception <a 'java/lang/NoSuchMethodError'{0x000000008601b848}: 'java.lang.Object java.lang.invoke.DirectMethodHandle$Holder.invokeStaticInit(java.lang.Object, java.lang.Object, long, java.lang.Object)'> (0x000000008601b848) 
thrown [./open/src/hotspot/share/interpreter/linkResolver.cpp, line 766]
Event: 14.665 Thread 0x000001f016015800 Exception <a 'java/io/FileNotFoundException'{0x00000000860538d8}> (0x00000000860538d8) 
thrown [./open/src/hotspot/share/prims/jni.cpp, line 599]
Event: 14.695 Thread 0x000001f016015800 Exception <a 'java/io/FileNotFoundException'{0x00000000860e9558}> (0x00000000860e9558) 
thrown [./open/src/hotspot/share/prims/jni.cpp, line 599]
Event: 14.879 Thread 0x000001f016015800 Exception <a 'java/io/FileNotFoundException'{0x0000000085e8f6d0}> (0x0000000085e8f6d0) 
thrown [./open/src/hotspot/share/prims/jni.cpp, line 599]
Event: 17.073 Thread 0x000001f016013000 Exception <a 'java/lang/ClassNotFoundException'{0x0000000085ef5860}: sun/awt/resources/spi/awtProvider> (0x0000000085ef5860) 
thrown [./open/src/hotspot/share/classfile/systemDictionary.cpp, line 226]
Event: 17.082 Thread 0x000001f016013000 Exception <a 'java/io/FileNotFoundException'{0x0000000085ef9048}> (0x0000000085ef9048) 
thrown [./open/src/hotspot/share/prims/jni.cpp, line 599]
Event: 17.083 Thread 0x000001f016013000 Exception <a 'java/io/FileNotFoundException'{0x0000000085efaf40}> (0x0000000085efaf40) 
thrown [./open/src/hotspot/share/prims/jni.cpp, line 599]
Event: 17.385 Thread 0x000001f016013000 Exception <a 'java/lang/NoSuchMethodError'{0x0000000085a5f3e8}: 'int java.lang.invoke.DirectMethodHandle$Holder.invokeStaticInit(java.lang.Object, java.lang.Object, java.lang.Object, java.lang.Object)'> (0x0000000085a5f3e8) 
thrown [./open/src/hotspot/share/interpreter/linkResolver.cpp, line 766]
Event: 17.386 Thread 0x000001f016013000 Exception <a 'java/lang/IncompatibleClassChangeError'{0x0000000085a67698}: Found class java.lang.Object, but interface was expected> (0x0000000085a67698) 
thrown [./open/src/hotspot/share/interpreter/linkResolver.cpp, line 832]
Event: 17.387 Thread 0x000001f016013000 Exception <a 'java/lang/NoSuchMethodError'{0x0000000085a6a230}: 'void java.lang.invoke.DirectMethodHandle$Holder.invokeStaticInit(java.lang.Object, java.lang.Object)'> (0x0000000085a6a230) 
thrown [./open/src/hotspot/share/interpreter/linkResolver.cpp, line 766]
Event: 17.388 Thread 0x000001f016013000 Exception <a 'java/lang/NoSuchMethodError'{0x0000000085a6ef10}: 'int java.lang.invoke.DirectMethodHandle$Holder.invokeStaticInit(java.lang.Object, java.lang.Object)'> (0x0000000085a6ef10) 
thrown [./open/src/hotspot/share/interpreter/linkResolver.cpp, line 766]

Events (20 events):
Event: 18.033 loading class sun/java2d/loops/GraphicsPrimitiveProxy
Event: 18.033 loading class sun/java2d/loops/GraphicsPrimitiveProxy done
Event: 18.033 loading class sun/java2d/loops/GeneralRenderer
Event: 18.033 loading class sun/java2d/loops/GeneralRenderer done
Event: 18.035 loading class sun/java2d/loops/GraphicsPrimitiveMgr$1
Event: 18.035 loading class sun/java2d/loops/GraphicsPrimitiveMgr$1 done
Event: 18.035 loading class sun/java2d/loops/GraphicsPrimitiveMgr$2
Event: 18.036 loading class sun/java2d/loops/GraphicsPrimitiveMgr$2 done
Event: 18.036 loading class sun/java2d/loops/GraphicsPrimitiveMgr$PrimitiveSpec
Event: 18.036 loading class sun/java2d/loops/GraphicsPrimitiveMgr$PrimitiveSpec done
Event: 18.041 loading class sun/awt/image/BufferedImageGraphicsConfig
Event: 18.041 loading class sun/awt/image/BufferedImageGraphicsConfig done
Event: 18.041 loading class sun/awt/image/BufferedImageDevice
Event: 18.041 loading class sun/awt/image/BufferedImageDevice done
Event: 18.042 loading class java/awt/image/MultiResolutionImage
Event: 18.042 loading class java/awt/image/MultiResolutionImage done
Event: 18.042 loading class sun/awt/image/ToolkitImage
Event: 18.042 loading class sun/awt/image/ToolkitImage done
Event: 18.048 loading class java/lang/StrictMath
Event: 18.048 loading class java/lang/StrictMath done


Dynamic libraries:
0x00007ff631d60000 - 0x00007ff631d6f000 	C:\Program Files\Java\jdk-14.0.1\bin\java.exe
0x00007fffa9810000 - 0x00007fffa9a06000 	C:\Windows\SYSTEM32\ntdll.dll
0x00007fffa9710000 - 0x00007fffa97cd000 	C:\Windows\System32\KERNEL32.DLL
0x00007fffa74c0000 - 0x00007fffa7788000 	C:\Windows\System32\KERNELBASE.dll
0x00007fffa7010000 - 0x00007fffa7110000 	C:\Windows\System32\ucrtbase.dll
0x00007fff9f480000 - 0x00007fff9f495000 	C:\Program Files\Java\jdk-14.0.1\bin\VCRUNTIME140.dll
0x00007fff9f460000 - 0x00007fff9f478000 	C:\Program Files\Java\jdk-14.0.1\bin\jli.dll
0x00007fffa9580000 - 0x00007fffa962a000 	C:\Windows\System32\ADVAPI32.dll
0x00007fffa91f0000 - 0x00007fffa928e000 	C:\Windows\System32\msvcrt.dll
0x00007fffa94e0000 - 0x00007fffa957b000 	C:\Windows\System32\sechost.dll
0x00007fffa8380000 - 0x00007fffa84a4000 	C:\Windows\System32\RPCRT4.dll
0x00007fffa7e60000 - 0x00007fffa8000000 	C:\Windows\System32\USER32.dll
0x00007fffa7110000 - 0x00007fffa7132000 	C:\Windows\System32\win32u.dll
0x00007fffa7cf0000 - 0x00007fffa7d1a000 	C:\Windows\System32\GDI32.dll
0x00007fffa73b0000 - 0x00007fffa74b9000 	C:\Windows\System32\gdi32full.dll
0x00007fffa7790000 - 0x00007fffa782d000 	C:\Windows\System32\msvcp_win.dll
0x00007fff92fa0000 - 0x00007fff9323b000 	C:\Windows\WinSxS\amd64_microsoft.windows.common-controls_6595b64144ccf1df_6.0.19041.488_none_ca04af081b815d21\COMCTL32.dll
0x00007fff9f4a0000 - 0x00007fff9f4aa000 	C:\Windows\SYSTEM32\VERSION.dll
0x00007fffa96e0000 - 0x00007fffa9710000 	C:\Windows\System32\IMM32.DLL
0x00007fff79820000 - 0x00007fff798bb000 	C:\Program Files\Java\jdk-14.0.1\bin\msvcp140.dll
0x00007fff4c9d0000 - 0x00007fff4d4ee000 	C:\Program Files\Java\jdk-14.0.1\bin\server\jvm.dll
0x00007fffa7d20000 - 0x00007fffa7d28000 	C:\Windows\System32\PSAPI.DLL
0x00007fff97900000 - 0x00007fff97909000 	C:\Windows\SYSTEM32\WSOCK32.dll
0x00007fffa82f0000 - 0x00007fffa835b000 	C:\Windows\System32\WS2_32.dll
0x00007fff98960000 - 0x00007fff98987000 	C:\Windows\SYSTEM32\WINMM.dll
0x00007fffa4e70000 - 0x00007fffa4e82000 	C:\Windows\SYSTEM32\kernel.appcore.dll
0x00007fff9f450000 - 0x00007fff9f45a000 	C:\Program Files\Java\jdk-14.0.1\bin\jimage.dll
0x00007fff96220000 - 0x00007fff96404000 	C:\Windows\SYSTEM32\DBGHELP.DLL
0x00007fff961f0000 - 0x00007fff9621c000 	C:\Windows\SYSTEM32\dbgcore.DLL
0x00007fffa72d0000 - 0x00007fffa734f000 	C:\Windows\System32\bcryptPrimitives.dll
0x00007fff98900000 - 0x00007fff98925000 	C:\Program Files\Java\jdk-14.0.1\bin\java.dll
0x00007fff9f430000 - 0x00007fff9f446000 	C:\Program Files\Java\jdk-14.0.1\bin\zip.dll
0x00007fffa8ab0000 - 0x00007fffa91f0000 	C:\Windows\System32\SHELL32.dll
0x00007fffa5070000 - 0x00007fffa5804000 	C:\Windows\SYSTEM32\windows.storage.dll
0x00007fffa8750000 - 0x00007fffa8aa5000 	C:\Windows\System32\combase.dll
0x00007fffa6960000 - 0x00007fffa698c000 	C:\Windows\SYSTEM32\Wldp.dll
0x00007fffa9290000 - 0x00007fffa933e000 	C:\Windows\System32\SHCORE.dll
0x00007fffa9420000 - 0x00007fffa9475000 	C:\Windows\System32\shlwapi.dll
0x00007fffa6e90000 - 0x00007fffa6eb6000 	C:\Windows\SYSTEM32\profapi.dll
0x00007fff988e0000 - 0x00007fff988f9000 	C:\Program Files\Java\jdk-14.0.1\bin\net.dll
0x00007fff994a0000 - 0x00007fff995a0000 	C:\Windows\SYSTEM32\WINHTTP.dll
0x00007fffa6660000 - 0x00007fffa66ca000 	C:\Windows\system32\mswsock.dll
0x00007fff98890000 - 0x00007fff988a2000 	C:\Program Files\Java\jdk-14.0.1\bin\nio.dll
0x00007fffa2b20000 - 0x00007fffa2b29000 	C:\Program Files\Java\jdk-14.0.1\bin\management_agent.dll
0x00007fff98870000 - 0x00007fff98879000 	C:\Program Files\Java\jdk-14.0.1\bin\management.dll
0x00007fff97800000 - 0x00007fff9780b000 	C:\Program Files\Java\jdk-14.0.1\bin\management_ext.dll
0x00007fff7a3a0000 - 0x00007fff7a3b7000 	C:\Windows\system32\napinsp.dll
0x00007fff61fa0000 - 0x00007fff61fbb000 	C:\Windows\system32\pnrpnsp.dll
0x00007fff78ca0000 - 0x00007fff78cb5000 	C:\Windows\system32\wshbth.dll
0x00007fffa29f0000 - 0x00007fffa2a0d000 	C:\Windows\system32\NLAapi.dll
0x00007fffa6340000 - 0x00007fffa637b000 	C:\Windows\SYSTEM32\IPHLPAPI.DLL
0x00007fffa6380000 - 0x00007fffa644b000 	C:\Windows\SYSTEM32\DNSAPI.dll
0x00007fffa8530000 - 0x00007fffa8539000 	C:\Windows\System32\NSI.dll
0x00007fff61f80000 - 0x00007fff61f92000 	C:\Windows\System32\winrnr.dll
0x00007fff99480000 - 0x00007fff9948a000 	C:\Windows\System32\rasadhlp.dll
0x00007fff99020000 - 0x00007fff9909f000 	C:\Windows\System32\fwpuclnt.dll
0x00007fffa7140000 - 0x00007fffa7167000 	C:\Windows\System32\bcrypt.dll
0x00007fffa68c0000 - 0x00007fffa68d8000 	C:\Windows\SYSTEM32\CRYPTSP.dll
0x00007fffa5fd0000 - 0x00007fffa6004000 	C:\Windows\system32\rsaenh.dll
0x00007fffa6e50000 - 0x00007fffa6e7e000 	C:\Windows\SYSTEM32\USERENV.dll
0x00007fffa68b0000 - 0x00007fffa68bc000 	C:\Windows\SYSTEM32\CRYPTBASE.dll
0x00007fff9f530000 - 0x00007fff9f547000 	C:\Windows\SYSTEM32\dhcpcsvc6.DLL
0x00007fff9f4b0000 - 0x00007fff9f4cd000 	C:\Windows\SYSTEM32\dhcpcsvc.DLL
0x0000000180000000 - 0x0000000180285000 	C:\tomcat\bin\tcnative-1.dll
0x00007fffa7170000 - 0x00007fffa72cd000 	C:\Windows\System32\CRYPT32.dll
0x00007fff98880000 - 0x00007fff98890000 	C:\Program Files\Java\jdk-14.0.1\bin\verify.dll
0x00007fff5fbc0000 - 0x00007fff5fd58000 	C:\Program Files\Java\jdk-14.0.1\bin\awt.dll
0x00007fffa8130000 - 0x00007fffa81fd000 	C:\Windows\System32\OLEAUT32.dll
0x00007fffa4820000 - 0x00007fffa48b0000 	C:\Windows\SYSTEM32\apphelp.dll
0x00007fffa4b80000 - 0x00007fffa4baf000 	C:\Windows\system32\DWMAPI.DLL
0x00007fffa49b0000 - 0x00007fffa4a4f000 	C:\Windows\system32\uxtheme.dll
0x00007fff88af0000 - 0x00007fff88c15000 	C:\Windows\system32\opengl32.dll
0x00007fff89430000 - 0x00007fff8945c000 	C:\Windows\SYSTEM32\GLU32.dll
0x00007fffa7d40000 - 0x00007fffa7e55000 	C:\Windows\System32\MSCTF.dll
0x00007fffa8000000 - 0x00007fffa812a000 	C:\Windows\System32\ole32.dll
0x000001f0192c0000 - 0x000001f0192f7000 	C:\tomcat\temp\jna13436138422447264929.dll
0x00007fff308f0000 - 0x00007fff30bad000 	C:\tomcat\temp\tess4j\win32-x86-64\libtesseract411.dll
0x00007fffa2b30000 - 0x00007fffa2b3c000 	C:\Windows\SYSTEM32\VCRUNTIME140_1.dll
0x00007fff30510000 - 0x00007fff308e8000 	C:\tomcat\temp\tess4j\win32-x86-64\liblept1790.dll

dbghelp: loaded successfully - version: 4.0.5 - missing functions: none
symbol engine: initialized successfully - sym options: 0x614 - pdb path: .;C:\Program Files\Java\jdk-14.0.1\bin;C:\Windows\SYSTEM32;C:\Windows\WinSxS\amd64_microsoft.windows.common-controls_6595b64144ccf1df_6.0.19041.488_none_ca04af081b815d21;C:\Program Files\Java\jdk-14.0.1\bin\server;C:\tomcat\bin;C:\tomcat\temp;C:\tomcat\temp\tess4j\win32-x86-64

VM Arguments:
jvm_args: --add-opens=java.base/java.lang=ALL-UNNAMED --add-opens=java.base/java.io=ALL-UNNAMED --add-opens=java.rmi/sun.rmi.transport=ALL-UNNAMED -Djava.util.logging.config.file=C:\Users\danie\AppData\Local\JetBrains\IntelliJIdea2020.1\tomcat\Tomcat_9_0_39_SL-P3-MSDOS-WEB\conf\logging.properties -Djava.util.logging.manager=org.apache.juli.ClassLoaderLogManager -Dcom.sun.management.jmxremote= -Dcom.sun.management.jmxremote.port=1099 -Dcom.sun.management.jmxremote.ssl=false -Dcom.sun.management.jmxremote.password.file=C:\Users\danie\AppData\Local\JetBrains\IntelliJIdea2020.1\tomcat\Tomcat_9_0_39_SL-P3-MSDOS-WEB\jmxremote.password -Dcom.sun.management.jmxremote.access.file=C:\Users\danie\AppData\Local\JetBrains\IntelliJIdea2020.1\tomcat\Tomcat_9_0_39_SL-P3-MSDOS-WEB\jmxremote.access -Djava.rmi.server.hostname=127.0.0.1 -Djdk.tls.ephemeralDHKeySize=2048 -Djava.protocol.handler.pkgs=org.apache.catalina.webresources -Dignore.endorsed.dirs= -Dcatalina.base=C:\Users\danie\AppData\Local\JetBrains\IntelliJIdea2020.1\tomcat\Tomcat_9_0_39_SL-P3-MSDOS-WEB -Dcatalina.home=C:\tomcat -Djava.io.tmpdir=C:\tomcat\temp 
java_command: org.apache.catalina.startup.Bootstrap start
java_class_path (initial): C:\tomcat\bin\bootstrap.jar;C:\tomcat\bin\tomcat-juli.jar
Launcher Type: SUN_STANDARD

[Global flags]
     intx CICompilerCount                          = 3                                         {product} {ergonomic}
     uint ConcGCThreads                            = 1                                         {product} {ergonomic}
     uint G1ConcRefinementThreads                  = 4                                         {product} {ergonomic}
   size_t G1HeapRegionSize                         = 1048576                                   {product} {ergonomic}
    uintx GCDrainStackTargetSize                   = 64                                        {product} {ergonomic}
   size_t InitialHeapSize                          = 134217728                                 {product} {ergonomic}
     bool ManagementServer                         = true                                      {product} {command line}
   size_t MarkStackSize                            = 4194304                                   {product} {ergonomic}
   size_t MaxHeapSize                              = 2116026368                                {product} {ergonomic}
   size_t MaxNewSize                               = 1268776960                                {product} {ergonomic}
   size_t MinHeapDeltaBytes                        = 1048576                                   {product} {ergonomic}
   size_t MinHeapSize                              = 8388608                                   {product} {ergonomic}
    uintx NonNMethodCodeHeapSize                   = 5832780                                {pd product} {ergonomic}
    uintx NonProfiledCodeHeapSize                  = 122912730                              {pd product} {ergonomic}
    uintx ProfiledCodeHeapSize                     = 122912730                              {pd product} {ergonomic}
    uintx ReservedCodeCacheSize                    = 251658240                              {pd product} {ergonomic}
     bool SegmentedCodeCache                       = true                                      {product} {ergonomic}
   size_t SoftMaxHeapSize                          = 2116026368                             {manageable} {ergonomic}
     bool UseCompressedClassPointers               = true                                 {lp64_product} {ergonomic}
     bool UseCompressedOops                        = true                                 {lp64_product} {ergonomic}
     bool UseG1GC                                  = true                                      {product} {ergonomic}
     bool UseLargePagesIndividualAllocation        = false                                  {pd product} {ergonomic}

Logging:
Log output configuration:
 #0: stdout all=warning uptime,level,tags
 #1: stderr all=off uptime,level,tags

Environment Variables:
JAVA_HOME=C:\Program Files\Java\jdk-14.0.1
JRE_HOME=C:\Program Files\Java\jdk-14.0.1
CLASSPATH=C:\tomcat\bin\bootstrap.jar;C:\tomcat\bin\tomcat-juli.jar
PATH=C:\Program Files (x86)\VMware\VMware Player\bin\;C:\Windows\system32;C:\Windows;C:\Windows\System32\Wbem;C:\Windows\System32\WindowsPowerShell\v1.0\;C:\Windows\System32\OpenSSH\;C:\Program Files\Git\cmd;C:\Users\danie\AppData\Local\Microsoft\WindowsApps;C:\Program Files\JetBrains\IntelliJ IDEA 2020.1.2\bin;C:\adb;C:\Program Files\erl10.3\bin;C:\Program Files (x86)\Elixir\bin;C:\Users\danie\.mix\escripts;C:\Program Files\PuTTY\;C:\Program Files\nodejs\;C:\Program Files\Java\jdk-14.0.1\bin;;C:\Program Files\Docker\Docker\resources\bin;C:\ProgramData\DockerDesktop\version-bin;C:\Users\danie\AppData\Local\Microsoft\WindowsApps;C:\Program Files\JetBrains\IntelliJ IDEA 2020.1.2\bin;;C:\Users\danie\AppData\Roaming\npm;C:\Users\danie\AppData\Local\Programs\Microsoft VS Code\bin;C:\Program Files\Java\jdk-14.0.1\bin;
USERNAME=danie
OS=Windows_NT
PROCESSOR_IDENTIFIER=Intel64 Family 6 Model 78 Stepping 3, GenuineIntel



---------------  S Y S T E M  ---------------

OS: Windows 10 , 64 bit Build 19041 (10.0.19041.546)
OS uptime: 0 days 2:54 hours
HyperV virtualization detected

CPU:total 4 (initial active 4) (2 cores per cpu, 2 threads per core) family 6 model 78 stepping 3, cmov, cx8, fxsr, mmx, sse, sse2, sse3, ssse3, sse4.1, sse4.2, popcnt, avx, avx2, aes, clmul, erms, 3dnowpref, lzcnt, ht, tsc, tscinvbit, bmi1, bmi2, adx, fma

Memory: 4k page, system-wide physical 8065M (1293M free)
TotalPageFile size 12417M (AvailPageFile size 2821M)
current process WorkingSet (physical memory assigned to process): 199M, peak: 199M
current process commit charge ("private bytes"): 253M, peak: 270M

vm_info: Java HotSpot(TM) 64-Bit Server VM (14.0.1+7) for windows-amd64 JRE (14.0.1+7), built on Mar  5 2020 10:30:14 by "mach5one" with MS VC++ 15.9 (VS2017)

END.
