#
# A fatal error has been detected by the Java Runtime Environment:
#
#  EXCEPTION_ACCESS_VIOLATION (0xc0000005) at pc=0x00007fff305ace8d, pid=8836, tid=3016
#
# JRE version: Java(TM) SE Runtime Environment (14.0.1+7) (build 14.0.1+7)
# Java VM: Java HotSpot(TM) 64-Bit Server VM (14.0.1+7, mixed mode, sharing, tiered, compressed oops, g1 gc, windows-amd64)
# Problematic frame:
# C  [libtesseract411.dll+0xace8d]
#
# No core dump will be written. Minidumps are not enabled by default on client versions of Windows
#
# If you would like to submit a bug report, please visit:
#   https://bugreport.java.com/bugreport/crash.jsp
# The crash happened outside the Java Virtual Machine in native code.
# See problematic frame for where to report the bug.
#

---------------  S U M M A R Y ------------

Command Line: --add-opens=java.base/java.lang=ALL-UNNAMED --add-opens=java.base/java.io=ALL-UNNAMED --add-opens=java.rmi/sun.rmi.transport=ALL-UNNAMED -Djava.util.logging.config.file=C:\Users\danie\AppData\Local\JetBrains\IntelliJIdea2020.1\tomcat\Tomcat_9_0_39_SL-P3-MSDOS-WEB\conf\logging.properties -Djava.util.logging.manager=org.apache.juli.ClassLoaderLogManager -Dcom.sun.management.jmxremote= -Dcom.sun.management.jmxremote.port=1099 -Dcom.sun.management.jmxremote.ssl=false -Dcom.sun.management.jmxremote.password.file=C:\Users\danie\AppData\Local\JetBrains\IntelliJIdea2020.1\tomcat\Tomcat_9_0_39_SL-P3-MSDOS-WEB\jmxremote.password -Dcom.sun.management.jmxremote.access.file=C:\Users\danie\AppData\Local\JetBrains\IntelliJIdea2020.1\tomcat\Tomcat_9_0_39_SL-P3-MSDOS-WEB\jmxremote.access -Djava.rmi.server.hostname=127.0.0.1 -Djdk.tls.ephemeralDHKeySize=2048 -Djava.protocol.handler.pkgs=org.apache.catalina.webresources -Dignore.endorsed.dirs= -Dcatalina.base=C:\Users\danie\AppData\Local\JetBrains\IntelliJIdea2020.1\tomcat\Tomcat_9_0_39_SL-P3-MSDOS-WEB -Dcatalina.home=C:\tomcat -Djava.io.tmpdir=C:\tomcat\temp org.apache.catalina.startup.Bootstrap start

Host: Intel(R) Core(TM) i3-6006U CPU @ 2.00GHz, 4 cores, 7G,  Windows 10 , 64 bit Build 19041 (10.0.19041.546)
Time: Wed Nov  4 03:27:39 2020 Hora estándar romance elapsed time: 21 seconds (0d 0h 0m 21s)

---------------  T H R E A D  ---------------

Current thread (0x00000286b1f15000):  JavaThread "http-nio-8080-exec-1" daemon [_thread_in_native, id=3016, stack(0x000000f6eae00000,0x000000f6eaf00000)]

Stack: [0x000000f6eae00000,0x000000f6eaf00000],  sp=0x000000f6eaefd920,  free space=1014k
Native frames: (J=compiled Java code, j=interpreted, Vv=VM code, C=native code)
C  [libtesseract411.dll+0xace8d]

Java frames: (J=compiled Java code, j=interpreted, Vv=VM code)
j  net.sourceforge.tess4j.TessAPI1.TessBaseAPIGetUTF8Text(Lnet/sourceforge/tess4j/ITessAPI$TessBaseAPI;)Lcom/sun/jna/Pointer;+0
j  net.sourceforge.tess4j.Tesseract1.getOCRText(Ljava/lang/String;I)Ljava/lang/String;+223
j  net.sourceforge.tess4j.Tesseract1.doOCR(Ljava/util/List;Ljava/lang/String;Ljava/awt/Rectangle;)Ljava/lang/String;+69
j  net.sourceforge.tess4j.Tesseract1.doOCR(Ljava/util/List;Ljava/awt/Rectangle;)Ljava/lang/String;+4
j  net.sourceforge.tess4j.Tesseract1.doOCR(Ljava/awt/image/BufferedImage;Ljava/awt/Rectangle;)Ljava/lang/String;+6
j  net.sourceforge.tess4j.Tesseract1.doOCR(Ljava/awt/image/BufferedImage;)Ljava/lang/String;+3
j  controller.DOSWrapper.doScreensCapture()Ljava/lang/String;+28
j  controller.DOSWrapper.getGames()Ljava/util/List;+22
j  dao.GetAllGames.doPost(Ljavax/servlet/http/HttpServletRequest;Ljavax/servlet/http/HttpServletResponse;)V+36
j  javax.servlet.http.HttpServlet.service(Ljavax/servlet/http/HttpServletRequest;Ljavax/servlet/http/HttpServletResponse;)V+149
j  javax.servlet.http.HttpServlet.service(Ljavax/servlet/ServletRequest;Ljavax/servlet/ServletResponse;)V+36
j  org.apache.catalina.core.ApplicationFilterChain.internalDoFilter(Ljavax/servlet/ServletRequest;Ljavax/servlet/ServletResponse;)V+304
j  org.apache.catalina.core.ApplicationFilterChain.doFilter(Ljavax/servlet/ServletRequest;Ljavax/servlet/ServletResponse;)V+101
j  org.apache.tomcat.websocket.server.WsFilter.doFilter(Ljavax/servlet/ServletRequest;Ljavax/servlet/ServletResponse;Ljavax/servlet/FilterChain;)V+21
j  org.apache.catalina.core.ApplicationFilterChain.internalDoFilter(Ljavax/servlet/ServletRequest;Ljavax/servlet/ServletResponse;)V+135
j  org.apache.catalina.core.ApplicationFilterChain.doFilter(Ljavax/servlet/ServletRequest;Ljavax/servlet/ServletResponse;)V+101
j  org.apache.catalina.core.StandardWrapperValve.invoke(Lorg/apache/catalina/connector/Request;Lorg/apache/catalina/connector/Response;)V+694
j  org.apache.catalina.core.StandardContextValve.invoke(Lorg/apache/catalina/connector/Request;Lorg/apache/catalina/connector/Response;)V+169
j  org.apache.catalina.authenticator.AuthenticatorBase.invoke(Lorg/apache/catalina/connector/Request;Lorg/apache/catalina/connector/Response;)V+260
j  org.apache.catalina.core.StandardHostValve.invoke(Lorg/apache/catalina/connector/Request;Lorg/apache/catalina/connector/Response;)V+128
j  org.apache.catalina.valves.ErrorReportValve.invoke(Lorg/apache/catalina/connector/Request;Lorg/apache/catalina/connector/Response;)V+6
j  org.apache.catalina.valves.AbstractAccessLogValve.invoke(Lorg/apache/catalina/connector/Request;Lorg/apache/catalina/connector/Response;)V+66
j  org.apache.catalina.core.StandardEngineValve.invoke(Lorg/apache/catalina/connector/Request;Lorg/apache/catalina/connector/Response;)V+59
j  org.apache.catalina.connector.CoyoteAdapter.service(Lorg/apache/coyote/Request;Lorg/apache/coyote/Response;)V+199
j  org.apache.coyote.http11.Http11Processor.service(Lorg/apache/tomcat/util/net/SocketWrapperBase;)Lorg/apache/tomcat/util/net/AbstractEndpoint$Handler$SocketState;+735
j  org.apache.coyote.AbstractProcessorLight.process(Lorg/apache/tomcat/util/net/SocketWrapperBase;Lorg/apache/tomcat/util/net/SocketEvent;)Lorg/apache/tomcat/util/net/AbstractEndpoint$Handler$SocketState;+170
j  org.apache.coyote.AbstractProtocol$ConnectionHandler.process(Lorg/apache/tomcat/util/net/SocketWrapperBase;Lorg/apache/tomcat/util/net/SocketEvent;)Lorg/apache/tomcat/util/net/AbstractEndpoint$Handler$SocketState;+505
j  org.apache.tomcat.util.net.NioEndpoint$SocketProcessor.doRun()V+214
j  org.apache.tomcat.util.net.SocketProcessorBase.run()V+21
j  java.util.concurrent.ThreadPoolExecutor.runWorker(Ljava/util/concurrent/ThreadPoolExecutor$Worker;)V+92 java.base@14.0.1
j  java.util.concurrent.ThreadPoolExecutor$Worker.run()V+5 java.base@14.0.1
j  org.apache.tomcat.util.threads.TaskThread$WrappingRunnable.run()V+4
j  java.lang.Thread.run()V+11 java.base@14.0.1
v  ~StubRoutines::call_stub

siginfo: EXCEPTION_ACCESS_VIOLATION (0xc0000005), reading address 0x000000000000000c


Register to memory mapping:

RIP=0x00007fff305ace8d libtesseract411.dll
RAX=0x0 is NULL
RBX=0x0000000000000004 is an unknown value
RCX=0x000000f6eaefd9c0 is pointing into the stack for thread: 0x00000286b1f15000
RDX=0x00000286b1b11b08 points into unknown readable memory: 00 00 00 00 00 00 00 00
RSP=0x000000f6eaefd920 is pointing into the stack for thread: 0x00000286b1f15000
RBP=0x000000f6eaefda20 is pointing into the stack for thread: 0x00000286b1f15000
RSI=0x00000286b1af0080 points into unknown readable memory: d8 b8 76 30 ff 7f 00 00
RDI=0x0 is NULL
R8 =0x00000286b37e00f0 points into unknown readable memory: a0 b7 a3 b2 86 02 00 00
R9 =0x0 is NULL
R10=0x0 is NULL
R11=0x0 is NULL
R12=0x0 is NULL
R13=0xffffffffffffffff is an unknown value
R14=0x0 is NULL
R15=0x00000286b1f70ea0 points into unknown readable memory: 00 00 00 00 00 00 00 00


Registers:
RAX=0x0000000000000000, RBX=0x0000000000000004, RCX=0x000000f6eaefd9c0, RDX=0x00000286b1b11b08
RSP=0x000000f6eaefd920, RBP=0x000000f6eaefda20, RSI=0x00000286b1af0080, RDI=0x0000000000000000
R8 =0x00000286b37e00f0, R9 =0x0000000000000000, R10=0x0000000000000000, R11=0x0000000000000000
R12=0x0000000000000000, R13=0xffffffffffffffff, R14=0x0000000000000000, R15=0x00000286b1f70ea0
RIP=0x00007fff305ace8d, EFLAGS=0x0000000000010246

Top of Stack: (sp=0x000000f6eaefd920)
0x000000f6eaefd920:   0000000000000004 00000286b1d23630
0x000000f6eaefd930:   0000000000000000 00b4014600aa0100
0x000000f6eaefd940:   000002868f800000 0000028600000000
0x000000f6eaefd950:   000000aa00b40001 0000028600000236
0x000000f6eaefd960:   00b40236000000d0 00000286b1d189b0
0x000000f6eaefd970:   00b400de00aa00d0 00000286b1d189b0
0x000000f6eaefd980:   00000286b1d184f0 00000286b1d17c30
0x000000f6eaefd990:   00b4023600aa0207 00000286b1d189b0
0x000000f6eaefd9a0:   00000286b1d189b0 00000286b1f8adc0
0x000000f6eaefd9b0:   00000286b1f8db20 00000286b37e4ed0
0x000000f6eaefd9c0:   00000286b1f70ea0 0000000000000000
0x000000f6eaefd9d0:   0000000000000000 0000000000000000
0x000000f6eaefd9e0:   00000286b2a3c1f0 00000286b37e00d0
0x000000f6eaefd9f0:   00000286b1d15fb0 00000286b2a3b590
0x000000f6eaefda00:   00000286b37e00d0 00000286b1d15fb0
0x000000f6eaefda10:   00000286b1f70ea8 00000286b1d15fb0 

Instructions: (pc=0x00007fff305ace8d)
0x00007fff305acd8d:   4c 89 75 e8 4c 89 75 e0 4c 89 75 d8 45 33 c0 b2
0x00007fff305acd9d:   01 48 8d 4d a0 e8 19 17 07 00 45 33 c0 33 d2 48
0x00007fff305acdad:   8d 4d a0 e8 0b 17 07 00 44 38 b6 98 23 02 00 74
0x00007fff305acdbd:   0e c6 86 c0 23 02 00 01 c6 86 00 33 02 00 01 bb
0x00007fff305acdcd:   04 00 00 00 4c 8d 6b fb 83 bd 58 01 00 00 01 0f
0x00007fff305acddd:   87 c1 06 00 00 48 8b 45 a0 48 83 c0 08 48 89 45
0x00007fff305acded:   f0 48 8b 00 48 89 45 f8 48 85 c0 74 05 48 8b 00
0x00007fff305acdfd:   eb 03 49 8b c6 48 89 45 00 48 85 c0 74 05 48 8b
0x00007fff305ace0d:   08 eb 03 49 8b ce 48 89 4d 08 4c 89 75 10 66 44
0x00007fff305ace1d:   89 75 18 48 85 c0 74 06 48 89 45 10 eb 04 c6 45
0x00007fff305ace2d:   19 01 44 88 75 1a 4c 89 75 b8 4c 89 75 b0 4c 89
0x00007fff305ace3d:   75 a8 4c 89 75 d0 4c 89 75 c8 4c 89 75 c0 4c 89
0x00007fff305ace4d:   75 e8 4c 89 75 e0 4c 89 75 d8 45 33 c0 b2 01 48
0x00007fff305ace5d:   8d 4d a0 e8 5b 16 07 00 45 33 c0 33 d2 48 8d 4d
0x00007fff305ace6d:   a0 e8 4d 16 07 00 44 39 b6 b0 14 00 00 7e 0a 48
0x00007fff305ace7d:   8b ce e8 3c 74 f9 ff eb 2d 48 8b 86 28 0a 00 00
0x00007fff305ace8d:   44 38 70 0c 74 20 48 8b 8e 30 0a 00 00 48 85 c9
0x00007fff305ace9d:   74 05 e8 6c 10 f9 ff 48 8b ce e8 f4 11 f9 ff 48
0x00007fff305acead:   89 86 30 0a 00 00 41 8b fe 44 39 b6 80 49 02 00
0x00007fff305acebd:   0f 8e a9 00 00 00 48 8b 86 88 49 02 00 49 8b 1c
0x00007fff305acecd:   06 8b 93 b0 14 00 00 85 d2 7e 4d 48 83 bb 30 0a
0x00007fff305acedd:   00 00 00 75 0a 48 8b cb e8 46 74 f9 ff eb 66 83
0x00007fff305aceed:   bb d8 04 00 00 00 7e 0c 48 8d 0d a4 b6 15 00 e8
0x00007fff305acefd:   1f 55 10 00 48 8b 8b 28 0a 00 00 e8 03 10 f9 ff
0x00007fff305acf0d:   48 8b 83 30 0a 00 00 48 89 83 28 0a 00 00 33 c0
0x00007fff305acf1d:   89 83 b0 14 00 00 eb 26 48 8b 83 28 0a 00 00 80
0x00007fff305acf2d:   78 0c 00 74 20 48 8b 8b 30 0a 00 00 48 85 c9 74
0x00007fff305acf3d:   05 e8 cd 0f f9 ff 48 8b cb e8 55 11 f9 ff 48 89
0x00007fff305acf4d:   83 30 0a 00 00 ff c7 49 83 c6 08 3b be 80 49 02
0x00007fff305acf5d:   00 0f 8c 5f ff ff ff 45 33 f6 bb 04 00 00 00 44
0x00007fff305acf6d:   89 74 24 30 48 89 5d 98 b9 08 01 00 00 e8 b1 38
0x00007fff305acf7d:   f8 ff 48 89 45 90 48 85 c0 74 2d 48 89 18 48 8d 


Stack slot to memory mapping:
stack at sp + 0 slots: 0x0000000000000004 is an unknown value
stack at sp + 1 slots: 0x00000286b1d23630 points into unknown readable memory: 00 00 00 00 00 00 00 00
stack at sp + 2 slots: 0x0 is NULL
stack at sp + 3 slots: 0x00b4014600aa0100 is an unknown value
stack at sp + 4 slots: 0x000002868f800000 points into unknown readable memory: 00 00 00 00 00 00 00 00
stack at sp + 5 slots: 0x0000028600000000 is an unknown value
stack at sp + 6 slots: 0x000000aa00b40001 is an unknown value
stack at sp + 7 slots: 0x0000028600000236 is an unknown value


---------------  P R O C E S S  ---------------

Threads class SMR info:
_java_thread_list=0x00000286b1cc73a0, length=37, elements={
0x0000028691a74000, 0x00000286b0226000, 0x00000286b0227000, 0x00000286b0243800,
0x00000286b0246800, 0x00000286b0249800, 0x00000286b024e000, 0x00000286b0251800,
0x00000286b025e800, 0x00000286b020b000, 0x00000286b0d22000, 0x00000286b0d8d000,
0x00000286b0e01000, 0x00000286b0cf2000, 0x00000286b1056000, 0x00000286b1054800,
0x00000286b104d000, 0x00000286b129c800, 0x00000286b15f5000, 0x00000286b1f11800,
0x00000286b1f12800, 0x00000286b1f13800, 0x00000286b1f15000, 0x00000286b1f14000,
0x00000286b1f0f800, 0x00000286b1f16000, 0x00000286b1f10000, 0x00000286b1f11000,
0x00000286b207f800, 0x00000286b207b800, 0x00000286b207d800, 0x00000286b2080000,
0x00000286b207d000, 0x00000286b2081000, 0x00000286b207e800, 0x00000286b207c000,
0x00000286b2082800
}

Java Threads: ( => current thread )
  0x0000028691a74000 JavaThread "main" [_thread_in_native, id=2220, stack(0x000000f6e8d00000,0x000000f6e8e00000)]
  0x00000286b0226000 JavaThread "Reference Handler" daemon [_thread_blocked, id=12048, stack(0x000000f6e9400000,0x000000f6e9500000)]
  0x00000286b0227000 JavaThread "Finalizer" daemon [_thread_blocked, id=12760, stack(0x000000f6e9500000,0x000000f6e9600000)]
  0x00000286b0243800 JavaThread "Signal Dispatcher" daemon [_thread_blocked, id=11484, stack(0x000000f6e9600000,0x000000f6e9700000)]
  0x00000286b0246800 JavaThread "Attach Listener" daemon [_thread_blocked, id=4000, stack(0x000000f6e9700000,0x000000f6e9800000)]
  0x00000286b0249800 JavaThread "Service Thread" daemon [_thread_blocked, id=13464, stack(0x000000f6e9800000,0x000000f6e9900000)]
  0x00000286b024e000 JavaThread "C2 CompilerThread0" daemon [_thread_blocked, id=5360, stack(0x000000f6e9900000,0x000000f6e9a00000)]
  0x00000286b0251800 JavaThread "C1 CompilerThread0" daemon [_thread_blocked, id=13820, stack(0x000000f6e9a00000,0x000000f6e9b00000)]
  0x00000286b025e800 JavaThread "Sweeper thread" daemon [_thread_blocked, id=8904, stack(0x000000f6e9b00000,0x000000f6e9c00000)]
  0x00000286b020b000 JavaThread "Common-Cleaner" daemon [_thread_blocked, id=5904, stack(0x000000f6e9c00000,0x000000f6e9d00000)]
  0x00000286b0d22000 JavaThread "Notification Thread" daemon [_thread_blocked, id=11688, stack(0x000000f6e9e00000,0x000000f6e9f00000)]
  0x00000286b0d8d000 JavaThread "AsyncFileHandlerWriter-625576447" daemon [_thread_blocked, id=13780, stack(0x000000f6e9f00000,0x000000f6ea000000)]
  0x00000286b0e01000 JavaThread "FileHandlerLogFilesCleaner-1" daemon [_thread_blocked, id=12300, stack(0x000000f6ea000000,0x000000f6ea100000)]
  0x00000286b0cf2000 JavaThread "RMI TCP Accept-0" daemon [_thread_in_native, id=14296, stack(0x000000f6e9d00000,0x000000f6e9e00000)]
  0x00000286b1056000 JavaThread "RMI TCP Accept-1099" daemon [_thread_in_native, id=8360, stack(0x000000f6ea100000,0x000000f6ea200000)]
  0x00000286b1054800 JavaThread "RMI TCP Accept-0" daemon [_thread_in_native, id=3008, stack(0x000000f6ea200000,0x000000f6ea300000)]
  0x00000286b104d000 JavaThread "RMI TCP Connection(2)-127.0.0.1" daemon [_thread_in_native, id=8588, stack(0x000000f6ea700000,0x000000f6ea800000)]
  0x00000286b129c800 JavaThread "RMI Scheduler(0)" daemon [_thread_blocked, id=6956, stack(0x000000f6ea800000,0x000000f6ea900000)]
  0x00000286b15f5000 JavaThread "RMI TCP Connection(4)-127.0.0.1" daemon [_thread_in_native, id=11628, stack(0x000000f6ea900000,0x000000f6eaa00000)]
  0x00000286b1f11800 JavaThread "http-nio-8080-BlockPoller" daemon [_thread_in_native, id=8980, stack(0x000000f6eab00000,0x000000f6eac00000)]
  0x00000286b1f12800 JavaThread "Catalina-utility-1" [_thread_blocked, id=13208, stack(0x000000f6eac00000,0x000000f6ead00000)]
  0x00000286b1f13800 JavaThread "Catalina-utility-2" [_thread_blocked, id=8068, stack(0x000000f6ead00000,0x000000f6eae00000)]
=>0x00000286b1f15000 JavaThread "http-nio-8080-exec-1" daemon [_thread_in_native, id=3016, stack(0x000000f6eae00000,0x000000f6eaf00000)]
  0x00000286b1f14000 JavaThread "http-nio-8080-exec-2" daemon [_thread_blocked, id=10680, stack(0x000000f6eaf00000,0x000000f6eb000000)]
  0x00000286b1f0f800 JavaThread "http-nio-8080-exec-3" daemon [_thread_blocked, id=11644, stack(0x000000f6eb000000,0x000000f6eb100000)]
  0x00000286b1f16000 JavaThread "http-nio-8080-exec-4" daemon [_thread_blocked, id=8864, stack(0x000000f6eb100000,0x000000f6eb200000)]
  0x00000286b1f10000 JavaThread "http-nio-8080-exec-5" daemon [_thread_blocked, id=8488, stack(0x000000f6eb200000,0x000000f6eb300000)]
  0x00000286b1f11000 JavaThread "http-nio-8080-exec-6" daemon [_thread_blocked, id=12388, stack(0x000000f6eb300000,0x000000f6eb400000)]
  0x00000286b207f800 JavaThread "http-nio-8080-exec-7" daemon [_thread_blocked, id=12688, stack(0x000000f6eb400000,0x000000f6eb500000)]
  0x00000286b207b800 JavaThread "http-nio-8080-exec-8" daemon [_thread_blocked, id=10920, stack(0x000000f6eb500000,0x000000f6eb600000)]
  0x00000286b207d800 JavaThread "http-nio-8080-exec-9" daemon [_thread_blocked, id=13984, stack(0x000000f6eb600000,0x000000f6eb700000)]
  0x00000286b2080000 JavaThread "http-nio-8080-exec-10" daemon [_thread_blocked, id=6100, stack(0x000000f6eb700000,0x000000f6eb800000)]
  0x00000286b207d000 JavaThread "http-nio-8080-ClientPoller" daemon [_thread_in_native, id=6596, stack(0x000000f6eb800000,0x000000f6eb900000)]
  0x00000286b2081000 JavaThread "http-nio-8080-Acceptor" daemon [_thread_in_native, id=3928, stack(0x000000f6eb900000,0x000000f6eba00000)]
  0x00000286b207e800 JavaThread "Java2D Disposer" daemon [_thread_blocked, id=2556, stack(0x000000f6eaa00000,0x000000f6eab00000)]
  0x00000286b207c000 JavaThread "AWT-Shutdown" [_thread_blocked, id=10196, stack(0x000000f6eba00000,0x000000f6ebb00000)]
  0x00000286b2082800 JavaThread "AWT-Windows" daemon [_thread_in_native, id=9880, stack(0x000000f6ebc00000,0x000000f6ebd00000)]

Other Threads:
  0x00000286b0222000 VMThread "VM Thread" [stack: 0x000000f6e9300000,0x000000f6e9400000] [id=12116]
  0x00000286b1099000 WatcherThread [stack: 0x000000f6ea300000,0x000000f6ea400000] [id=12772]
  0x0000028691ab5000 GCTaskThread "GC Thread#0" [stack: 0x000000f6e8e00000,0x000000f6e8f00000] [id=8276]
  0x00000286b1247000 GCTaskThread "GC Thread#1" [stack: 0x000000f6ea400000,0x000000f6ea500000] [id=8584]
  0x00000286b12a2000 GCTaskThread "GC Thread#2" [stack: 0x000000f6ea500000,0x000000f6ea600000] [id=4288]
  0x00000286b2075000 GCTaskThread "GC Thread#3" [stack: 0x000000f6ebb00000,0x000000f6ebc00000] [id=6992]
  0x0000028691ac6800 ConcurrentGCThread "G1 Main Marker" [stack: 0x000000f6e8f00000,0x000000f6e9000000] [id=11760]
  0x0000028691ac7800 ConcurrentGCThread "G1 Conc#0" [stack: 0x000000f6e9000000,0x000000f6e9100000] [id=13492]
  0x0000028691b43800 ConcurrentGCThread "G1 Refine#0" [stack: 0x000000f6e9100000,0x000000f6e9200000] [id=13468]
  0x00000286b12a2800 ConcurrentGCThread "G1 Refine#1" [stack: 0x000000f6ea600000,0x000000f6ea700000] [id=13408]
  0x00000286b00a1000 ConcurrentGCThread "G1 Young RemSet Sampling" [stack: 0x000000f6e9200000,0x000000f6e9300000] [id=9116]

Threads with active compile tasks:

VM state:not at safepoint (normal execution)

VM Mutex/Monitor currently owned by a thread: None

Heap address: 0x0000000081e00000, size: 2018 MB, Compressed Oops mode: 32-bit
Narrow klass base: 0x0000000800000000, Narrow klass shift: 3
Compressed class space size: 1073741824 Address: 0x0000000800b30000

Heap:
 garbage-first heap   total 131072K, used 93804K [0x0000000081e00000, 0x0000000100000000)
  region size 1024K, 74 young (75776K), 4 survivors (4096K)
 Metaspace       used 19872K, capacity 20617K, committed 20864K, reserved 1067008K
  class space    used 2106K, capacity 2400K, committed 2432K, reserved 1048576K
Heap Regions: E=young(eden), S=young(survivor), O=old, HS=humongous(starts), HC=humongous(continues), CS=collection set, F=free, OA=open archive, CA=closed archive, TAMS=top-at-mark-start (previous, next)
|   0|0x0000000081e00000, 0x0000000081f00000, 0x0000000081f00000|100%| O|  |TAMS 0x0000000081e00000, 0x0000000081e00000| Untracked 
|   1|0x0000000081f00000, 0x0000000082000000, 0x0000000082000000|100%| O|  |TAMS 0x0000000081f00000, 0x0000000081f00000| Untracked 
|   2|0x0000000082000000, 0x0000000082100000, 0x0000000082100000|100%| O|  |TAMS 0x0000000082000000, 0x0000000082000000| Untracked 
|   3|0x0000000082100000, 0x0000000082200000, 0x0000000082200000|100%| O|  |TAMS 0x0000000082100000, 0x0000000082100000| Untracked 
|   4|0x0000000082200000, 0x0000000082300000, 0x0000000082300000|100%| O|  |TAMS 0x0000000082200000, 0x0000000082200000| Untracked 
|   5|0x0000000082300000, 0x00000000823bda00, 0x0000000082400000| 74%| O|  |TAMS 0x0000000082300000, 0x0000000082300000| Untracked 
|   6|0x0000000082400000, 0x0000000082500000, 0x0000000082500000|100%|HS|  |TAMS 0x0000000082400000, 0x0000000082400000| Complete 
|   7|0x0000000082500000, 0x0000000082600000, 0x0000000082600000|100%|HC|  |TAMS 0x0000000082500000, 0x0000000082500000| Complete 
|   8|0x0000000082600000, 0x0000000082700000, 0x0000000082700000|100%|HC|  |TAMS 0x0000000082600000, 0x0000000082600000| Complete 
|   9|0x0000000082700000, 0x0000000082800000, 0x0000000082800000|100%|HC|  |TAMS 0x0000000082700000, 0x0000000082700000| Complete 
|  10|0x0000000082800000, 0x0000000082900000, 0x0000000082900000|100%|HS|  |TAMS 0x0000000082800000, 0x0000000082800000| Complete 
|  11|0x0000000082900000, 0x0000000082a00000, 0x0000000082a00000|100%|HC|  |TAMS 0x0000000082900000, 0x0000000082900000| Complete 
|  12|0x0000000082a00000, 0x0000000082b00000, 0x0000000082b00000|100%|HC|  |TAMS 0x0000000082a00000, 0x0000000082a00000| Complete 
|  13|0x0000000082b00000, 0x0000000082c00000, 0x0000000082c00000|100%|HC|  |TAMS 0x0000000082b00000, 0x0000000082b00000| Complete 
|  14|0x0000000082c00000, 0x0000000082d00000, 0x0000000082d00000|100%|HS|  |TAMS 0x0000000082c00000, 0x0000000082c00000| Complete 
|  15|0x0000000082d00000, 0x0000000082e00000, 0x0000000082e00000|100%|HC|  |TAMS 0x0000000082d00000, 0x0000000082d00000| Complete 
|  16|0x0000000082e00000, 0x0000000082f00000, 0x0000000082f00000|100%|HC|  |TAMS 0x0000000082e00000, 0x0000000082e00000| Complete 
|  17|0x0000000082f00000, 0x0000000083000000, 0x0000000083000000|100%|HC|  |TAMS 0x0000000082f00000, 0x0000000082f00000| Complete 
|  18|0x0000000083000000, 0x0000000083100000, 0x0000000083100000|100%|HS|  |TAMS 0x0000000083000000, 0x0000000083000000| Complete 
|  19|0x0000000083100000, 0x0000000083100000, 0x0000000083200000|  0%| F|  |TAMS 0x0000000083100000, 0x0000000083100000| Untracked 
|  20|0x0000000083200000, 0x0000000083200000, 0x0000000083300000|  0%| F|  |TAMS 0x0000000083200000, 0x0000000083200000| Untracked 
|  21|0x0000000083300000, 0x0000000083300000, 0x0000000083400000|  0%| F|  |TAMS 0x0000000083300000, 0x0000000083300000| Untracked 
|  22|0x0000000083400000, 0x0000000083400000, 0x0000000083500000|  0%| F|  |TAMS 0x0000000083400000, 0x0000000083400000| Untracked 
|  23|0x0000000083500000, 0x0000000083500000, 0x0000000083600000|  0%| F|  |TAMS 0x0000000083500000, 0x0000000083500000| Untracked 
|  24|0x0000000083600000, 0x0000000083600000, 0x0000000083700000|  0%| F|  |TAMS 0x0000000083600000, 0x0000000083600000| Untracked 
|  25|0x0000000083700000, 0x0000000083700000, 0x0000000083800000|  0%| F|  |TAMS 0x0000000083700000, 0x0000000083700000| Untracked 
|  26|0x0000000083800000, 0x0000000083800000, 0x0000000083900000|  0%| F|  |TAMS 0x0000000083800000, 0x0000000083800000| Untracked 
|  27|0x0000000083900000, 0x0000000083900000, 0x0000000083a00000|  0%| F|  |TAMS 0x0000000083900000, 0x0000000083900000| Untracked 
|  28|0x0000000083a00000, 0x0000000083a00000, 0x0000000083b00000|  0%| F|  |TAMS 0x0000000083a00000, 0x0000000083a00000| Untracked 
|  29|0x0000000083b00000, 0x0000000083b00000, 0x0000000083c00000|  0%| F|  |TAMS 0x0000000083b00000, 0x0000000083b00000| Untracked 
|  30|0x0000000083c00000, 0x0000000083c00000, 0x0000000083d00000|  0%| F|  |TAMS 0x0000000083c00000, 0x0000000083c00000| Untracked 
|  31|0x0000000083d00000, 0x0000000083d00000, 0x0000000083e00000|  0%| F|  |TAMS 0x0000000083d00000, 0x0000000083d00000| Untracked 
|  32|0x0000000083e00000, 0x0000000083e00000, 0x0000000083f00000|  0%| F|  |TAMS 0x0000000083e00000, 0x0000000083e00000| Untracked 
|  33|0x0000000083f00000, 0x0000000083f00000, 0x0000000084000000|  0%| F|  |TAMS 0x0000000083f00000, 0x0000000083f00000| Untracked 
|  34|0x0000000084000000, 0x0000000084000000, 0x0000000084100000|  0%| F|  |TAMS 0x0000000084000000, 0x0000000084000000| Untracked 
|  35|0x0000000084100000, 0x0000000084100000, 0x0000000084200000|  0%| F|  |TAMS 0x0000000084100000, 0x0000000084100000| Untracked 
|  36|0x0000000084200000, 0x0000000084200000, 0x0000000084300000|  0%| F|  |TAMS 0x0000000084200000, 0x0000000084200000| Untracked 
|  37|0x0000000084300000, 0x0000000084300000, 0x0000000084400000|  0%| F|  |TAMS 0x0000000084300000, 0x0000000084300000| Untracked 
|  38|0x0000000084400000, 0x0000000084400000, 0x0000000084500000|  0%| F|  |TAMS 0x0000000084400000, 0x0000000084400000| Untracked 
|  39|0x0000000084500000, 0x0000000084500000, 0x0000000084600000|  0%| F|  |TAMS 0x0000000084500000, 0x0000000084500000| Untracked 
|  40|0x0000000084600000, 0x0000000084600000, 0x0000000084700000|  0%| F|  |TAMS 0x0000000084600000, 0x0000000084600000| Untracked 
|  41|0x0000000084700000, 0x0000000084700000, 0x0000000084800000|  0%| F|  |TAMS 0x0000000084700000, 0x0000000084700000| Untracked 
|  42|0x0000000084800000, 0x0000000084800000, 0x0000000084900000|  0%| F|  |TAMS 0x0000000084800000, 0x0000000084800000| Untracked 
|  43|0x0000000084900000, 0x0000000084900000, 0x0000000084a00000|  0%| F|  |TAMS 0x0000000084900000, 0x0000000084900000| Untracked 
|  44|0x0000000084a00000, 0x0000000084a00000, 0x0000000084b00000|  0%| F|  |TAMS 0x0000000084a00000, 0x0000000084a00000| Untracked 
|  45|0x0000000084b00000, 0x0000000084b00000, 0x0000000084c00000|  0%| F|  |TAMS 0x0000000084b00000, 0x0000000084b00000| Untracked 
|  46|0x0000000084c00000, 0x0000000084c00000, 0x0000000084d00000|  0%| F|  |TAMS 0x0000000084c00000, 0x0000000084c00000| Untracked 
|  47|0x0000000084d00000, 0x0000000084d00000, 0x0000000084e00000|  0%| F|  |TAMS 0x0000000084d00000, 0x0000000084d00000| Untracked 
|  48|0x0000000084e00000, 0x0000000084edd810, 0x0000000084f00000| 86%| S|CS|TAMS 0x0000000084e00000, 0x0000000084e00000| Complete 
|  49|0x0000000084f00000, 0x0000000085000000, 0x0000000085000000|100%| S|CS|TAMS 0x0000000084f00000, 0x0000000084f00000| Complete 
|  50|0x0000000085000000, 0x0000000085100000, 0x0000000085100000|100%| S|CS|TAMS 0x0000000085000000, 0x0000000085000000| Complete 
|  51|0x0000000085100000, 0x0000000085200000, 0x0000000085200000|100%| S|CS|TAMS 0x0000000085100000, 0x0000000085100000| Complete 
|  52|0x0000000085200000, 0x0000000085200000, 0x0000000085300000|  0%| F|  |TAMS 0x0000000085200000, 0x0000000085200000| Untracked 
|  53|0x0000000085300000, 0x0000000085300000, 0x0000000085400000|  0%| F|  |TAMS 0x0000000085300000, 0x0000000085300000| Untracked 
|  54|0x0000000085400000, 0x0000000085400000, 0x0000000085500000|  0%| F|  |TAMS 0x0000000085400000, 0x0000000085400000| Untracked 
|  55|0x0000000085500000, 0x0000000085500000, 0x0000000085600000|  0%| F|  |TAMS 0x0000000085500000, 0x0000000085500000| Untracked 
|  56|0x0000000085600000, 0x0000000085600000, 0x0000000085700000|  0%| F|  |TAMS 0x0000000085600000, 0x0000000085600000| Untracked 
|  57|0x0000000085700000, 0x0000000085700000, 0x0000000085800000|  0%| F|  |TAMS 0x0000000085700000, 0x0000000085700000| Untracked 
|  58|0x0000000085800000, 0x000000008584a808, 0x0000000085900000| 29%| E|  |TAMS 0x0000000085800000, 0x0000000085800000| Complete 
|  59|0x0000000085900000, 0x0000000085a00000, 0x0000000085a00000|100%| E|CS|TAMS 0x0000000085900000, 0x0000000085900000| Complete 
|  60|0x0000000085a00000, 0x0000000085b00000, 0x0000000085b00000|100%| E|CS|TAMS 0x0000000085a00000, 0x0000000085a00000| Complete 
|  61|0x0000000085b00000, 0x0000000085c00000, 0x0000000085c00000|100%| E|CS|TAMS 0x0000000085b00000, 0x0000000085b00000| Complete 
|  62|0x0000000085c00000, 0x0000000085d00000, 0x0000000085d00000|100%| E|CS|TAMS 0x0000000085c00000, 0x0000000085c00000| Complete 
|  63|0x0000000085d00000, 0x0000000085e00000, 0x0000000085e00000|100%| E|CS|TAMS 0x0000000085d00000, 0x0000000085d00000| Complete 
|  64|0x0000000085e00000, 0x0000000085f00000, 0x0000000085f00000|100%| E|CS|TAMS 0x0000000085e00000, 0x0000000085e00000| Complete 
|  65|0x0000000085f00000, 0x0000000086000000, 0x0000000086000000|100%| E|CS|TAMS 0x0000000085f00000, 0x0000000085f00000| Complete 
|  66|0x0000000086000000, 0x0000000086100000, 0x0000000086100000|100%| E|CS|TAMS 0x0000000086000000, 0x0000000086000000| Complete 
|  67|0x0000000086100000, 0x0000000086200000, 0x0000000086200000|100%| E|CS|TAMS 0x0000000086100000, 0x0000000086100000| Complete 
|  68|0x0000000086200000, 0x0000000086300000, 0x0000000086300000|100%| E|CS|TAMS 0x0000000086200000, 0x0000000086200000| Complete 
|  69|0x0000000086300000, 0x0000000086400000, 0x0000000086400000|100%| E|CS|TAMS 0x0000000086300000, 0x0000000086300000| Complete 
|  70|0x0000000086400000, 0x0000000086500000, 0x0000000086500000|100%| E|CS|TAMS 0x0000000086400000, 0x0000000086400000| Complete 
|  71|0x0000000086500000, 0x0000000086600000, 0x0000000086600000|100%| E|CS|TAMS 0x0000000086500000, 0x0000000086500000| Complete 
|  72|0x0000000086600000, 0x0000000086700000, 0x0000000086700000|100%| E|CS|TAMS 0x0000000086600000, 0x0000000086600000| Complete 
|  73|0x0000000086700000, 0x0000000086800000, 0x0000000086800000|100%| E|CS|TAMS 0x0000000086700000, 0x0000000086700000| Complete 
|  74|0x0000000086800000, 0x0000000086900000, 0x0000000086900000|100%| E|CS|TAMS 0x0000000086800000, 0x0000000086800000| Complete 
|  75|0x0000000086900000, 0x0000000086a00000, 0x0000000086a00000|100%| E|CS|TAMS 0x0000000086900000, 0x0000000086900000| Complete 
|  76|0x0000000086a00000, 0x0000000086b00000, 0x0000000086b00000|100%| E|CS|TAMS 0x0000000086a00000, 0x0000000086a00000| Complete 
|  77|0x0000000086b00000, 0x0000000086c00000, 0x0000000086c00000|100%| E|CS|TAMS 0x0000000086b00000, 0x0000000086b00000| Complete 
|  78|0x0000000086c00000, 0x0000000086d00000, 0x0000000086d00000|100%| E|CS|TAMS 0x0000000086c00000, 0x0000000086c00000| Complete 
|  79|0x0000000086d00000, 0x0000000086e00000, 0x0000000086e00000|100%| E|CS|TAMS 0x0000000086d00000, 0x0000000086d00000| Complete 
|  80|0x0000000086e00000, 0x0000000086f00000, 0x0000000086f00000|100%| E|CS|TAMS 0x0000000086e00000, 0x0000000086e00000| Complete 
|  81|0x0000000086f00000, 0x0000000087000000, 0x0000000087000000|100%| E|CS|TAMS 0x0000000086f00000, 0x0000000086f00000| Complete 
|  82|0x0000000087000000, 0x0000000087100000, 0x0000000087100000|100%| E|CS|TAMS 0x0000000087000000, 0x0000000087000000| Complete 
|  83|0x0000000087100000, 0x0000000087200000, 0x0000000087200000|100%| E|CS|TAMS 0x0000000087100000, 0x0000000087100000| Complete 
|  84|0x0000000087200000, 0x0000000087300000, 0x0000000087300000|100%| E|CS|TAMS 0x0000000087200000, 0x0000000087200000| Complete 
|  85|0x0000000087300000, 0x0000000087400000, 0x0000000087400000|100%| E|CS|TAMS 0x0000000087300000, 0x0000000087300000| Complete 
|  86|0x0000000087400000, 0x0000000087500000, 0x0000000087500000|100%| E|CS|TAMS 0x0000000087400000, 0x0000000087400000| Complete 
|  87|0x0000000087500000, 0x0000000087600000, 0x0000000087600000|100%| E|CS|TAMS 0x0000000087500000, 0x0000000087500000| Complete 
|  88|0x0000000087600000, 0x0000000087700000, 0x0000000087700000|100%| E|CS|TAMS 0x0000000087600000, 0x0000000087600000| Complete 
|  89|0x0000000087700000, 0x0000000087800000, 0x0000000087800000|100%| E|CS|TAMS 0x0000000087700000, 0x0000000087700000| Complete 
|  90|0x0000000087800000, 0x0000000087900000, 0x0000000087900000|100%| E|CS|TAMS 0x0000000087800000, 0x0000000087800000| Complete 
|  91|0x0000000087900000, 0x0000000087a00000, 0x0000000087a00000|100%| E|CS|TAMS 0x0000000087900000, 0x0000000087900000| Complete 
|  92|0x0000000087a00000, 0x0000000087b00000, 0x0000000087b00000|100%| E|CS|TAMS 0x0000000087a00000, 0x0000000087a00000| Complete 
|  93|0x0000000087b00000, 0x0000000087c00000, 0x0000000087c00000|100%| E|CS|TAMS 0x0000000087b00000, 0x0000000087b00000| Complete 
|  94|0x0000000087c00000, 0x0000000087d00000, 0x0000000087d00000|100%| E|CS|TAMS 0x0000000087c00000, 0x0000000087c00000| Complete 
|  95|0x0000000087d00000, 0x0000000087e00000, 0x0000000087e00000|100%| E|CS|TAMS 0x0000000087d00000, 0x0000000087d00000| Complete 
|  96|0x0000000087e00000, 0x0000000087f00000, 0x0000000087f00000|100%| E|CS|TAMS 0x0000000087e00000, 0x0000000087e00000| Complete 
|  97|0x0000000087f00000, 0x0000000088000000, 0x0000000088000000|100%| E|CS|TAMS 0x0000000087f00000, 0x0000000087f00000| Complete 
|  98|0x0000000088000000, 0x0000000088100000, 0x0000000088100000|100%| E|CS|TAMS 0x0000000088000000, 0x0000000088000000| Complete 
|  99|0x0000000088100000, 0x0000000088200000, 0x0000000088200000|100%| E|CS|TAMS 0x0000000088100000, 0x0000000088100000| Complete 
| 100|0x0000000088200000, 0x0000000088300000, 0x0000000088300000|100%| E|CS|TAMS 0x0000000088200000, 0x0000000088200000| Complete 
| 101|0x0000000088300000, 0x0000000088400000, 0x0000000088400000|100%| E|CS|TAMS 0x0000000088300000, 0x0000000088300000| Complete 
| 102|0x0000000088400000, 0x0000000088500000, 0x0000000088500000|100%| E|CS|TAMS 0x0000000088400000, 0x0000000088400000| Complete 
| 103|0x0000000088500000, 0x0000000088600000, 0x0000000088600000|100%| E|CS|TAMS 0x0000000088500000, 0x0000000088500000| Complete 
| 104|0x0000000088600000, 0x0000000088700000, 0x0000000088700000|100%| E|CS|TAMS 0x0000000088600000, 0x0000000088600000| Complete 
| 105|0x0000000088700000, 0x0000000088800000, 0x0000000088800000|100%| E|CS|TAMS 0x0000000088700000, 0x0000000088700000| Complete 
| 106|0x0000000088800000, 0x0000000088900000, 0x0000000088900000|100%| E|CS|TAMS 0x0000000088800000, 0x0000000088800000| Complete 
| 107|0x0000000088900000, 0x0000000088a00000, 0x0000000088a00000|100%| E|CS|TAMS 0x0000000088900000, 0x0000000088900000| Complete 
| 108|0x0000000088a00000, 0x0000000088b00000, 0x0000000088b00000|100%| E|CS|TAMS 0x0000000088a00000, 0x0000000088a00000| Complete 
| 109|0x0000000088b00000, 0x0000000088c00000, 0x0000000088c00000|100%| E|CS|TAMS 0x0000000088b00000, 0x0000000088b00000| Complete 
| 110|0x0000000088c00000, 0x0000000088d00000, 0x0000000088d00000|100%| E|CS|TAMS 0x0000000088c00000, 0x0000000088c00000| Complete 
| 111|0x0000000088d00000, 0x0000000088e00000, 0x0000000088e00000|100%| E|CS|TAMS 0x0000000088d00000, 0x0000000088d00000| Complete 
| 112|0x0000000088e00000, 0x0000000088f00000, 0x0000000088f00000|100%| E|CS|TAMS 0x0000000088e00000, 0x0000000088e00000| Complete 
| 113|0x0000000088f00000, 0x0000000089000000, 0x0000000089000000|100%| E|CS|TAMS 0x0000000088f00000, 0x0000000088f00000| Complete 
| 114|0x0000000089000000, 0x0000000089100000, 0x0000000089100000|100%| E|CS|TAMS 0x0000000089000000, 0x0000000089000000| Complete 
| 115|0x0000000089100000, 0x0000000089200000, 0x0000000089200000|100%| E|CS|TAMS 0x0000000089100000, 0x0000000089100000| Complete 
| 116|0x0000000089200000, 0x0000000089300000, 0x0000000089300000|100%| E|CS|TAMS 0x0000000089200000, 0x0000000089200000| Complete 
| 117|0x0000000089300000, 0x0000000089400000, 0x0000000089400000|100%| E|CS|TAMS 0x0000000089300000, 0x0000000089300000| Complete 
| 118|0x0000000089400000, 0x0000000089500000, 0x0000000089500000|100%| E|CS|TAMS 0x0000000089400000, 0x0000000089400000| Complete 
| 119|0x0000000089500000, 0x0000000089600000, 0x0000000089600000|100%| E|CS|TAMS 0x0000000089500000, 0x0000000089500000| Complete 
| 120|0x0000000089600000, 0x0000000089700000, 0x0000000089700000|100%| E|CS|TAMS 0x0000000089600000, 0x0000000089600000| Complete 
| 121|0x0000000089700000, 0x0000000089800000, 0x0000000089800000|100%| E|CS|TAMS 0x0000000089700000, 0x0000000089700000| Complete 
| 122|0x0000000089800000, 0x0000000089900000, 0x0000000089900000|100%| E|CS|TAMS 0x0000000089800000, 0x0000000089800000| Complete 
| 123|0x0000000089900000, 0x0000000089a00000, 0x0000000089a00000|100%| E|CS|TAMS 0x0000000089900000, 0x0000000089900000| Complete 
| 124|0x0000000089a00000, 0x0000000089b00000, 0x0000000089b00000|100%| E|CS|TAMS 0x0000000089a00000, 0x0000000089a00000| Complete 
| 125|0x0000000089b00000, 0x0000000089c00000, 0x0000000089c00000|100%| E|CS|TAMS 0x0000000089b00000, 0x0000000089b00000| Complete 
| 126|0x0000000089c00000, 0x0000000089d00000, 0x0000000089d00000|100%| E|CS|TAMS 0x0000000089c00000, 0x0000000089c00000| Complete 
| 127|0x0000000089d00000, 0x0000000089e00000, 0x0000000089e00000|100%| E|CS|TAMS 0x0000000089d00000, 0x0000000089d00000| Complete 

Card table byte_map: [0x00000286a9620000,0x00000286a9a20000] _byte_map_base: 0x00000286a9211000

Marking Bits (Prev, Next): (CMBitMap*) 0x0000028691ab5768, (CMBitMap*) 0x0000028691ab57a8
 Prev Bits: [0x00000286a9e20000, 0x00000286abda8000)
 Next Bits: [0x00000286abdb0000, 0x00000286add38000)

Polling page: 0x000002868f870000

Metaspace:

Usage:
  Non-class:     17.79 MB capacity,    17.35 MB ( 98%) used,   394.52 KB (  2%) free+waste,    56.13 KB ( <1%) overhead. 
      Class:      2.34 MB capacity,     2.06 MB ( 88%) used,   265.98 KB ( 11%) free+waste,    27.94 KB (  1%) overhead. 
       Both:     20.13 MB capacity,    19.41 MB ( 96%) used,   660.50 KB (  3%) free+waste,    84.06 KB ( <1%) overhead. 

Virtual space:
  Non-class space:       18.00 MB reserved,      18.00 MB (100%) committed 
      Class space:        1.00 GB reserved,       2.38 MB ( <1%) committed 
             Both:        1.02 GB reserved,      20.38 MB (  2%) committed 

Chunk freelists:
   Non-Class:  23.00 KB
       Class:  0 bytes
        Both:  23.00 KB

MaxMetaspaceSize: 17179869184.00 GB
CompressedClassSpaceSize: 1.00 GB

CodeHeap 'non-profiled nmethods': size=120000Kb used=1675Kb max_used=1675Kb free=118324Kb
 bounds [0x00000286a1cf0000, 0x00000286a1f60000, 0x00000286a9220000]
CodeHeap 'profiled nmethods': size=120000Kb used=7046Kb max_used=7046Kb free=112954Kb
 bounds [0x000002869a7c0000, 0x000002869aeb0000, 0x00000286a1cf0000]
CodeHeap 'non-nmethods': size=5760Kb used=1318Kb max_used=1331Kb free=4442Kb
 bounds [0x000002869a220000, 0x000002869a490000, 0x000002869a7c0000]
 total_blobs=4629 nmethods=2946 adapters=524
 compilation: enabled
              stopped_count=0, restarted_count=0
 full_count=0

Compilation events (20 events):
Event: 21.418 Thread 0x00000286b0251800 2945       3       sun.java2d.loops.GraphicsPrimitiveMgr$1::compare (13 bytes)
Event: 21.418 Thread 0x00000286b0251800 nmethod 2945 0x000002869ae9cf90 code [0x000002869ae9d160, 0x000002869ae9d5f8]
Event: 21.418 Thread 0x00000286b0251800 2946       3       sun.java2d.loops.GraphicsPrimitiveMgr$1::compare (33 bytes)
Event: 21.419 Thread 0x00000286b0251800 nmethod 2946 0x000002869ae9d790 code [0x000002869ae9d940, 0x000002869ae9db58]
Event: 21.419 Thread 0x00000286b0251800 2947       3       java.util.TimSort::binarySort (223 bytes)
Event: 21.420 Thread 0x00000286b0251800 nmethod 2947 0x000002869ae9dc10 code [0x000002869ae9de20, 0x000002869ae9e978]
Event: 21.420 Thread 0x00000286b0251800 2948       3       java.util.TimSort::countRunAndMakeAscending (128 bytes)
Event: 21.420 Thread 0x00000286b0251800 nmethod 2948 0x000002869ae9ec90 code [0x000002869ae9eec0, 0x000002869ae9fa68]
Event: 21.420 Thread 0x00000286b0251800 2949       3       sun.java2d.loops.GraphicsPrimitiveMgr$2::compare (39 bytes)
Event: 21.421 Thread 0x00000286b0251800 nmethod 2949 0x000002869ae9fd90 code [0x000002869ae9ff40, 0x000002869aea0358]
Event: 21.421 Thread 0x00000286b0251800 2950       3       java.util.Arrays::binarySearch (10 bytes)
Event: 21.421 Thread 0x00000286b0251800 nmethod 2950 0x000002869aea0490 code [0x000002869aea0640, 0x000002869aea0768]
Event: 21.421 Thread 0x00000286b0251800 2951       1       sun.java2d.loops.CompositeType::getSuperType (5 bytes)
Event: 21.421 Thread 0x00000286b0251800 nmethod 2951 0x00000286a1e92390 code [0x00000286a1e92520, 0x00000286a1e925f8]
Event: 21.422 Thread 0x00000286b0251800 2952       3       sun.java2d.loops.GraphicsPrimitiveMgr::locate (104 bytes)
Event: 21.422 Thread 0x00000286b024e000 2954       4       sun.java2d.loops.GraphicsPrimitiveMgr$2::compare (39 bytes)
Event: 21.423 Thread 0x00000286b0251800 nmethod 2952 0x000002869aea0810 code [0x000002869aea0a40, 0x000002869aea1558]
Event: 21.423 Thread 0x00000286b0251800 2953       1       sun.java2d.loops.SurfaceType::getSuperType (5 bytes)
Event: 21.423 Thread 0x00000286b0251800 nmethod 2953 0x00000286a1e92690 code [0x00000286a1e92820, 0x00000286a1e928f8]
Event: 21.424 Thread 0x00000286b024e000 nmethod 2954 0x00000286a1e92990 code [0x00000286a1e92b40, 0x00000286a1e92cb8]

GC Heap History (8 events):
Event: 1.187 GC heap before
{Heap before GC invocations=0 (full 0):
 garbage-first heap   total 131072K, used 12288K [0x0000000081e00000, 0x0000000100000000)
  region size 1024K, 13 young (13312K), 0 survivors (0K)
 Metaspace       used 7440K, capacity 7876K, committed 7936K, reserved 1056768K
  class space    used 845K, capacity 1003K, committed 1024K, reserved 1048576K
}
Event: 1.198 GC heap after
{Heap after GC invocations=1 (full 0):
 garbage-first heap   total 131072K, used 4054K [0x0000000081e00000, 0x0000000100000000)
  region size 1024K, 2 young (2048K), 2 survivors (2048K)
 Metaspace       used 7440K, capacity 7876K, committed 7936K, reserved 1056768K
  class space    used 845K, capacity 1003K, committed 1024K, reserved 1048576K
}
Event: 1.936 GC heap before
{Heap before GC invocations=1 (full 0):
 garbage-first heap   total 131072K, used 16342K [0x0000000081e00000, 0x0000000100000000)
  region size 1024K, 14 young (14336K), 2 survivors (2048K)
 Metaspace       used 10881K, capacity 11444K, committed 11776K, reserved 1058816K
  class space    used 1229K, capacity 1449K, committed 1536K, reserved 1048576K
}
Event: 1.947 GC heap after
{Heap after GC invocations=2 (full 0):
 garbage-first heap   total 131072K, used 5835K [0x0000000081e00000, 0x0000000100000000)
  region size 1024K, 2 young (2048K), 2 survivors (2048K)
 Metaspace       used 10881K, capacity 11444K, committed 11776K, reserved 1058816K
  class space    used 1229K, capacity 1449K, committed 1536K, reserved 1048576K
}
Event: 3.058 GC heap before
{Heap before GC invocations=2 (full 0):
 garbage-first heap   total 131072K, used 26315K [0x0000000081e00000, 0x0000000100000000)
  region size 1024K, 23 young (23552K), 2 survivors (2048K)
 Metaspace       used 13376K, capacity 13963K, committed 14080K, reserved 1060864K
  class space    used 1464K, capacity 1679K, committed 1792K, reserved 1048576K
}
Event: 3.066 GC heap after
{Heap after GC invocations=3 (full 0):
 garbage-first heap   total 131072K, used 8191K [0x0000000081e00000, 0x0000000100000000)
  region size 1024K, 3 young (3072K), 3 survivors (3072K)
 Metaspace       used 13376K, capacity 13963K, committed 14080K, reserved 1060864K
  class space    used 1464K, capacity 1679K, committed 1792K, reserved 1048576K
}
Event: 4.492 GC heap before
{Heap before GC invocations=3 (full 0):
 garbage-first heap   total 131072K, used 82943K [0x0000000081e00000, 0x0000000100000000)
  region size 1024K, 76 young (77824K), 3 survivors (3072K)
 Metaspace       used 14192K, capacity 14800K, committed 14848K, reserved 1062912K
  class space    used 1539K, capacity 1785K, committed 1792K, reserved 1048576K
}
Event: 4.499 GC heap after
{Heap after GC invocations=4 (full 0):
 garbage-first heap   total 131072K, used 9836K [0x0000000081e00000, 0x0000000100000000)
  region size 1024K, 4 young (4096K), 4 survivors (4096K)
 Metaspace       used 14192K, capacity 14800K, committed 14848K, reserved 1062912K
  class space    used 1539K, capacity 1785K, committed 1792K, reserved 1048576K
}

Deoptimization events (20 events):
Event: 12.620 Thread 0x00000286b1f12800 Uncommon trap: trap_request=0xffffff45 fr.pc=0x00000286a1dee9b8 relative=0x00000000000007f8
Event: 12.620 Thread 0x00000286b1f12800 Uncommon trap: reason=unstable_if action=reinterpret pc=0x00000286a1dee9b8 method=com.sun.org.apache.xerces.internal.impl.XMLEntityScanner.scanContent(Lcom/sun/org/apache/xerces/internal/xni/XMLString;)I @ 670 c2
Event: 12.620 Thread 0x00000286b1f12800 DEOPT PACKING pc=0x00000286a1dee9b8 sp=0x000000f6eacfde10
Event: 12.620 Thread 0x00000286b1f12800 DEOPT UNPACKING pc=0x000002869a26912f sp=0x000000f6eacfddb0 mode 2
Event: 12.685 Thread 0x00000286b1f12800 DEOPT PACKING pc=0x000002869adb2bde sp=0x000000f6eacfcd50
Event: 12.685 Thread 0x00000286b1f12800 DEOPT UNPACKING pc=0x000002869a26964e sp=0x000000f6eacfc208 mode 0
Event: 15.283 Thread 0x00000286b1f14000 Uncommon trap: trap_request=0xffffff45 fr.pc=0x00000286a1d64488 relative=0x0000000000000de8
Event: 15.283 Thread 0x00000286b1f14000 Uncommon trap: reason=unstable_if action=reinterpret pc=0x00000286a1d64488 method=java.util.concurrent.ConcurrentHashMap.putVal(Ljava/lang/Object;Ljava/lang/Object;Z)Ljava/lang/Object; @ 97 c2
Event: 15.283 Thread 0x00000286b1f14000 DEOPT PACKING pc=0x00000286a1d64488 sp=0x000000f6eaffddd0
Event: 15.283 Thread 0x00000286b1f14000 DEOPT UNPACKING pc=0x000002869a26912f sp=0x000000f6eaffdd78 mode 2
Event: 20.861 Thread 0x00000286b1f15000 DEOPT PACKING pc=0x000002869acfe6a8 sp=0x000000f6eaef7600
Event: 20.861 Thread 0x00000286b1f15000 DEOPT UNPACKING pc=0x000002869a26964e sp=0x000000f6eaef6b10 mode 0
Event: 20.887 Thread 0x00000286b1f15000 Uncommon trap: trap_request=0xffffffc6 fr.pc=0x00000286a1e68448 relative=0x0000000000000be8
Event: 20.887 Thread 0x00000286b1f15000 Uncommon trap: reason=bimorphic_or_optimized_type_check action=maybe_recompile pc=0x00000286a1e68448 method=java.util.HashMap.putVal(ILjava/lang/Object;Ljava/lang/Object;ZZ)Ljava/lang/Object; @ 203 c2
Event: 20.887 Thread 0x00000286b1f15000 DEOPT PACKING pc=0x00000286a1e68448 sp=0x000000f6eaefd650
Event: 20.887 Thread 0x00000286b1f15000 DEOPT UNPACKING pc=0x000002869a26912f sp=0x000000f6eaefd570 mode 2
Event: 20.887 Thread 0x00000286b1f15000 Uncommon trap: trap_request=0xffffffc6 fr.pc=0x00000286a1e68448 relative=0x0000000000000be8
Event: 20.887 Thread 0x00000286b1f15000 Uncommon trap: reason=bimorphic_or_optimized_type_check action=maybe_recompile pc=0x00000286a1e68448 method=java.util.HashMap.putVal(ILjava/lang/Object;Ljava/lang/Object;ZZ)Ljava/lang/Object; @ 203 c2
Event: 20.887 Thread 0x00000286b1f15000 DEOPT PACKING pc=0x00000286a1e68448 sp=0x000000f6eaefd650
Event: 20.887 Thread 0x00000286b1f15000 DEOPT UNPACKING pc=0x000002869a26912f sp=0x000000f6eaefd570 mode 2

Classes unloaded (0 events):
No events

Classes redefined (0 events):
No events

Internal exceptions (20 events):
Event: 5.437 Thread 0x00000286b15f5000 Exception <a 'java/lang/ClassNotFoundException'{0x00000000868d74f8}: javax/smartcardio/CardPermission> (0x00000000868d74f8) 
thrown [./open/src/hotspot/share/classfile/systemDictionary.cpp, line 226]
Event: 5.445 Thread 0x00000286b15f5000 Exception <a 'java/io/FileNotFoundException'{0x00000000868e5d30}> (0x00000000868e5d30) 
thrown [./open/src/hotspot/share/prims/jni.cpp, line 599]
Event: 5.704 Thread 0x00000286b15f5000 Exception <a 'java/io/FileNotFoundException'{0x00000000866b0610}> (0x00000000866b0610) 
thrown [./open/src/hotspot/share/prims/jni.cpp, line 599]
Event: 5.753 Thread 0x00000286b15f5000 Implicit null exception at 0x000002869aa99617 to 0x000002869aa9b582
Event: 5.753 Thread 0x00000286b15f5000 Exception <a 'java/lang/NullPointerException'{0x000000008659b5a0}> (0x000000008659b5a0) 
thrown [./open/src/hotspot/share/runtime/sharedRuntime.cpp, line 584]
Event: 5.753 Thread 0x00000286b15f5000 Implicit null exception at 0x000002869aa99617 to 0x000002869aa9b582
Event: 5.753 Thread 0x00000286b15f5000 Exception <a 'java/lang/NullPointerException'{0x000000008659bdc0}> (0x000000008659bdc0) 
thrown [./open/src/hotspot/share/runtime/sharedRuntime.cpp, line 584]
Event: 12.582 Thread 0x00000286b1f12800 Exception <a 'java/io/FileNotFoundException'{0x00000000863178f0}> (0x00000000863178f0) 
thrown [./open/src/hotspot/share/prims/jni.cpp, line 599]
Event: 12.615 Thread 0x00000286b1f12800 Exception <a 'java/io/FileNotFoundException'{0x00000000863b6350}> (0x00000000863b6350) 
thrown [./open/src/hotspot/share/prims/jni.cpp, line 599]
Event: 12.674 Thread 0x00000286b1f12800 Exception <a 'java/io/FileNotFoundException'{0x000000008615bb60}> (0x000000008615bb60) 
thrown [./open/src/hotspot/share/prims/jni.cpp, line 599]
Event: 15.458 Thread 0x00000286b1f15000 Exception <a 'java/lang/NoSuchMethodError'{0x0000000085dc2e60}: 'void java.lang.invoke.DirectMethodHandle$Holder.invokeStatic(java.lang.Object, long)'> (0x0000000085dc2e60) 
thrown [./open/src/hotspot/share/interpreter/linkResolver.cpp, line 766]
Event: 15.461 Thread 0x00000286b1f15000 Exception <a 'java/lang/NoSuchMethodError'{0x0000000085dca3c0}: 'java.lang.Object java.lang.invoke.DirectMethodHandle$Holder.invokeStatic(java.lang.Object, java.lang.Object, long, java.lang.Object)'> (0x0000000085dca3c0) 
thrown [./open/src/hotspot/share/interpreter/linkResolver.cpp, line 766]
Event: 15.461 Thread 0x00000286b1f15000 Exception <a 'java/lang/NoSuchMethodError'{0x0000000085dcd358}: 'java.lang.Object java.lang.invoke.DirectMethodHandle$Holder.invokeStaticInit(java.lang.Object, java.lang.Object, long, java.lang.Object)'> (0x0000000085dcd358) 
thrown [./open/src/hotspot/share/interpreter/linkResolver.cpp, line 766]
Event: 20.484 Thread 0x00000286b1f15000 Exception <a 'java/lang/ClassNotFoundException'{0x0000000085ddb0f0}: sun/awt/resources/spi/awtProvider> (0x0000000085ddb0f0) 
thrown [./open/src/hotspot/share/classfile/systemDictionary.cpp, line 226]
Event: 20.495 Thread 0x00000286b1f15000 Exception <a 'java/io/FileNotFoundException'{0x0000000085dde8d8}> (0x0000000085dde8d8) 
thrown [./open/src/hotspot/share/prims/jni.cpp, line 599]
Event: 20.495 Thread 0x00000286b1f15000 Exception <a 'java/io/FileNotFoundException'{0x0000000085de07d0}> (0x0000000085de07d0) 
thrown [./open/src/hotspot/share/prims/jni.cpp, line 599]
Event: 20.795 Thread 0x00000286b1f15000 Exception <a 'java/lang/NoSuchMethodError'{0x0000000085a5bea0}: 'int java.lang.invoke.DirectMethodHandle$Holder.invokeStaticInit(java.lang.Object, java.lang.Object, java.lang.Object, java.lang.Object)'> (0x0000000085a5bea0) 
thrown [./open/src/hotspot/share/interpreter/linkResolver.cpp, line 766]
Event: 20.796 Thread 0x00000286b1f15000 Exception <a 'java/lang/IncompatibleClassChangeError'{0x0000000085a64150}: Found class java.lang.Object, but interface was expected> (0x0000000085a64150) 
thrown [./open/src/hotspot/share/interpreter/linkResolver.cpp, line 832]
Event: 20.797 Thread 0x00000286b1f15000 Exception <a 'java/lang/NoSuchMethodError'{0x0000000085a66ce8}: 'void java.lang.invoke.DirectMethodHandle$Holder.invokeStaticInit(java.lang.Object, java.lang.Object)'> (0x0000000085a66ce8) 
thrown [./open/src/hotspot/share/interpreter/linkResolver.cpp, line 766]
Event: 20.798 Thread 0x00000286b1f15000 Exception <a 'java/lang/NoSuchMethodError'{0x0000000085a6b9c8}: 'int java.lang.invoke.DirectMethodHandle$Holder.invokeStaticInit(java.lang.Object, java.lang.Object)'> (0x0000000085a6b9c8) 
thrown [./open/src/hotspot/share/interpreter/linkResolver.cpp, line 766]

Events (20 events):
Event: 21.416 loading class sun/java2d/loops/GraphicsPrimitiveProxy
Event: 21.416 loading class sun/java2d/loops/GraphicsPrimitiveProxy done
Event: 21.416 loading class sun/java2d/loops/GeneralRenderer
Event: 21.416 loading class sun/java2d/loops/GeneralRenderer done
Event: 21.417 loading class sun/java2d/loops/GraphicsPrimitiveMgr$1
Event: 21.417 loading class sun/java2d/loops/GraphicsPrimitiveMgr$1 done
Event: 21.417 loading class sun/java2d/loops/GraphicsPrimitiveMgr$2
Event: 21.418 loading class sun/java2d/loops/GraphicsPrimitiveMgr$2 done
Event: 21.418 loading class sun/java2d/loops/GraphicsPrimitiveMgr$PrimitiveSpec
Event: 21.418 loading class sun/java2d/loops/GraphicsPrimitiveMgr$PrimitiveSpec done
Event: 21.420 loading class sun/awt/image/BufferedImageGraphicsConfig
Event: 21.421 loading class sun/awt/image/BufferedImageGraphicsConfig done
Event: 21.421 loading class sun/awt/image/BufferedImageDevice
Event: 21.421 loading class sun/awt/image/BufferedImageDevice done
Event: 21.421 loading class java/awt/image/MultiResolutionImage
Event: 21.421 loading class java/awt/image/MultiResolutionImage done
Event: 21.421 loading class sun/awt/image/ToolkitImage
Event: 21.421 loading class sun/awt/image/ToolkitImage done
Event: 21.428 loading class java/lang/StrictMath
Event: 21.428 loading class java/lang/StrictMath done


Dynamic libraries:
0x00007ff631d60000 - 0x00007ff631d6f000 	C:\Program Files\Java\jdk-14.0.1\bin\java.exe
0x00007fffa9810000 - 0x00007fffa9a06000 	C:\Windows\SYSTEM32\ntdll.dll
0x00007fffa9710000 - 0x00007fffa97cd000 	C:\Windows\System32\KERNEL32.DLL
0x00007fffa74c0000 - 0x00007fffa7788000 	C:\Windows\System32\KERNELBASE.dll
0x00007fffa7010000 - 0x00007fffa7110000 	C:\Windows\System32\ucrtbase.dll
0x00007fff9f480000 - 0x00007fff9f495000 	C:\Program Files\Java\jdk-14.0.1\bin\VCRUNTIME140.dll
0x00007fffa2b10000 - 0x00007fffa2b28000 	C:\Program Files\Java\jdk-14.0.1\bin\jli.dll
0x00007fffa9580000 - 0x00007fffa962a000 	C:\Windows\System32\ADVAPI32.dll
0x00007fffa91f0000 - 0x00007fffa928e000 	C:\Windows\System32\msvcrt.dll
0x00007fffa94e0000 - 0x00007fffa957b000 	C:\Windows\System32\sechost.dll
0x00007fffa8380000 - 0x00007fffa84a4000 	C:\Windows\System32\RPCRT4.dll
0x00007fffa7e60000 - 0x00007fffa8000000 	C:\Windows\System32\USER32.dll
0x00007fffa7110000 - 0x00007fffa7132000 	C:\Windows\System32\win32u.dll
0x00007fffa7cf0000 - 0x00007fffa7d1a000 	C:\Windows\System32\GDI32.dll
0x00007fffa73b0000 - 0x00007fffa74b9000 	C:\Windows\System32\gdi32full.dll
0x00007fffa7790000 - 0x00007fffa782d000 	C:\Windows\System32\msvcp_win.dll
0x00007fff92fa0000 - 0x00007fff9323b000 	C:\Windows\WinSxS\amd64_microsoft.windows.common-controls_6595b64144ccf1df_6.0.19041.488_none_ca04af081b815d21\COMCTL32.dll
0x00007fff9f4a0000 - 0x00007fff9f4aa000 	C:\Windows\SYSTEM32\VERSION.dll
0x00007fffa96e0000 - 0x00007fffa9710000 	C:\Windows\System32\IMM32.DLL
0x00007fff79820000 - 0x00007fff798bb000 	C:\Program Files\Java\jdk-14.0.1\bin\msvcp140.dll
0x00007fff4c9d0000 - 0x00007fff4d4ee000 	C:\Program Files\Java\jdk-14.0.1\bin\server\jvm.dll
0x00007fffa7d20000 - 0x00007fffa7d28000 	C:\Windows\System32\PSAPI.DLL
0x00007fff97900000 - 0x00007fff97909000 	C:\Windows\SYSTEM32\WSOCK32.dll
0x00007fff98960000 - 0x00007fff98987000 	C:\Windows\SYSTEM32\WINMM.dll
0x00007fffa82f0000 - 0x00007fffa835b000 	C:\Windows\System32\WS2_32.dll
0x00007fffa4e70000 - 0x00007fffa4e82000 	C:\Windows\SYSTEM32\kernel.appcore.dll
0x00007fff9f470000 - 0x00007fff9f47a000 	C:\Program Files\Java\jdk-14.0.1\bin\jimage.dll
0x00007fff96220000 - 0x00007fff96404000 	C:\Windows\SYSTEM32\DBGHELP.DLL
0x00007fff961f0000 - 0x00007fff9621c000 	C:\Windows\SYSTEM32\dbgcore.DLL
0x00007fffa72d0000 - 0x00007fffa734f000 	C:\Windows\System32\bcryptPrimitives.dll
0x00007fff9f440000 - 0x00007fff9f465000 	C:\Program Files\Java\jdk-14.0.1\bin\java.dll
0x00007fff98910000 - 0x00007fff98926000 	C:\Program Files\Java\jdk-14.0.1\bin\zip.dll
0x00007fffa8ab0000 - 0x00007fffa91f0000 	C:\Windows\System32\SHELL32.dll
0x00007fffa5070000 - 0x00007fffa5804000 	C:\Windows\SYSTEM32\windows.storage.dll
0x00007fffa8750000 - 0x00007fffa8aa5000 	C:\Windows\System32\combase.dll
0x00007fffa6960000 - 0x00007fffa698c000 	C:\Windows\SYSTEM32\Wldp.dll
0x00007fffa9290000 - 0x00007fffa933e000 	C:\Windows\System32\SHCORE.dll
0x00007fffa9420000 - 0x00007fffa9475000 	C:\Windows\System32\shlwapi.dll
0x00007fffa6e90000 - 0x00007fffa6eb6000 	C:\Windows\SYSTEM32\profapi.dll
0x00007fff988f0000 - 0x00007fff98909000 	C:\Program Files\Java\jdk-14.0.1\bin\net.dll
0x00007fff994a0000 - 0x00007fff995a0000 	C:\Windows\SYSTEM32\WINHTTP.dll
0x00007fffa6660000 - 0x00007fffa66ca000 	C:\Windows\system32\mswsock.dll
0x00007fff98890000 - 0x00007fff988a2000 	C:\Program Files\Java\jdk-14.0.1\bin\nio.dll
0x00007fff97800000 - 0x00007fff97809000 	C:\Program Files\Java\jdk-14.0.1\bin\management_agent.dll
0x00007fff988e0000 - 0x00007fff988e9000 	C:\Program Files\Java\jdk-14.0.1\bin\management.dll
0x00007fff98880000 - 0x00007fff9888b000 	C:\Program Files\Java\jdk-14.0.1\bin\management_ext.dll
0x00007fff7a3a0000 - 0x00007fff7a3b7000 	C:\Windows\system32\napinsp.dll
0x00007fff61fa0000 - 0x00007fff61fbb000 	C:\Windows\system32\pnrpnsp.dll
0x00007fff78ca0000 - 0x00007fff78cb5000 	C:\Windows\system32\wshbth.dll
0x00007fffa29f0000 - 0x00007fffa2a0d000 	C:\Windows\system32\NLAapi.dll
0x00007fffa6340000 - 0x00007fffa637b000 	C:\Windows\SYSTEM32\IPHLPAPI.DLL
0x00007fffa6380000 - 0x00007fffa644b000 	C:\Windows\SYSTEM32\DNSAPI.dll
0x00007fffa8530000 - 0x00007fffa8539000 	C:\Windows\System32\NSI.dll
0x00007fff61f80000 - 0x00007fff61f92000 	C:\Windows\System32\winrnr.dll
0x00007fff99480000 - 0x00007fff9948a000 	C:\Windows\System32\rasadhlp.dll
0x00007fff99020000 - 0x00007fff9909f000 	C:\Windows\System32\fwpuclnt.dll
0x00007fffa7140000 - 0x00007fffa7167000 	C:\Windows\System32\bcrypt.dll
0x00007fffa68c0000 - 0x00007fffa68d8000 	C:\Windows\SYSTEM32\CRYPTSP.dll
0x00007fffa5fd0000 - 0x00007fffa6004000 	C:\Windows\system32\rsaenh.dll
0x00007fffa6e50000 - 0x00007fffa6e7e000 	C:\Windows\SYSTEM32\USERENV.dll
0x00007fffa68b0000 - 0x00007fffa68bc000 	C:\Windows\SYSTEM32\CRYPTBASE.dll
0x00007fff9f530000 - 0x00007fff9f547000 	C:\Windows\SYSTEM32\dhcpcsvc6.DLL
0x00007fff9f4b0000 - 0x00007fff9f4cd000 	C:\Windows\SYSTEM32\dhcpcsvc.DLL
0x0000000180000000 - 0x0000000180285000 	C:\tomcat\bin\tcnative-1.dll
0x00007fffa7170000 - 0x00007fffa72cd000 	C:\Windows\System32\CRYPT32.dll
0x00007fff9f430000 - 0x00007fff9f440000 	C:\Program Files\Java\jdk-14.0.1\bin\verify.dll
0x00007fff5de70000 - 0x00007fff5e008000 	C:\Program Files\Java\jdk-14.0.1\bin\awt.dll
0x00007fffa8130000 - 0x00007fffa81fd000 	C:\Windows\System32\OLEAUT32.dll
0x00007fffa4820000 - 0x00007fffa48b0000 	C:\Windows\SYSTEM32\apphelp.dll
0x00007fffa4b80000 - 0x00007fffa4baf000 	C:\Windows\system32\DWMAPI.DLL
0x00007fffa49b0000 - 0x00007fffa4a4f000 	C:\Windows\system32\uxtheme.dll
0x00007fff88af0000 - 0x00007fff88c15000 	C:\Windows\system32\opengl32.dll
0x00007fff89430000 - 0x00007fff8945c000 	C:\Windows\SYSTEM32\GLU32.dll
0x00007fffa7d40000 - 0x00007fffa7e55000 	C:\Windows\System32\MSCTF.dll
0x00007fffa8000000 - 0x00007fffa812a000 	C:\Windows\System32\ole32.dll
0x00000286919e0000 - 0x0000028691a17000 	C:\tomcat\temp\jna10946283676919821761.dll
0x00007fff30500000 - 0x00007fff307bd000 	C:\tomcat\temp\tess4j\win32-x86-64\libtesseract411.dll
0x00007fffa2b30000 - 0x00007fffa2b3c000 	C:\Windows\SYSTEM32\VCRUNTIME140_1.dll
0x00007fff30120000 - 0x00007fff304f8000 	C:\tomcat\temp\tess4j\win32-x86-64\liblept1790.dll

dbghelp: loaded successfully - version: 4.0.5 - missing functions: none
symbol engine: initialized successfully - sym options: 0x614 - pdb path: .;C:\Program Files\Java\jdk-14.0.1\bin;C:\Windows\SYSTEM32;C:\Windows\WinSxS\amd64_microsoft.windows.common-controls_6595b64144ccf1df_6.0.19041.488_none_ca04af081b815d21;C:\Program Files\Java\jdk-14.0.1\bin\server;C:\tomcat\bin;C:\tomcat\temp;C:\tomcat\temp\tess4j\win32-x86-64

VM Arguments:
jvm_args: --add-opens=java.base/java.lang=ALL-UNNAMED --add-opens=java.base/java.io=ALL-UNNAMED --add-opens=java.rmi/sun.rmi.transport=ALL-UNNAMED -Djava.util.logging.config.file=C:\Users\danie\AppData\Local\JetBrains\IntelliJIdea2020.1\tomcat\Tomcat_9_0_39_SL-P3-MSDOS-WEB\conf\logging.properties -Djava.util.logging.manager=org.apache.juli.ClassLoaderLogManager -Dcom.sun.management.jmxremote= -Dcom.sun.management.jmxremote.port=1099 -Dcom.sun.management.jmxremote.ssl=false -Dcom.sun.management.jmxremote.password.file=C:\Users\danie\AppData\Local\JetBrains\IntelliJIdea2020.1\tomcat\Tomcat_9_0_39_SL-P3-MSDOS-WEB\jmxremote.password -Dcom.sun.management.jmxremote.access.file=C:\Users\danie\AppData\Local\JetBrains\IntelliJIdea2020.1\tomcat\Tomcat_9_0_39_SL-P3-MSDOS-WEB\jmxremote.access -Djava.rmi.server.hostname=127.0.0.1 -Djdk.tls.ephemeralDHKeySize=2048 -Djava.protocol.handler.pkgs=org.apache.catalina.webresources -Dignore.endorsed.dirs= -Dcatalina.base=C:\Users\danie\AppData\Local\JetBrains\IntelliJIdea2020.1\tomcat\Tomcat_9_0_39_SL-P3-MSDOS-WEB -Dcatalina.home=C:\tomcat -Djava.io.tmpdir=C:\tomcat\temp 
java_command: org.apache.catalina.startup.Bootstrap start
java_class_path (initial): C:\tomcat\bin\bootstrap.jar;C:\tomcat\bin\tomcat-juli.jar
Launcher Type: SUN_STANDARD

[Global flags]
     intx CICompilerCount                          = 3                                         {product} {ergonomic}
     uint ConcGCThreads                            = 1                                         {product} {ergonomic}
     uint G1ConcRefinementThreads                  = 4                                         {product} {ergonomic}
   size_t G1HeapRegionSize                         = 1048576                                   {product} {ergonomic}
    uintx GCDrainStackTargetSize                   = 64                                        {product} {ergonomic}
   size_t InitialHeapSize                          = 134217728                                 {product} {ergonomic}
     bool ManagementServer                         = true                                      {product} {command line}
   size_t MarkStackSize                            = 4194304                                   {product} {ergonomic}
   size_t MaxHeapSize                              = 2116026368                                {product} {ergonomic}
   size_t MaxNewSize                               = 1268776960                                {product} {ergonomic}
   size_t MinHeapDeltaBytes                        = 1048576                                   {product} {ergonomic}
   size_t MinHeapSize                              = 8388608                                   {product} {ergonomic}
    uintx NonNMethodCodeHeapSize                   = 5832780                                {pd product} {ergonomic}
    uintx NonProfiledCodeHeapSize                  = 122912730                              {pd product} {ergonomic}
    uintx ProfiledCodeHeapSize                     = 122912730                              {pd product} {ergonomic}
    uintx ReservedCodeCacheSize                    = 251658240                              {pd product} {ergonomic}
     bool SegmentedCodeCache                       = true                                      {product} {ergonomic}
   size_t SoftMaxHeapSize                          = 2116026368                             {manageable} {ergonomic}
     bool UseCompressedClassPointers               = true                                 {lp64_product} {ergonomic}
     bool UseCompressedOops                        = true                                 {lp64_product} {ergonomic}
     bool UseG1GC                                  = true                                      {product} {ergonomic}
     bool UseLargePagesIndividualAllocation        = false                                  {pd product} {ergonomic}

Logging:
Log output configuration:
 #0: stdout all=warning uptime,level,tags
 #1: stderr all=off uptime,level,tags

Environment Variables:
JAVA_HOME=C:\Program Files\Java\jdk-14.0.1
JRE_HOME=C:\Program Files\Java\jdk-14.0.1
CLASSPATH=C:\tomcat\bin\bootstrap.jar;C:\tomcat\bin\tomcat-juli.jar
PATH=C:\Program Files (x86)\VMware\VMware Player\bin\;C:\Windows\system32;C:\Windows;C:\Windows\System32\Wbem;C:\Windows\System32\WindowsPowerShell\v1.0\;C:\Windows\System32\OpenSSH\;C:\Program Files\Git\cmd;C:\Users\danie\AppData\Local\Microsoft\WindowsApps;C:\Program Files\JetBrains\IntelliJ IDEA 2020.1.2\bin;C:\adb;C:\Program Files\erl10.3\bin;C:\Program Files (x86)\Elixir\bin;C:\Users\danie\.mix\escripts;C:\Program Files\PuTTY\;C:\Program Files\nodejs\;C:\Program Files\Java\jdk-14.0.1\bin;;C:\Program Files\Docker\Docker\resources\bin;C:\ProgramData\DockerDesktop\version-bin;C:\Users\danie\AppData\Local\Microsoft\WindowsApps;C:\Program Files\JetBrains\IntelliJ IDEA 2020.1.2\bin;;C:\Users\danie\AppData\Roaming\npm;C:\Users\danie\AppData\Local\Programs\Microsoft VS Code\bin;C:\Program Files\Java\jdk-14.0.1\bin;
USERNAME=danie
OS=Windows_NT
PROCESSOR_IDENTIFIER=Intel64 Family 6 Model 78 Stepping 3, GenuineIntel



---------------  S Y S T E M  ---------------

OS: Windows 10 , 64 bit Build 19041 (10.0.19041.546)
OS uptime: 0 days 3:03 hours
HyperV virtualization detected

CPU:total 4 (initial active 4) (2 cores per cpu, 2 threads per core) family 6 model 78 stepping 3, cmov, cx8, fxsr, mmx, sse, sse2, sse3, ssse3, sse4.1, sse4.2, popcnt, avx, avx2, aes, clmul, erms, 3dnowpref, lzcnt, ht, tsc, tscinvbit, bmi1, bmi2, adx, fma

Memory: 4k page, system-wide physical 8065M (1288M free)
TotalPageFile size 12417M (AvailPageFile size 2748M)
current process WorkingSet (physical memory assigned to process): 185M, peak: 192M
current process commit charge ("private bytes"): 246M, peak: 265M

vm_info: Java HotSpot(TM) 64-Bit Server VM (14.0.1+7) for windows-amd64 JRE (14.0.1+7), built on Mar  5 2020 10:30:14 by "mach5one" with MS VC++ 15.9 (VS2017)

END.
